# 
# Steps log generated by v++
# This log file contains a collection of steps that describe the kernel compilation flow
# Note: Some steps are tagged as internal, these steps are for debugging purposes and 
#       are not expected to be able to run independently.
# 

# The following environment variables are set when running vitis-run
Environment variables :
------------------------------------------
ALLUSERSPROFILE=C:\ProgramData
APPDATA=C:\Users\shrey\AppData\Roaming
args_for_classic=  = 
args_for_source=  = 
arr.length=2
arr.Ubound=1
arr[0]= =
CHARPOP=1
CommonProgramFiles=C:\Program Files\Common Files
CommonProgramFiles(x86)=C:\Program Files (x86)\Common Files
CommonProgramW6432=C:\Program Files\Common Files
COMPUTERNAME=MAGNUS
ComSpec=C:\windows\system32\cmd.exe
DriverData=C:\Windows\System32\Drivers\DriverData
EFC_11156=1
HDI_APPROOT=C:/Xilinx/Vitis/2023.2
HDI_PROCESSOR=i686
HOMEDRIVE=C:
HOMEPATH=\Users\shrey
IDE_SKIP_SERVER_LICENSE=1
IGCCSVC_DB=AQAAANCMnd8BFdERjHoAwE/Cl+sBAAAAceeR/dzOgkehcDm2HE2rnwQAAAACAAAAAAAQZgAAAAEAACAAAACu/T1OkudBgSPo3an2tviZe2aAsTRU+JbV3wXyIDgpLAAAAAAOgAAAAAIAACAAAACzR4RK2RUChC7+lieXJ392sApecRxSTZQ26W1CZyoPHGAAAABOUTJq2n0K99M0YDoRLZ3t1n7DsRiXObhlV1z0G1beLZkwpCqyERjq1BojOd0ZTH1lOPQp+jiwRxyAypq5hYFya4TVm1JFJtCNTNff7eqCGRPi3xBrfTP52NyDUfVSPLBAAAAAqcCUyebLYemnhLDKSHV+A0KBXQ1BbF3nLDJFzVobwvdz3osx77XaQlT9TSozOnMBJui8N4dNsICaNEjqbZrDPA==
INT_VARIABLE_NAME=XILINX_PATH
ISL_IOSTREAMS_RSA=C:/Xilinx/Vitis/2023.2/tps/isl
JAVA_EXE=C:/Xilinx\Vitis\2023.2\tps\win64\jre11.0.16_1\bin\java.exe
JAVA_HOME=C:/Xilinx\Vitis\2023.2\tps\win64\jre11.0.16_1
LC_NUMERIC=C
LOCALAPPDATA=C:\Users\shrey\AppData\Local
LOGONSERVER=\\MAGNUS
LOPPER_DTC_FLAGS=-b 0 -@
NOSPLASH=false
NUMBER_OF_PROCESSORS=12
OneDrive=C:\Users\shrey\OneDrive
OneDriveConsumer=C:\Users\shrey\OneDrive
OnlineServices=Online Services
ORIGINAL_XDG_CURRENT_DESKTOP=undefined
OS=Windows_NT
PATH=C:/Xilinx/Vivado/2023.2/tps/win64/binutils-2.26/bin;C:/Xilinx/Vitis/2023.2/bin/../gnu/aarch64/nt/aarch64-linux/bin;C:/Xilinx/Vitis/2023.2/bin/../gnu/ppc64le/4.9.3/win64/bin;C:/Xilinx/Vitis/2023.2/bin/../gnu/aarch32/nt/gcc-arm-linux-gnueabi/bin;C:/Xilinx\Vitis_HLS\2023.2/tps/mingw/6.2.0/win64.o/nt/bin;C:/Xilinx/Vivado/2023.2\gnuwin\bin;C:/Xilinx/Vivado/2023.2\gnu\microblaze\nt\bin;C:/Xilinx/Vitis/2023.2/bin;C:/Xilinx/Vitis/2023.2/tps/win64/java-cef-95.0.4638.69/bin/lib/win64;C:/Xilinx/Vitis/2023.2/tps/win64/javafx-sdk-11.0.2/lib;C:/Xilinx/Vitis/2023.2/tps/win64/javafx-sdk-11.0.2/bin;C:/Xilinx/Vitis/2023.2/lib/win64.o;C:/Xilinx/Vitis/2023.2/tps/win64/jre11.0.16_1/bin/server;C:/Xilinx/Vitis/2023.2/tps/win64/jre11.0.16_1/bin;C:\Xilinx\Vitis\2023.2\tps\win64\LOPPER~1.0-P\min_sdk\\usr\bin;C:/Xilinx\Vitis\2023.2\tps\win64\cmake-3.24.2\bin;C:/Xilinx\Vitis\2023.2\gnu\microblaze\nt\bin;C:/Xilinx\Vitis\2023.2\gnu\microblaze\linux_toolchain\nt64_le\bin;C:/Xilinx\Vitis\2023.2\gnu\aarch32\nt\gcc-arm-linux-gnueabi\bin;C:/Xilinx\Vitis\2023.2\gnu\aarch32\nt\gcc-arm-none-eabi\bin;C:/Xilinx\Vitis\2023.2\gnu\aarch64\nt\aarch64-linux\bin;C:/Xilinx\Vitis\2023.2\gnu\aarch64\nt\aarch64-none\bin;C:/Xilinx\Vitis\2023.2\gnu\armr5\nt\gcc-arm-none-eabi\bin;C:/Xilinx\Vitis\2023.2\gnuwin\bin;C:/Xilinx\Vitis\2023.2\tps\win64\python-3.8.3;C:/Xilinx\Vitis\2023.2\tps\win64\libxslt\bin;C:/Xilinx/Vivado/2023.2\bin;C:/Xilinx/Vitis/2023.2\gnu\arm\nt\bin;C:/Xilinx/Vitis/2023.2\gnu\microblaze\linux_toolchain\nt64_be\bin;C:/Xilinx/Vitis/2023.2\tps\win64\git-2.16.2\bin;C:/Xilinx/Vitis/2023.2\win64\tools\clang\bin;C:/Xilinx\Vitis_HLS\2023.2\bin;C:\windows\system32;C:\windows;C:\windows\System32\Wbem;C:\windows\System32\WindowsPowerShell\v1.0\;C:\windows\System32\OpenSSH\;C:\Program Files\Microsoft VS Code\bin;C:\Program Files\Cloudflare\Cloudflare WARP\;C:\Program Files\dotnet\;C:\Users\shrey\AppData\Local\Microsoft\WindowsApps;;C:/Xilinx/Vitis/2023.2\tps\mingw\6.2.0\win64.o\nt\bin;C:/Xilinx/Vitis/2023.2\tps\mingw\6.2.0\win64.o\nt\libexec\gcc\x86_64-w64-mingw32\6.2.0
PATHEXT=.COM;.EXE;.BAT;.CMD;.VBS;.VBE;.JS;.JSE;.WSF;.WSH;.MSC
platformcode=M8
PROCESSOR_ARCHITECTURE=AMD64
PROCESSOR_IDENTIFIER=Intel64 Family 6 Model 186 Stepping 3, GenuineIntel
PROCESSOR_LEVEL=6
PROCESSOR_REVISION=ba03
PRODVERSION_EXE=C:/Xilinx/Vitis/2023.2/bin/unwrapped/win64.o/prodversion.exe
ProgramData=C:\ProgramData
ProgramFiles=C:\Program Files
ProgramFiles(x86)=C:\Program Files (x86)
ProgramW6432=C:\Program Files
PROMPT=$P$G
PSModulePath=C:\Program Files\WindowsPowerShell\Modules;C:\windows\system32\WindowsPowerShell\v1.0\Modules
PUBLIC=C:\Users\Public
PYTHONPATH=;C:/Xilinx/Vitis/2023.2\cli;C:/Xilinx/Vitis/2023.2\cli\python-packages\win64;C:/Xilinx/Vitis/2023.2\cli\python-packages\site-packages;C:/Xilinx/Vitis/2023.2\cli\proto;C:/Xilinx/Vitis/2023.2\scripts\python_pkg;
python_path=;C:/Xilinx/Vitis/2023.2\cli;C:/Xilinx/Vitis/2023.2\cli\python-packages\win64;C:/Xilinx/Vitis/2023.2\cli\python-packages\site-packages;C:/Xilinx/Vitis/2023.2\cli\proto;C:/Xilinx/Vitis/2023.2\scripts\python_pkg;
RDI_APPROOT=C:/Xilinx/Vitis/2023.2
RDI_ARGS= --mode hls --csim --config C:\hls_projects\compress\hls_config.cfg --work_dir compress
RDI_ARGS_FUNCTION=RDI_EXEC_DEFAULT
RDI_BASEROOT=C:/Xilinx/Vitis
RDI_BINDIR=C:/Xilinx/Vitis/2023.2/bin
RDI_BINROOT=C:/Xilinx/Vitis/2023.2/bin
RDI_BUILD=yes
RDI_CHECK_PROG=True
RDI_DATADIR=C:/Xilinx/SharedData/2023.2/data;C:/Xilinx/Vitis/2023.2/data
RDI_INSTALLROOT=C:/Xilinx
RDI_INSTALLVER=2023.2
RDI_INSTALLVERSION=2023.2
RDI_JAVACEFROOT=C:/Xilinx/Vitis/2023.2/tps/win64/java-cef-95.0.4638.69
RDI_JAVAFXROOT=C:/Xilinx/Vitis/2023.2/tps/win64/javafx-sdk-11.0.2
RDI_JAVAROOT=C:/Xilinx/Vitis/2023.2/tps/win64/jre11.0.16_1
RDI_JAVA_VERSION=11.0.16_1
RDI_LIBDIR=C:/Xilinx/Vitis/2023.2/lib/win64.o
RDI_MINGW_LIB=C:/Xilinx/Vitis/2023.2\tps\mingw\6.2.0\win64.o\nt\bin;C:/Xilinx/Vitis/2023.2\tps\mingw\6.2.0\win64.o\nt\libexec\gcc\x86_64-w64-mingw32\6.2.0
RDI_OPT_EXT=.o
RDI_OS_ARCH=64
RDI_PLATFORM=win64
RDI_PREPEND_PATH=C:/Xilinx/Vitis/2023.2/bin
RDI_PROG=C:/Xilinx/Vitis/2023.2/bin/unwrapped/win64.o/vitis-run.exe
RDI_PROGNAME=vitis-run.exe
RDI_SESSION_INFO=C:\Xilinx\Vitis\2023.2\bin:MAGNUS-Wed03-06-2024_16-03-36.44
RDI_SHARED_DATA=C:/Xilinx/SharedData/2023.2/data
RDI_TPS_ROOT=C:/Xilinx/Vivado/2023.2/tps/win64
RDI_USE_JDK11=1
RDI_VERBOSE=False
RegionCode=APJ
RT_LIBPATH=C:/Xilinx/Vitis/2023.2/scripts/rt/data
RT_TCL_PATH=C:/Xilinx/Vitis/2023.2/scripts/rt/base_tcl/tcl
SDKROOT=C:\Xilinx\Vitis\2023.2\tps\win64\LOPPER~1.0-P\min_sdk\
SESSIONNAME=Console
session_string=C:\hls_projects\compress:MAGNUS-Wed03-06-2024_16-07-37.02
SHARED_DATA_HOME="C:/Xilinx/SharedData/2023.2"
SWIG_LIB=C:\Xilinx\Vitis\2023.2\tps\win64\LOPPER~1.0-P\min_sdk\\usr\lib\swig\4.0.2
SYNTH_COMMON=C:/Xilinx/Vitis/2023.2/scripts/rt/data
SystemDrive=C:
SystemRoot=C:\windows
TCL_LIBRARY=C:/Xilinx/Vitis/2023.2/tps/tcl/tcl8.5
TCMALLOC_LARGE_ALLOC_REPORT_THRESHOLD=4294967296
TEMP=C:\Users\shrey\AppData\Local\Temp
THEIA_APP_PROJECT_PATH=C:\Xilinx\Vitis\2023.2\ide\electron-app\win64\resources\app
THEIA_DEFAULT_PLUGINS=local-dir:C:\Xilinx\Vitis\2023.2\ide\electron-app\win64\resources\app\plugins
THEIA_ELECTRON_TOKEN={"value":"918a8636-c2be-4fce-9834-f4fca8d2a830"}
THEIA_ELECTRON_VERSION=15.5.7
THEIA_PLUGINS=local-dir:C:\Users\shrey\.theia\plugins
TMP=C:\Users\shrey\AppData\Local\Temp
USERDOMAIN=MAGNUS
USERDOMAIN_ROAMINGPROFILE=MAGNUS
USERNAME=shrey
USERPROFILE=C:\Users\shrey
val=""
VBOX_MSI_INSTALL_PATH=C:\Program Files\Oracle\VirtualBox\
VITISNEW=true
VSCODE_API_VERSION=1.53.2
windir=C:\windows
XILINX_HLS=C:/Xilinx\Vitis_HLS\2023.2
XILINX_PLANAHEAD=C:/Xilinx/Vitis/2023.2
XILINX_SDK=C:/Xilinx/Vitis/2023.2
XILINX_VERSION_DEFAULT=2023.2
XILINX_VERSION_VITIS=2023.2
XILINX_VITIS=C:/Xilinx\Vitis\2023.2
XILINX_VITIS_VERSION=Vitis v2023.2 (64-bit)
XILINX_VIVADO=C:/Xilinx/Vivado/2023.2
XILINX_VIVADO_HLS=C:/Xilinx/Vivado/2023.2
XIL_CHECK_TCL_DEBUG=False
XIL_NO_OVERRIDE=0
XIL_SUPPRESS_OVERRIDE_WARNINGS=1
XVREDIST=C:/Xilinx/Vitis/2023.2\tps\win64\xvcredist.exe
ZES_ENABLE_SYSMAN=1
_RDI_BINROOT=C:\Xilinx\Vitis\2023.2\bin
_RDI_CWD=C:\hls_projects\compress
_RDI_DONT_SET_XILINX_AS_PATH=True
_RDI_VERSION_PROG=vitis-run
_valid=False
XILINX_CD_CONNECT_ID=57081
XILINX_CD_SESSION=766849b5-7faa-44f0-bac8-8188354457e4


VITIS-RUN command line:
------------------------------------------
C:/Xilinx/Vitis/2023.2/bin/unwrapped/win64.o/vitis-run.exe --mode hls --csim --config C:\hls_projects\compress\hls_config.cfg --work_dir compress 

FINAL PROGRAM OPTIONS
--config C:\hls_projects\compress\hls_config.cfg
--csim
--hls.flow_target vivado
--hls.package.output.format ip_catalog
--hls.package.output.syn false
--hls.syn.file C:\hls_projects\compress\compress.cpp
--hls.syn.file C:\hls_projects\compress\compress.h
--hls.tb.file C:\hls_projects\compress\compress_test.cpp
--mode hls
--part xcvu9p-flga2104-2-i
--work_dir compress

PARSED COMMAND LINE OPTIONS
--mode hls 
--csim 
--config C:\hls_projects\compress\hls_config.cfg 
--work_dir compress 

PARSED CONFIG FILE (1) OPTIONS
file: C:\hls_projects\compress\hls_config.cfg
part xcvu9p-flga2104-2-i 
hls.flow_target vivado 
hls.package.output.format ip_catalog 
hls.package.output.syn false 
hls.syn.file C:\hls_projects\compress\compress.cpp 
hls.syn.file C:\hls_projects\compress\compress.h 
hls.tb.file C:\hls_projects\compress\compress_test.cpp 


==========================================
new:  steps log generated by v++ for new launch 
timestamp: 06 Mar 2024 16:07:40
------------------------------------------
VITIS-RUN internal step: writing a config file for vitis_hls: C:/hls_projects/compress/compress/hls/config.cmdline
timestamp: 06 Mar 2024 16:07:40
VITIS-RUN internal step status: success
------------------------------------------
VITIS-RUN internal step: running vitis_hls
timestamp: 06 Mar 2024 16:07:40
working dir: C:/hls_projects/compress
cmd: vitis_hls -nolog -run csim -work_dir C:/hls_projects/compress/compress -config C:/hls_projects/compress/hls_config.cfg -cmdlineconfig C:/hls_projects/compress/compress/hls/config.cmdline
VITIS-RUN internal step status: success

------------------------------------------
V++ command line :
------------------------------------------
C:/Xilinx/Vitis/2023.2/bin/unwrapped/win64.o/v++.exe -c --mode hls --config C:\hls_projects\compress\hls_config.cfg --work_dir compress 
  Options from -O    : 
  Options from *.ini : 
  Options from Hw Platform : 

==========================================
new:  steps log generated by v++ for new launch 
timestamp: 06 Mar 2024 16:08:23
------------------------------------------
V++ internal step: writing a config file for vitis_hls: C:/hls_projects/compress/compress/hls/config.cmdline
timestamp: 06 Mar 2024 16:08:23
V++ internal step status: success
------------------------------------------
V++ internal step: running vitis_hls
timestamp: 06 Mar 2024 16:08:23
working dir: C:/hls_projects/compress
cmd: vitis_hls -nolog -run csynth -work_dir C:/hls_projects/compress/compress -config C:/hls_projects/compress/hls_config.cfg -cmdlineconfig C:/hls_projects/compress/compress/hls/config.cmdline
V++ internal step status: success

------------------------------------------
VITIS-RUN command line :
------------------------------------------
C:/Xilinx/Vitis/2023.2/bin/unwrapped/win64.o/vitis-run.exe --mode hls --package --config C:\hls_projects\compress\hls_config.cfg --work_dir compress 
  Options from -O    : 
  Options from *.ini : 
  Options from Hw Platform : 

==========================================
new:  steps log generated by v++ for new launch 
timestamp: 06 Mar 2024 16:08:56
------------------------------------------
VITIS-RUN internal step: writing a config file for vitis_hls: C:/hls_projects/compress/compress/hls/config.cmdline
timestamp: 06 Mar 2024 16:08:56
VITIS-RUN internal step status: success
------------------------------------------
VITIS-RUN internal step: running vitis_hls
timestamp: 06 Mar 2024 16:08:56
working dir: C:/hls_projects/compress
cmd: vitis_hls -nolog -run package -work_dir C:/hls_projects/compress/compress -config C:/hls_projects/compress/hls_config.cfg -cmdlineconfig C:/hls_projects/compress/compress/hls/config.cmdline
VITIS-RUN internal step status: fail

------------------------------------------
VITIS-RUN command line :
------------------------------------------
C:/Xilinx/Vitis/2023.2/bin/unwrapped/win64.o/vitis-run.exe --mode hls --package --config C:\hls_projects\compress\hls_config.cfg --work_dir compress 
  Options from -O    : 
  Options from *.ini : 
  Options from Hw Platform : 

==========================================
new:  steps log generated by v++ for new launch 
timestamp: 06 Mar 2024 16:09:44
------------------------------------------
VITIS-RUN internal step: writing a config file for vitis_hls: C:/hls_projects/compress/compress/hls/config.cmdline
timestamp: 06 Mar 2024 16:09:44
VITIS-RUN internal step status: success
------------------------------------------
VITIS-RUN internal step: running vitis_hls
timestamp: 06 Mar 2024 16:09:44
working dir: C:/hls_projects/compress
cmd: vitis_hls -nolog -run package -work_dir C:/hls_projects/compress/compress -config C:/hls_projects/compress/hls_config.cfg -cmdlineconfig C:/hls_projects/compress/compress/hls/config.cmdline
VITIS-RUN internal step status: fail

------------------------------------------
VITIS-RUN command line :
------------------------------------------
C:/Xilinx/Vitis/2023.2/bin/unwrapped/win64.o/vitis-run.exe --mode hls --package --config C:\hls_projects\compress\hls_config.cfg --work_dir compress 
  Options from -O    : 
  Options from *.ini : 
  Options from Hw Platform : 

==========================================
new:  steps log generated by v++ for new launch 
timestamp: 06 Mar 2024 16:10:05
------------------------------------------
VITIS-RUN internal step: writing a config file for vitis_hls: C:/hls_projects/compress/compress/hls/config.cmdline
timestamp: 06 Mar 2024 16:10:05
VITIS-RUN internal step status: success
------------------------------------------
VITIS-RUN internal step: running vitis_hls
timestamp: 06 Mar 2024 16:10:05
working dir: C:/hls_projects/compress
cmd: vitis_hls -nolog -run package -work_dir C:/hls_projects/compress/compress -config C:/hls_projects/compress/hls_config.cfg -cmdlineconfig C:/hls_projects/compress/compress/hls/config.cmdline
VITIS-RUN internal step status: fail

------------------------------------------
VITIS-RUN command line :
------------------------------------------
C:/Xilinx/Vitis/2023.2/bin/unwrapped/win64.o/vitis-run.exe --mode hls --package --config C:\hls_projects\compress\hls_config.cfg --work_dir compress 
  Options from -O    : 
  Options from *.ini : 
  Options from Hw Platform : 

==========================================
new:  steps log generated by v++ for new launch 
timestamp: 06 Mar 2024 16:12:53
------------------------------------------
VITIS-RUN internal step: writing a config file for vitis_hls: C:/hls_projects/compress/compress/hls/config.cmdline
timestamp: 06 Mar 2024 16:12:53
VITIS-RUN internal step status: success
------------------------------------------
VITIS-RUN internal step: running vitis_hls
timestamp: 06 Mar 2024 16:12:53
working dir: C:/hls_projects/compress
cmd: vitis_hls -nolog -run package -work_dir C:/hls_projects/compress/compress -config C:/hls_projects/compress/hls_config.cfg -cmdlineconfig C:/hls_projects/compress/compress/hls/config.cmdline
VITIS-RUN internal step status: fail

------------------------------------------
V++ command line :
------------------------------------------
C:/Xilinx/Vitis/2023.2/bin/unwrapped/win64.o/v++.exe -c --mode hls --config C:\hls_projects\compress\hls_config.cfg --work_dir compress 
  Options from -O    : 
  Options from *.ini : 
  Options from Hw Platform : 

==========================================
new:  steps log generated by v++ for new launch 
timestamp: 06 Mar 2024 16:13:09
------------------------------------------
V++ internal step: writing a config file for vitis_hls: C:/hls_projects/compress/compress/hls/config.cmdline
timestamp: 06 Mar 2024 16:13:09
V++ internal step status: success
------------------------------------------
V++ internal step: running vitis_hls
timestamp: 06 Mar 2024 16:13:09
working dir: C:/hls_projects/compress
cmd: vitis_hls -nolog -run csynth -work_dir C:/hls_projects/compress/compress -config C:/hls_projects/compress/hls_config.cfg -cmdlineconfig C:/hls_projects/compress/compress/hls/config.cmdline
V++ internal step status: success

------------------------------------------
VITIS-RUN command line :
------------------------------------------
C:/Xilinx/Vitis/2023.2/bin/unwrapped/win64.o/vitis-run.exe --mode hls --package --config C:\hls_projects\compress\hls_config.cfg --work_dir compress 
  Options from -O    : 
  Options from *.ini : 
  Options from Hw Platform : 

==========================================
new:  steps log generated by v++ for new launch 
timestamp: 06 Mar 2024 16:13:42
------------------------------------------
VITIS-RUN internal step: writing a config file for vitis_hls: C:/hls_projects/compress/compress/hls/config.cmdline
timestamp: 06 Mar 2024 16:13:42
VITIS-RUN internal step status: success
------------------------------------------
VITIS-RUN internal step: running vitis_hls
timestamp: 06 Mar 2024 16:13:42
working dir: C:/hls_projects/compress
cmd: vitis_hls -nolog -run package -work_dir C:/hls_projects/compress/compress -config C:/hls_projects/compress/hls_config.cfg -cmdlineconfig C:/hls_projects/compress/compress/hls/config.cmdline
VITIS-RUN internal step status: fail

------------------------------------------
VITIS-RUN command line :
------------------------------------------
C:/Xilinx/Vitis/2023.2/bin/unwrapped/win64.o/vitis-run.exe --mode hls --package --config C:\hls_projects\compress\hls_config.cfg --work_dir compress 
  Options from -O    : 
  Options from *.ini : 
  Options from Hw Platform : 

==========================================
new:  steps log generated by v++ for new launch 
timestamp: 06 Mar 2024 16:14:48
------------------------------------------
VITIS-RUN internal step: writing a config file for vitis_hls: C:/hls_projects/compress/compress/hls/config.cmdline
timestamp: 06 Mar 2024 16:14:48
VITIS-RUN internal step status: success
------------------------------------------
VITIS-RUN internal step: running vitis_hls
timestamp: 06 Mar 2024 16:14:48
working dir: C:/hls_projects/compress
cmd: vitis_hls -nolog -run package -work_dir C:/hls_projects/compress/compress -config C:/hls_projects/compress/hls_config.cfg -cmdlineconfig C:/hls_projects/compress/compress/hls/config.cmdline
VITIS-RUN internal step status: fail

------------------------------------------
V++ command line :
------------------------------------------
C:/Xilinx/Vitis/2023.2/bin/unwrapped/win64.o/v++.exe -c --mode hls --config C:\hls_projects\compress\hls_config.cfg --work_dir compress 
  Options from -O    : 
  Options from *.ini : 
  Options from Hw Platform : 

==========================================
new:  steps log generated by v++ for new launch 
timestamp: 06 Mar 2024 16:15:01
------------------------------------------
V++ internal step: writing a config file for vitis_hls: C:/hls_projects/compress/compress/hls/config.cmdline
timestamp: 06 Mar 2024 16:15:01
V++ internal step status: success
------------------------------------------
V++ internal step: running vitis_hls
timestamp: 06 Mar 2024 16:15:01
working dir: C:/hls_projects/compress
cmd: vitis_hls -nolog -run csynth -work_dir C:/hls_projects/compress/compress -config C:/hls_projects/compress/hls_config.cfg -cmdlineconfig C:/hls_projects/compress/compress/hls/config.cmdline
V++ internal step status: fail

------------------------------------------
V++ command line :
------------------------------------------
C:/Xilinx/Vitis/2023.2/bin/unwrapped/win64.o/v++.exe -c --mode hls --config C:\hls_projects\compress\hls_config.cfg --work_dir compress 
  Options from -O    : 
  Options from *.ini : 
  Options from Hw Platform : 

==========================================
new:  steps log generated by v++ for new launch 
timestamp: 06 Mar 2024 16:15:47
------------------------------------------
V++ internal step: writing a config file for vitis_hls: C:/hls_projects/compress/compress/hls/config.cmdline
timestamp: 06 Mar 2024 16:15:47
V++ internal step status: success
------------------------------------------
V++ internal step: running vitis_hls
timestamp: 06 Mar 2024 16:15:47
working dir: C:/hls_projects/compress
cmd: vitis_hls -nolog -run csynth -work_dir C:/hls_projects/compress/compress -config C:/hls_projects/compress/hls_config.cfg -cmdlineconfig C:/hls_projects/compress/compress/hls/config.cmdline
V++ internal step status: success

------------------------------------------
VITIS-RUN command line :
------------------------------------------
C:/Xilinx/Vitis/2023.2/bin/unwrapped/win64.o/vitis-run.exe --mode hls --package --config C:\hls_projects\compress\hls_config.cfg --work_dir compress 
  Options from -O    : 
  Options from *.ini : 
  Options from Hw Platform : 

==========================================
new:  steps log generated by v++ for new launch 
timestamp: 06 Mar 2024 16:16:14
------------------------------------------
VITIS-RUN internal step: writing a config file for vitis_hls: C:/hls_projects/compress/compress/hls/config.cmdline
timestamp: 06 Mar 2024 16:16:14
VITIS-RUN internal step status: success
------------------------------------------
VITIS-RUN internal step: running vitis_hls
timestamp: 06 Mar 2024 16:16:14
working dir: C:/hls_projects/compress
cmd: vitis_hls -nolog -run package -work_dir C:/hls_projects/compress/compress -config C:/hls_projects/compress/hls_config.cfg -cmdlineconfig C:/hls_projects/compress/compress/hls/config.cmdline
VITIS-RUN internal step status: success

------------------------------------------
V++ command line :
------------------------------------------
C:/Xilinx/Vitis/2023.2/bin/unwrapped/win64.o/v++.exe -c --mode hls --config C:\hls_projects\compress\hls_config.cfg --work_dir compress 
  Options from -O    : 
  Options from *.ini : 
  Options from Hw Platform : 

==========================================
new:  steps log generated by v++ for new launch 
timestamp: 06 Mar 2024 16:18:59
------------------------------------------
V++ internal step: writing a config file for vitis_hls: C:/hls_projects/compress/compress/hls/config.cmdline
timestamp: 06 Mar 2024 16:18:59
V++ internal step status: success
------------------------------------------
V++ internal step: running vitis_hls
timestamp: 06 Mar 2024 16:18:59
working dir: C:/hls_projects/compress
cmd: vitis_hls -nolog -run csynth -work_dir C:/hls_projects/compress/compress -config C:/hls_projects/compress/hls_config.cfg -cmdlineconfig C:/hls_projects/compress/compress/hls/config.cmdline
V++ internal step status: success

------------------------------------------
VITIS-RUN command line :
------------------------------------------
C:/Xilinx/Vitis/2023.2/bin/unwrapped/win64.o/vitis-run.exe --mode hls --package --config C:\hls_projects\compress\hls_config.cfg --work_dir compress 
  Options from -O    : 
  Options from *.ini : 
  Options from Hw Platform : 

==========================================
new:  steps log generated by v++ for new launch 
timestamp: 06 Mar 2024 16:19:26
------------------------------------------
VITIS-RUN internal step: writing a config file for vitis_hls: C:/hls_projects/compress/compress/hls/config.cmdline
timestamp: 06 Mar 2024 16:19:26
VITIS-RUN internal step status: success
------------------------------------------
VITIS-RUN internal step: running vitis_hls
timestamp: 06 Mar 2024 16:19:26
working dir: C:/hls_projects/compress
cmd: vitis_hls -nolog -run package -work_dir C:/hls_projects/compress/compress -config C:/hls_projects/compress/hls_config.cfg -cmdlineconfig C:/hls_projects/compress/compress/hls/config.cmdline
VITIS-RUN internal step status: fail

------------------------------------------
V++ command line :
------------------------------------------
C:/Xilinx/Vitis/2023.2/bin/unwrapped/win64.o/v++.exe -c --mode hls --config C:\hls_projects\compress\hls_config.cfg --work_dir compress 
  Options from -O    : 
  Options from *.ini : 
  Options from Hw Platform : 

==========================================
new:  steps log generated by v++ for new launch 
timestamp: 06 Mar 2024 16:20:22
------------------------------------------
V++ internal step: writing a config file for vitis_hls: C:/hls_projects/compress/compress/hls/config.cmdline
timestamp: 06 Mar 2024 16:20:22
V++ internal step status: success
------------------------------------------
V++ internal step: running vitis_hls
timestamp: 06 Mar 2024 16:20:22
working dir: C:/hls_projects/compress
cmd: vitis_hls -nolog -run csynth -work_dir C:/hls_projects/compress/compress -config C:/hls_projects/compress/hls_config.cfg -cmdlineconfig C:/hls_projects/compress/compress/hls/config.cmdline
V++ internal step status: success

------------------------------------------
VITIS-RUN command line :
------------------------------------------
C:/Xilinx/Vitis/2023.2/bin/unwrapped/win64.o/vitis-run.exe --mode hls --package --config C:\hls_projects\compress\hls_config.cfg --work_dir compress 
  Options from -O    : 
  Options from *.ini : 
  Options from Hw Platform : 

==========================================
new:  steps log generated by v++ for new launch 
timestamp: 06 Mar 2024 16:20:51
------------------------------------------
VITIS-RUN internal step: writing a config file for vitis_hls: C:/hls_projects/compress/compress/hls/config.cmdline
timestamp: 06 Mar 2024 16:20:51
VITIS-RUN internal step status: success
------------------------------------------
VITIS-RUN internal step: running vitis_hls
timestamp: 06 Mar 2024 16:20:51
working dir: C:/hls_projects/compress
cmd: vitis_hls -nolog -run package -work_dir C:/hls_projects/compress/compress -config C:/hls_projects/compress/hls_config.cfg -cmdlineconfig C:/hls_projects/compress/compress/hls/config.cmdline
VITIS-RUN internal step status: fail

------------------------------------------
V++ command line :
------------------------------------------
C:/Xilinx/Vitis/2023.2/bin/unwrapped/win64.o/v++.exe -c --mode hls --config C:\hls_projects\compress\hls_config.cfg --work_dir compress 
  Options from -O    : 
  Options from *.ini : 
  Options from Hw Platform : 

==========================================
new:  steps log generated by v++ for new launch 
timestamp: 06 Mar 2024 16:21:09
------------------------------------------
V++ internal step: writing a config file for vitis_hls: C:/hls_projects/compress/compress/hls/config.cmdline
timestamp: 06 Mar 2024 16:21:09
V++ internal step status: success
------------------------------------------
V++ internal step: running vitis_hls
timestamp: 06 Mar 2024 16:21:09
working dir: C:/hls_projects/compress
cmd: vitis_hls -nolog -run csynth -work_dir C:/hls_projects/compress/compress -config C:/hls_projects/compress/hls_config.cfg -cmdlineconfig C:/hls_projects/compress/compress/hls/config.cmdline
V++ internal step status: success

------------------------------------------
VITIS-RUN command line :
------------------------------------------
C:/Xilinx/Vitis/2023.2/bin/unwrapped/win64.o/vitis-run.exe --mode hls --package --config C:\hls_projects\compress\hls_config.cfg --work_dir compress 
  Options from -O    : 
  Options from *.ini : 
  Options from Hw Platform : 

==========================================
new:  steps log generated by v++ for new launch 
timestamp: 06 Mar 2024 16:21:36
------------------------------------------
VITIS-RUN internal step: writing a config file for vitis_hls: C:/hls_projects/compress/compress/hls/config.cmdline
timestamp: 06 Mar 2024 16:21:36
VITIS-RUN internal step status: success
------------------------------------------
VITIS-RUN internal step: running vitis_hls
timestamp: 06 Mar 2024 16:21:36
working dir: C:/hls_projects/compress
cmd: vitis_hls -nolog -run package -work_dir C:/hls_projects/compress/compress -config C:/hls_projects/compress/hls_config.cfg -cmdlineconfig C:/hls_projects/compress/compress/hls/config.cmdline
VITIS-RUN internal step status: fail

------------------------------------------
VITIS-RUN command line :
------------------------------------------
C:/Xilinx/Vitis/2023.2/bin/unwrapped/win64.o/vitis-run.exe --mode hls --package --config C:\hls_projects\compress\hls_config.cfg --work_dir compress 
  Options from -O    : 
  Options from *.ini : 
  Options from Hw Platform : 

==========================================
new:  steps log generated by v++ for new launch 
timestamp: 06 Mar 2024 16:22:09
------------------------------------------
VITIS-RUN internal step: writing a config file for vitis_hls: C:/hls_projects/compress/compress/hls/config.cmdline
timestamp: 06 Mar 2024 16:22:09
VITIS-RUN internal step status: success
------------------------------------------
VITIS-RUN internal step: running vitis_hls
timestamp: 06 Mar 2024 16:22:09
working dir: C:/hls_projects/compress
cmd: vitis_hls -nolog -run package -work_dir C:/hls_projects/compress/compress -config C:/hls_projects/compress/hls_config.cfg -cmdlineconfig C:/hls_projects/compress/compress/hls/config.cmdline
VITIS-RUN internal step status: fail

------------------------------------------
V++ command line :
------------------------------------------
C:/Xilinx/Vitis/2023.2/bin/unwrapped/win64.o/v++.exe -c --mode hls --config C:\hls_projects\compress\hls_config.cfg --work_dir compress 
  Options from -O    : 
  Options from *.ini : 
  Options from Hw Platform : 

==========================================
new:  steps log generated by v++ for new launch 
timestamp: 06 Mar 2024 16:22:20
------------------------------------------
V++ internal step: writing a config file for vitis_hls: C:/hls_projects/compress/compress/hls/config.cmdline
timestamp: 06 Mar 2024 16:22:20
V++ internal step status: success
------------------------------------------
V++ internal step: running vitis_hls
timestamp: 06 Mar 2024 16:22:20
working dir: C:/hls_projects/compress
cmd: vitis_hls -nolog -run csynth -work_dir C:/hls_projects/compress/compress -config C:/hls_projects/compress/hls_config.cfg -cmdlineconfig C:/hls_projects/compress/compress/hls/config.cmdline
V++ internal step status: success

------------------------------------------
VITIS-RUN command line :
------------------------------------------
C:/Xilinx/Vitis/2023.2/bin/unwrapped/win64.o/vitis-run.exe --mode hls --package --config C:\hls_projects\compress\hls_config.cfg --work_dir compress 
  Options from -O    : 
  Options from *.ini : 
  Options from Hw Platform : 

==========================================
new:  steps log generated by v++ for new launch 
timestamp: 06 Mar 2024 16:22:45
------------------------------------------
VITIS-RUN internal step: writing a config file for vitis_hls: C:/hls_projects/compress/compress/hls/config.cmdline
timestamp: 06 Mar 2024 16:22:45
VITIS-RUN internal step status: success
------------------------------------------
VITIS-RUN internal step: running vitis_hls
timestamp: 06 Mar 2024 16:22:45
working dir: C:/hls_projects/compress
cmd: vitis_hls -nolog -run package -work_dir C:/hls_projects/compress/compress -config C:/hls_projects/compress/hls_config.cfg -cmdlineconfig C:/hls_projects/compress/compress/hls/config.cmdline
VITIS-RUN internal step status: success

------------------------------------------
V++ command line :
------------------------------------------
C:/Xilinx/Vitis/2023.2/bin/unwrapped/win64.o/v++.exe -c --mode hls --config C:\hls_projects\compress\hls_config.cfg --work_dir compress 
  Options from -O    : 
  Options from *.ini : 
  Options from Hw Platform : 

==========================================
new:  steps log generated by v++ for new launch 
timestamp: 06 Mar 2024 16:23:27
------------------------------------------
V++ internal step: writing a config file for vitis_hls: C:/hls_projects/compress/compress/hls/config.cmdline
timestamp: 06 Mar 2024 16:23:27
V++ internal step status: success
------------------------------------------
V++ internal step: running vitis_hls
timestamp: 06 Mar 2024 16:23:27
working dir: C:/hls_projects/compress
cmd: vitis_hls -nolog -run csynth -work_dir C:/hls_projects/compress/compress -config C:/hls_projects/compress/hls_config.cfg -cmdlineconfig C:/hls_projects/compress/compress/hls/config.cmdline
V++ internal step status: success

------------------------------------------
V++ command line :
------------------------------------------
C:/Xilinx/Vitis/2023.2/bin/unwrapped/win64.o/v++.exe -c --mode hls --config C:\hls_projects\compress\hls_config.cfg --work_dir compress 
  Options from -O    : 
  Options from *.ini : 
  Options from Hw Platform : 

==========================================
new:  steps log generated by v++ for new launch 
timestamp: 06 Mar 2024 16:26:26
------------------------------------------
V++ internal step: writing a config file for vitis_hls: C:/hls_projects/compress/compress/hls/config.cmdline
timestamp: 06 Mar 2024 16:26:26
V++ internal step status: success
------------------------------------------
V++ internal step: running vitis_hls
timestamp: 06 Mar 2024 16:26:26
working dir: C:/hls_projects/compress
cmd: vitis_hls -nolog -run csynth -work_dir C:/hls_projects/compress/compress -config C:/hls_projects/compress/hls_config.cfg -cmdlineconfig C:/hls_projects/compress/compress/hls/config.cmdline
V++ internal step status: success

------------------------------------------
VITIS-RUN command line :
------------------------------------------
C:/Xilinx/Vitis/2023.2/bin/unwrapped/win64.o/vitis-run.exe --mode hls --package --config C:\hls_projects\compress\hls_config.cfg --work_dir compress 
  Options from -O    : 
  Options from *.ini : 
  Options from Hw Platform : 

==========================================
new:  steps log generated by v++ for new launch 
timestamp: 06 Mar 2024 16:27:34
------------------------------------------
VITIS-RUN internal step: writing a config file for vitis_hls: C:/hls_projects/compress/compress/hls/config.cmdline
timestamp: 06 Mar 2024 16:27:34
VITIS-RUN internal step status: success
------------------------------------------
VITIS-RUN internal step: running vitis_hls
timestamp: 06 Mar 2024 16:27:34
working dir: C:/hls_projects/compress
cmd: vitis_hls -nolog -run package -work_dir C:/hls_projects/compress/compress -config C:/hls_projects/compress/hls_config.cfg -cmdlineconfig C:/hls_projects/compress/compress/hls/config.cmdline
VITIS-RUN internal step status: fail

------------------------------------------
V++ command line :
------------------------------------------
C:/Xilinx/Vitis/2023.2/bin/unwrapped/win64.o/v++.exe -c --mode hls --config C:\hls_projects\compress\hls_config.cfg --work_dir compress 
  Options from -O    : 
  Options from *.ini : 
  Options from Hw Platform : 

==========================================
new:  steps log generated by v++ for new launch 
timestamp: 06 Mar 2024 16:28:07
------------------------------------------
V++ internal step: writing a config file for vitis_hls: C:/hls_projects/compress/compress/hls/config.cmdline
timestamp: 06 Mar 2024 16:28:07
V++ internal step status: success
------------------------------------------
V++ internal step: running vitis_hls
timestamp: 06 Mar 2024 16:28:07
working dir: C:/hls_projects/compress
cmd: vitis_hls -nolog -run csynth -work_dir C:/hls_projects/compress/compress -config C:/hls_projects/compress/hls_config.cfg -cmdlineconfig C:/hls_projects/compress/compress/hls/config.cmdline
V++ internal step status: success

------------------------------------------
VITIS-RUN command line :
------------------------------------------
C:/Xilinx/Vitis/2023.2/bin/unwrapped/win64.o/vitis-run.exe --mode hls --package --config C:\hls_projects\compress\hls_config.cfg --work_dir compress 
  Options from -O    : 
  Options from *.ini : 
  Options from Hw Platform : 

==========================================
new:  steps log generated by v++ for new launch 
timestamp: 06 Mar 2024 16:28:44
------------------------------------------
VITIS-RUN internal step: writing a config file for vitis_hls: C:/hls_projects/compress/compress/hls/config.cmdline
timestamp: 06 Mar 2024 16:28:44
VITIS-RUN internal step status: success
------------------------------------------
VITIS-RUN internal step: running vitis_hls
timestamp: 06 Mar 2024 16:28:44
working dir: C:/hls_projects/compress
cmd: vitis_hls -nolog -run package -work_dir C:/hls_projects/compress/compress -config C:/hls_projects/compress/hls_config.cfg -cmdlineconfig C:/hls_projects/compress/compress/hls/config.cmdline
VITIS-RUN internal step status: success

------------------------------------------
V++ command line :
------------------------------------------
C:/Xilinx/Vitis/2023.2/bin/unwrapped/win64.o/v++.exe -c --mode hls --config C:\hls_projects\compress\hls_config.cfg --work_dir compress 
  Options from -O    : 
  Options from *.ini : 
  Options from Hw Platform : 

==========================================
new:  steps log generated by v++ for new launch 
timestamp: 06 Mar 2024 16:30:05
------------------------------------------
V++ internal step: writing a config file for vitis_hls: C:/hls_projects/compress/compress/hls/config.cmdline
timestamp: 06 Mar 2024 16:30:05
V++ internal step status: success
------------------------------------------
V++ internal step: running vitis_hls
timestamp: 06 Mar 2024 16:30:05
working dir: C:/hls_projects/compress
cmd: vitis_hls -nolog -run csynth -work_dir C:/hls_projects/compress/compress -config C:/hls_projects/compress/hls_config.cfg -cmdlineconfig C:/hls_projects/compress/compress/hls/config.cmdline
V++ internal step status: success

------------------------------------------
VITIS-RUN command line :
------------------------------------------
C:/Xilinx/Vitis/2023.2/bin/unwrapped/win64.o/vitis-run.exe --mode hls --package --config C:\hls_projects\compress\hls_config.cfg --work_dir compress 
  Options from -O    : 
  Options from *.ini : 
  Options from Hw Platform : 

==========================================
new:  steps log generated by v++ for new launch 
timestamp: 06 Mar 2024 16:30:36
------------------------------------------
VITIS-RUN internal step: writing a config file for vitis_hls: C:/hls_projects/compress/compress/hls/config.cmdline
timestamp: 06 Mar 2024 16:30:36
VITIS-RUN internal step status: success
------------------------------------------
VITIS-RUN internal step: running vitis_hls
timestamp: 06 Mar 2024 16:30:36
working dir: C:/hls_projects/compress
cmd: vitis_hls -nolog -run package -work_dir C:/hls_projects/compress/compress -config C:/hls_projects/compress/hls_config.cfg -cmdlineconfig C:/hls_projects/compress/compress/hls/config.cmdline
VITIS-RUN internal step status: fail

------------------------------------------
V++ command line :
------------------------------------------
C:/Xilinx/Vitis/2023.2/bin/unwrapped/win64.o/v++.exe -c --mode hls --config C:\hls_projects\compress\hls_config.cfg --work_dir compress 
  Options from -O    : 
  Options from *.ini : 
  Options from Hw Platform : 

==========================================
new:  steps log generated by v++ for new launch 
timestamp: 06 Mar 2024 16:32:41
------------------------------------------
V++ internal step: writing a config file for vitis_hls: C:/hls_projects/compress/compress/hls/config.cmdline
timestamp: 06 Mar 2024 16:32:41
V++ internal step status: success
------------------------------------------
V++ internal step: running vitis_hls
timestamp: 06 Mar 2024 16:32:41
working dir: C:/hls_projects/compress
cmd: vitis_hls -nolog -run csynth -work_dir C:/hls_projects/compress/compress -config C:/hls_projects/compress/hls_config.cfg -cmdlineconfig C:/hls_projects/compress/compress/hls/config.cmdline
V++ internal step status: success

------------------------------------------
VITIS-RUN command line :
------------------------------------------
C:/Xilinx/Vitis/2023.2/bin/unwrapped/win64.o/vitis-run.exe --mode hls --package --config C:\hls_projects\compress\hls_config.cfg --work_dir compress 
  Options from -O    : 
  Options from *.ini : 
  Options from Hw Platform : 

==========================================
new:  steps log generated by v++ for new launch 
timestamp: 06 Mar 2024 16:33:10
------------------------------------------
VITIS-RUN internal step: writing a config file for vitis_hls: C:/hls_projects/compress/compress/hls/config.cmdline
timestamp: 06 Mar 2024 16:33:10
VITIS-RUN internal step status: success
------------------------------------------
VITIS-RUN internal step: running vitis_hls
timestamp: 06 Mar 2024 16:33:10
working dir: C:/hls_projects/compress
cmd: vitis_hls -nolog -run package -work_dir C:/hls_projects/compress/compress -config C:/hls_projects/compress/hls_config.cfg -cmdlineconfig C:/hls_projects/compress/compress/hls/config.cmdline
VITIS-RUN internal step status: fail

------------------------------------------
V++ command line :
------------------------------------------
C:/Xilinx/Vitis/2023.2/bin/unwrapped/win64.o/v++.exe -c --mode hls --config C:\hls_projects\compress\hls_config.cfg --work_dir compress 
  Options from -O    : 
  Options from *.ini : 
  Options from Hw Platform : 

==========================================
new:  steps log generated by v++ for new launch 
timestamp: 06 Mar 2024 16:33:30
------------------------------------------
V++ internal step: writing a config file for vitis_hls: C:/hls_projects/compress/compress/hls/config.cmdline
timestamp: 06 Mar 2024 16:33:30
V++ internal step status: success
------------------------------------------
V++ internal step: running vitis_hls
timestamp: 06 Mar 2024 16:33:30
working dir: C:/hls_projects/compress
cmd: vitis_hls -nolog -run csynth -work_dir C:/hls_projects/compress/compress -config C:/hls_projects/compress/hls_config.cfg -cmdlineconfig C:/hls_projects/compress/compress/hls/config.cmdline
V++ internal step status: success

------------------------------------------
VITIS-RUN command line :
------------------------------------------
C:/Xilinx/Vitis/2023.2/bin/unwrapped/win64.o/vitis-run.exe --mode hls --package --config C:\hls_projects\compress\hls_config.cfg --work_dir compress 
  Options from -O    : 
  Options from *.ini : 
  Options from Hw Platform : 

==========================================
new:  steps log generated by v++ for new launch 
timestamp: 06 Mar 2024 16:34:33
------------------------------------------
VITIS-RUN internal step: writing a config file for vitis_hls: C:/hls_projects/compress/compress/hls/config.cmdline
timestamp: 06 Mar 2024 16:34:33
VITIS-RUN internal step status: success
------------------------------------------
VITIS-RUN internal step: running vitis_hls
timestamp: 06 Mar 2024 16:34:33
working dir: C:/hls_projects/compress
cmd: vitis_hls -nolog -run package -work_dir C:/hls_projects/compress/compress -config C:/hls_projects/compress/hls_config.cfg -cmdlineconfig C:/hls_projects/compress/compress/hls/config.cmdline
VITIS-RUN internal step status: success

------------------------------------------
V++ command line :
------------------------------------------
C:/Xilinx/Vitis/2023.2/bin/unwrapped/win64.o/v++.exe -c --mode hls --config C:\hls_projects\compress\hls_config.cfg --work_dir compress 
  Options from -O    : 
  Options from *.ini : 
  Options from Hw Platform : 

==========================================
new:  steps log generated by v++ for new launch 
timestamp: 06 Mar 2024 16:35:42
------------------------------------------
V++ internal step: writing a config file for vitis_hls: C:/hls_projects/compress/compress/hls/config.cmdline
timestamp: 06 Mar 2024 16:35:42
V++ internal step status: success
------------------------------------------
V++ internal step: running vitis_hls
timestamp: 06 Mar 2024 16:35:42
working dir: C:/hls_projects/compress
cmd: vitis_hls -nolog -run csynth -work_dir C:/hls_projects/compress/compress -config C:/hls_projects/compress/hls_config.cfg -cmdlineconfig C:/hls_projects/compress/compress/hls/config.cmdline
V++ internal step status: success

------------------------------------------
V++ command line :
------------------------------------------
C:/Xilinx/Vitis/2023.2/bin/unwrapped/win64.o/v++.exe -c --mode hls --config C:\hls_projects\compress\hls_config.cfg --work_dir compress 
  Options from -O    : 
  Options from *.ini : 
  Options from Hw Platform : 

==========================================
new:  steps log generated by v++ for new launch 
timestamp: 06 Mar 2024 16:36:31
------------------------------------------
V++ internal step: writing a config file for vitis_hls: C:/hls_projects/compress/compress/hls/config.cmdline
timestamp: 06 Mar 2024 16:36:31
V++ internal step status: success
------------------------------------------
V++ internal step: running vitis_hls
timestamp: 06 Mar 2024 16:36:31
working dir: C:/hls_projects/compress
cmd: vitis_hls -nolog -run csynth -work_dir C:/hls_projects/compress/compress -config C:/hls_projects/compress/hls_config.cfg -cmdlineconfig C:/hls_projects/compress/compress/hls/config.cmdline
V++ internal step status: success

------------------------------------------
VITIS-RUN command line :
------------------------------------------
C:/Xilinx/Vitis/2023.2/bin/unwrapped/win64.o/vitis-run.exe --mode hls --package --config C:\hls_projects\compress\hls_config.cfg --work_dir compress 
  Options from -O    : 
  Options from *.ini : 
  Options from Hw Platform : 

==========================================
new:  steps log generated by v++ for new launch 
timestamp: 06 Mar 2024 16:37:02
------------------------------------------
VITIS-RUN internal step: writing a config file for vitis_hls: C:/hls_projects/compress/compress/hls/config.cmdline
timestamp: 06 Mar 2024 16:37:02
VITIS-RUN internal step status: success
------------------------------------------
VITIS-RUN internal step: running vitis_hls
timestamp: 06 Mar 2024 16:37:03
working dir: C:/hls_projects/compress
cmd: vitis_hls -nolog -run package -work_dir C:/hls_projects/compress/compress -config C:/hls_projects/compress/hls_config.cfg -cmdlineconfig C:/hls_projects/compress/compress/hls/config.cmdline
VITIS-RUN internal step status: success

------------------------------------------
V++ command line :
------------------------------------------
C:/Xilinx/Vitis/2023.2/bin/unwrapped/win64.o/v++.exe -c --mode hls --config C:\hls_projects\compress\hls_config.cfg --work_dir compress 
  Options from -O    : 
  Options from *.ini : 
  Options from Hw Platform : 

==========================================
new:  steps log generated by v++ for new launch 
timestamp: 06 Mar 2024 17:01:50
------------------------------------------
V++ internal step: writing a config file for vitis_hls: C:/hls_projects/compress/compress/hls/config.cmdline
timestamp: 06 Mar 2024 17:01:50
V++ internal step status: success
------------------------------------------
V++ internal step: running vitis_hls
timestamp: 06 Mar 2024 17:01:50
working dir: C:/hls_projects/compress
cmd: vitis_hls -nolog -run csynth -work_dir C:/hls_projects/compress/compress -config C:/hls_projects/compress/hls_config.cfg -cmdlineconfig C:/hls_projects/compress/compress/hls/config.cmdline
V++ internal step status: success

------------------------------------------
VITIS-RUN command line :
------------------------------------------
C:/Xilinx/Vitis/2023.2/bin/unwrapped/win64.o/vitis-run.exe --mode hls --package --config C:\hls_projects\compress\hls_config.cfg --work_dir compress 
  Options from -O    : 
  Options from *.ini : 
  Options from Hw Platform : 

==========================================
new:  steps log generated by v++ for new launch 
timestamp: 06 Mar 2024 17:02:17
------------------------------------------
VITIS-RUN internal step: writing a config file for vitis_hls: C:/hls_projects/compress/compress/hls/config.cmdline
timestamp: 06 Mar 2024 17:02:17
VITIS-RUN internal step status: success
------------------------------------------
VITIS-RUN internal step: running vitis_hls
timestamp: 06 Mar 2024 17:02:17
working dir: C:/hls_projects/compress
cmd: vitis_hls -nolog -run package -work_dir C:/hls_projects/compress/compress -config C:/hls_projects/compress/hls_config.cfg -cmdlineconfig C:/hls_projects/compress/compress/hls/config.cmdline
VITIS-RUN internal step status: success

------------------------------------------
VITIS-RUN command line :
------------------------------------------
C:/Xilinx/Vitis/2023.2/bin/unwrapped/win64.o/vitis-run.exe --mode hls --package --config C:\hls_projects\compress\hls_config.cfg --work_dir compress 
  Options from -O    : 
  Options from *.ini : 
  Options from Hw Platform : 

==========================================
new:  steps log generated by v++ for new launch 
timestamp: 06 Mar 2024 17:03:44
------------------------------------------
VITIS-RUN internal step: writing a config file for vitis_hls: C:/hls_projects/compress/compress/hls/config.cmdline
timestamp: 06 Mar 2024 17:03:44
VITIS-RUN internal step status: success
------------------------------------------
VITIS-RUN internal step: running vitis_hls
timestamp: 06 Mar 2024 17:03:44
working dir: C:/hls_projects/compress
cmd: vitis_hls -nolog -run package -work_dir C:/hls_projects/compress/compress -config C:/hls_projects/compress/hls_config.cfg -cmdlineconfig C:/hls_projects/compress/compress/hls/config.cmdline
VITIS-RUN internal step status: success

------------------------------------------
VITIS-RUN command line :
------------------------------------------
C:/Xilinx/Vitis/2023.2/bin/unwrapped/win64.o/vitis-run.exe --mode hls --cosim --config C:\hls_projects\compress\hls_config.cfg --work_dir compress 
  Options from -O    : 
  Options from *.ini : 
  Options from Hw Platform : 

==========================================
new:  steps log generated by v++ for new launch 
timestamp: 06 Mar 2024 17:23:18
------------------------------------------
VITIS-RUN internal step: writing a config file for vitis_hls: C:/hls_projects/compress/compress/hls/config.cmdline
timestamp: 06 Mar 2024 17:23:18
VITIS-RUN internal step status: success
------------------------------------------
VITIS-RUN internal step: running vitis_hls
timestamp: 06 Mar 2024 17:23:18
working dir: C:/hls_projects/compress
cmd: vitis_hls -nolog -run cosim -work_dir C:/hls_projects/compress/compress -config C:/hls_projects/compress/hls_config.cfg -cmdlineconfig C:/hls_projects/compress/compress/hls/config.cmdline
VITIS-RUN internal step status: success

------------------------------------------
V++ command line :
------------------------------------------
C:/Xilinx/Vitis/2023.2/bin/unwrapped/win64.o/v++.exe -c --mode hls --config C:\hls_projects\compress\hls_config.cfg --work_dir compress 
  Options from -O    : 
  Options from *.ini : 
  Options from Hw Platform : 

==========================================
new:  steps log generated by v++ for new launch 
timestamp: 08 Mar 2024 22:29:42
------------------------------------------
V++ internal step: writing a config file for vitis_hls: C:/hls_projects/compress/compress/hls/config.cmdline
timestamp: 08 Mar 2024 22:29:42
V++ internal step status: success
------------------------------------------
V++ internal step: running vitis_hls
timestamp: 08 Mar 2024 22:29:42
working dir: C:/hls_projects/compress
cmd: vitis_hls -nolog -run csynth -work_dir C:/hls_projects/compress/compress -config C:/hls_projects/compress/hls_config.cfg -cmdlineconfig C:/hls_projects/compress/compress/hls/config.cmdline
V++ internal step status: fail

------------------------------------------
V++ command line :
------------------------------------------
C:/Xilinx/Vitis/2023.2/bin/unwrapped/win64.o/v++.exe -c --mode hls --config C:\hls_projects\compress\hls_config.cfg --work_dir compress 
  Options from -O    : 
  Options from *.ini : 
  Options from Hw Platform : 

==========================================
new:  steps log generated by v++ for new launch 
timestamp: 08 Mar 2024 22:30:47
------------------------------------------
V++ internal step: writing a config file for vitis_hls: C:/hls_projects/compress/compress/hls/config.cmdline
timestamp: 08 Mar 2024 22:30:47
V++ internal step status: success
------------------------------------------
V++ internal step: running vitis_hls
timestamp: 08 Mar 2024 22:30:47
working dir: C:/hls_projects/compress
cmd: vitis_hls -nolog -run csynth -work_dir C:/hls_projects/compress/compress -config C:/hls_projects/compress/hls_config.cfg -cmdlineconfig C:/hls_projects/compress/compress/hls/config.cmdline
V++ internal step status: success

------------------------------------------
V++ command line :
------------------------------------------
C:/Xilinx/Vitis/2023.2/bin/unwrapped/win64.o/v++.exe -c --mode hls --config C:\hls_projects\compress\hls_config.cfg --work_dir compress 
  Options from -O    : 
  Options from *.ini : 
  Options from Hw Platform : 

==========================================
new:  steps log generated by v++ for new launch 
timestamp: 08 Mar 2024 22:34:00
------------------------------------------
V++ internal step: writing a config file for vitis_hls: C:/hls_projects/compress/compress/hls/config.cmdline
timestamp: 08 Mar 2024 22:34:00
V++ internal step status: success
------------------------------------------
V++ internal step: running vitis_hls
timestamp: 08 Mar 2024 22:34:00
working dir: C:/hls_projects/compress
cmd: vitis_hls -nolog -run csynth -work_dir C:/hls_projects/compress/compress -config C:/hls_projects/compress/hls_config.cfg -cmdlineconfig C:/hls_projects/compress/compress/hls/config.cmdline
V++ internal step status: success

------------------------------------------
V++ command line :
------------------------------------------
C:/Xilinx/Vitis/2023.2/bin/unwrapped/win64.o/v++.exe -c --mode hls --config C:\hls_projects\compress\hls_config.cfg --work_dir compress 
  Options from -O    : 
  Options from *.ini : 
  Options from Hw Platform : 

==========================================
new:  steps log generated by v++ for new launch 
timestamp: 08 Mar 2024 23:26:32
------------------------------------------
V++ internal step: writing a config file for vitis_hls: C:/hls_projects/compress/compress/hls/config.cmdline
timestamp: 08 Mar 2024 23:26:32
V++ internal step status: success
------------------------------------------
V++ internal step: running vitis_hls
timestamp: 08 Mar 2024 23:26:32
working dir: C:/hls_projects/compress
cmd: vitis_hls -nolog -run csynth -work_dir C:/hls_projects/compress/compress -config C:/hls_projects/compress/hls_config.cfg -cmdlineconfig C:/hls_projects/compress/compress/hls/config.cmdline

------------------------------------------
V++ command line :
------------------------------------------
C:/Xilinx/Vitis/2023.2/bin/unwrapped/win64.o/v++.exe -c --mode hls --config C:\hls_projects\compress\hls_config.cfg --work_dir compress 
  Options from -O    : 
  Options from *.ini : 
  Options from Hw Platform : 

==========================================
new:  steps log generated by v++ for new launch 
timestamp: 08 Mar 2024 23:27:22
------------------------------------------
V++ internal step: writing a config file for vitis_hls: C:/hls_projects/compress/compress/hls/config.cmdline
timestamp: 08 Mar 2024 23:27:22
V++ internal step status: success
------------------------------------------
V++ internal step: running vitis_hls
timestamp: 08 Mar 2024 23:27:22
working dir: C:/hls_projects/compress
cmd: vitis_hls -nolog -run csynth -work_dir C:/hls_projects/compress/compress -config C:/hls_projects/compress/hls_config.cfg -cmdlineconfig C:/hls_projects/compress/compress/hls/config.cmdline
V++ internal step status: success

------------------------------------------
V++ command line :
------------------------------------------
C:/Xilinx/Vitis/2023.2/bin/unwrapped/win64.o/v++.exe -c --mode hls --config C:\hls_projects\compress\hls_config.cfg --work_dir compress 
  Options from -O    : 
  Options from *.ini : 
  Options from Hw Platform : 

==========================================
new:  steps log generated by v++ for new launch 
timestamp: 08 Mar 2024 23:30:15
------------------------------------------
V++ internal step: writing a config file for vitis_hls: C:/hls_projects/compress/compress/hls/config.cmdline
timestamp: 08 Mar 2024 23:30:15
V++ internal step status: success
------------------------------------------
V++ internal step: running vitis_hls
timestamp: 08 Mar 2024 23:30:15
working dir: C:/hls_projects/compress
cmd: vitis_hls -nolog -run csynth -work_dir C:/hls_projects/compress/compress -config C:/hls_projects/compress/hls_config.cfg -cmdlineconfig C:/hls_projects/compress/compress/hls/config.cmdline
V++ internal step status: success

------------------------------------------
V++ command line :
------------------------------------------
C:/Xilinx/Vitis/2023.2/bin/unwrapped/win64.o/v++.exe -c --mode hls --config C:\hls_projects\compress\hls_config.cfg --work_dir compress 
  Options from -O    : 
  Options from *.ini : 
  Options from Hw Platform : 

==========================================
new:  steps log generated by v++ for new launch 
timestamp: 08 Mar 2024 23:42:05
------------------------------------------
V++ internal step: writing a config file for vitis_hls: C:/hls_projects/compress/compress/hls/config.cmdline
timestamp: 08 Mar 2024 23:42:05
V++ internal step status: success
------------------------------------------
V++ internal step: running vitis_hls
timestamp: 08 Mar 2024 23:42:05
working dir: C:/hls_projects/compress
cmd: vitis_hls -nolog -run csynth -work_dir C:/hls_projects/compress/compress -config C:/hls_projects/compress/hls_config.cfg -cmdlineconfig C:/hls_projects/compress/compress/hls/config.cmdline
V++ internal step status: success

------------------------------------------
V++ command line :
------------------------------------------
C:/Xilinx/Vitis/2023.2/bin/unwrapped/win64.o/v++.exe -c --mode hls --config C:\hls_projects\compress\hls_config.cfg --work_dir compress 
  Options from -O    : 
  Options from *.ini : 
  Options from Hw Platform : 

==========================================
new:  steps log generated by v++ for new launch 
timestamp: 08 Mar 2024 23:50:11
------------------------------------------
V++ internal step: writing a config file for vitis_hls: C:/hls_projects/compress/compress/hls/config.cmdline
timestamp: 08 Mar 2024 23:50:11
V++ internal step status: success
------------------------------------------
V++ internal step: running vitis_hls
timestamp: 08 Mar 2024 23:50:11
working dir: C:/hls_projects/compress
cmd: vitis_hls -nolog -run csynth -work_dir C:/hls_projects/compress/compress -config C:/hls_projects/compress/hls_config.cfg -cmdlineconfig C:/hls_projects/compress/compress/hls/config.cmdline
V++ internal step status: success

------------------------------------------
V++ command line :
------------------------------------------
C:/Xilinx/Vitis/2023.2/bin/unwrapped/win64.o/v++.exe -c --mode hls --config C:\hls_projects\compress\hls_config.cfg --work_dir compress 
  Options from -O    : 
  Options from *.ini : 
  Options from Hw Platform : 

==========================================
new:  steps log generated by v++ for new launch 
timestamp: 08 Mar 2024 23:51:36
------------------------------------------
V++ internal step: writing a config file for vitis_hls: C:/hls_projects/compress/compress/hls/config.cmdline
timestamp: 08 Mar 2024 23:51:36
V++ internal step status: success
------------------------------------------
V++ internal step: running vitis_hls
timestamp: 08 Mar 2024 23:51:36
working dir: C:/hls_projects/compress
cmd: vitis_hls -nolog -run csynth -work_dir C:/hls_projects/compress/compress -config C:/hls_projects/compress/hls_config.cfg -cmdlineconfig C:/hls_projects/compress/compress/hls/config.cmdline
V++ internal step status: success

------------------------------------------
V++ command line :
------------------------------------------
C:/Xilinx/Vitis/2023.2/bin/unwrapped/win64.o/v++.exe -c --mode hls --config C:\hls_projects\compress\hls_config.cfg --work_dir compress 
  Options from -O    : 
  Options from *.ini : 
  Options from Hw Platform : 

==========================================
new:  steps log generated by v++ for new launch 
timestamp: 08 Mar 2024 23:52:52
------------------------------------------
V++ internal step: writing a config file for vitis_hls: C:/hls_projects/compress/compress/hls/config.cmdline
timestamp: 08 Mar 2024 23:52:52
V++ internal step status: success
------------------------------------------
V++ internal step: running vitis_hls
timestamp: 08 Mar 2024 23:52:52
working dir: C:/hls_projects/compress
cmd: vitis_hls -nolog -run csynth -work_dir C:/hls_projects/compress/compress -config C:/hls_projects/compress/hls_config.cfg -cmdlineconfig C:/hls_projects/compress/compress/hls/config.cmdline
V++ internal step status: success

------------------------------------------
V++ command line :
------------------------------------------
C:/Xilinx/Vitis/2023.2/bin/unwrapped/win64.o/v++.exe -c --mode hls --config C:\hls_projects\compress\hls_config.cfg --work_dir compress 
  Options from -O    : 
  Options from *.ini : 
  Options from Hw Platform : 

==========================================
new:  steps log generated by v++ for new launch 
timestamp: 09 Mar 2024 10:31:24
------------------------------------------
V++ internal step: writing a config file for vitis_hls: C:/hls_projects/compress/compress/hls/config.cmdline
timestamp: 09 Mar 2024 10:31:24
V++ internal step status: success
------------------------------------------
V++ internal step: running vitis_hls
timestamp: 09 Mar 2024 10:31:24
working dir: C:/hls_projects/compress
cmd: vitis_hls -nolog -run csynth -work_dir C:/hls_projects/compress/compress -config C:/hls_projects/compress/hls_config.cfg -cmdlineconfig C:/hls_projects/compress/compress/hls/config.cmdline
V++ internal step status: success

------------------------------------------
V++ command line :
------------------------------------------
C:/Xilinx/Vitis/2023.2/bin/unwrapped/win64.o/v++.exe -c --mode hls --config C:\hls_projects\compress\hls_config.cfg --work_dir compress 
  Options from -O    : 
  Options from *.ini : 
  Options from Hw Platform : 

==========================================
new:  steps log generated by v++ for new launch 
timestamp: 09 Mar 2024 10:34:53
------------------------------------------
V++ internal step: writing a config file for vitis_hls: C:/hls_projects/compress/compress/hls/config.cmdline
timestamp: 09 Mar 2024 10:34:53
V++ internal step status: success
------------------------------------------
V++ internal step: running vitis_hls
timestamp: 09 Mar 2024 10:34:53
working dir: C:/hls_projects/compress
cmd: vitis_hls -nolog -run csynth -work_dir C:/hls_projects/compress/compress -config C:/hls_projects/compress/hls_config.cfg -cmdlineconfig C:/hls_projects/compress/compress/hls/config.cmdline
V++ internal step status: success

------------------------------------------
V++ command line :
------------------------------------------
C:/Xilinx/Vitis/2023.2/bin/unwrapped/win64.o/v++.exe -c --mode hls --config C:\hls_projects\compress\hls_config.cfg --work_dir compress 
  Options from -O    : 
  Options from *.ini : 
  Options from Hw Platform : 

==========================================
new:  steps log generated by v++ for new launch 
timestamp: 09 Mar 2024 10:36:21
------------------------------------------
V++ internal step: writing a config file for vitis_hls: C:/hls_projects/compress/compress/hls/config.cmdline
timestamp: 09 Mar 2024 10:36:21
V++ internal step status: success
------------------------------------------
V++ internal step: running vitis_hls
timestamp: 09 Mar 2024 10:36:21
working dir: C:/hls_projects/compress
cmd: vitis_hls -nolog -run csynth -work_dir C:/hls_projects/compress/compress -config C:/hls_projects/compress/hls_config.cfg -cmdlineconfig C:/hls_projects/compress/compress/hls/config.cmdline
V++ internal step status: success

------------------------------------------
VITIS-RUN command line :
------------------------------------------
C:/Xilinx/Vitis/2023.2/bin/unwrapped/win64.o/vitis-run.exe --mode hls --cosim --config C:\hls_projects\compress\hls_config.cfg --work_dir compress 
  Options from -O    : 
  Options from *.ini : 
  Options from Hw Platform : 

==========================================
new:  steps log generated by v++ for new launch 
timestamp: 09 Mar 2024 10:37:11
------------------------------------------
VITIS-RUN internal step: writing a config file for vitis_hls: C:/hls_projects/compress/compress/hls/config.cmdline
timestamp: 09 Mar 2024 10:37:11
VITIS-RUN internal step status: success
------------------------------------------
VITIS-RUN internal step: running vitis_hls
timestamp: 09 Mar 2024 10:37:11
working dir: C:/hls_projects/compress
cmd: vitis_hls -nolog -run cosim -work_dir C:/hls_projects/compress/compress -config C:/hls_projects/compress/hls_config.cfg -cmdlineconfig C:/hls_projects/compress/compress/hls/config.cmdline
VITIS-RUN internal step status: fail

------------------------------------------
VITIS-RUN command line :
------------------------------------------
C:/Xilinx/Vitis/2023.2/bin/unwrapped/win64.o/vitis-run.exe --mode hls --csim --config C:\hls_projects\compress\hls_config.cfg --work_dir compress 
  Options from -O    : 
  Options from *.ini : 
  Options from Hw Platform : 

==========================================
new:  steps log generated by v++ for new launch 
timestamp: 09 Mar 2024 10:39:04
------------------------------------------
VITIS-RUN internal step: writing a config file for vitis_hls: C:/hls_projects/compress/compress/hls/config.cmdline
timestamp: 09 Mar 2024 10:39:04
VITIS-RUN internal step status: success
------------------------------------------
VITIS-RUN internal step: running vitis_hls
timestamp: 09 Mar 2024 10:39:04
working dir: C:/hls_projects/compress
cmd: vitis_hls -nolog -run csim -work_dir C:/hls_projects/compress/compress -config C:/hls_projects/compress/hls_config.cfg -cmdlineconfig C:/hls_projects/compress/compress/hls/config.cmdline
VITIS-RUN internal step status: success

------------------------------------------
VITIS-RUN command line :
------------------------------------------
C:/Xilinx/Vitis/2023.2/bin/unwrapped/win64.o/vitis-run.exe --mode hls --cosim --config C:\hls_projects\compress\hls_config.cfg --work_dir compress 
  Options from -O    : 
  Options from *.ini : 
  Options from Hw Platform : 

==========================================
new:  steps log generated by v++ for new launch 
timestamp: 09 Mar 2024 10:39:24
------------------------------------------
VITIS-RUN internal step: writing a config file for vitis_hls: C:/hls_projects/compress/compress/hls/config.cmdline
timestamp: 09 Mar 2024 10:39:24
VITIS-RUN internal step status: success
------------------------------------------
VITIS-RUN internal step: running vitis_hls
timestamp: 09 Mar 2024 10:39:24
working dir: C:/hls_projects/compress
cmd: vitis_hls -nolog -run cosim -work_dir C:/hls_projects/compress/compress -config C:/hls_projects/compress/hls_config.cfg -cmdlineconfig C:/hls_projects/compress/compress/hls/config.cmdline
VITIS-RUN internal step status: fail

------------------------------------------
V++ command line :
------------------------------------------
C:/Xilinx/Vitis/2023.2/bin/unwrapped/win64.o/v++.exe -c --mode hls --config C:\hls_projects\compress\hls_config.cfg --work_dir compress 
  Options from -O    : 
  Options from *.ini : 
  Options from Hw Platform : 

==========================================
new:  steps log generated by v++ for new launch 
timestamp: 09 Mar 2024 10:39:40
------------------------------------------
V++ internal step: writing a config file for vitis_hls: C:/hls_projects/compress/compress/hls/config.cmdline
timestamp: 09 Mar 2024 10:39:40
V++ internal step status: success
------------------------------------------
V++ internal step: running vitis_hls
timestamp: 09 Mar 2024 10:39:40
working dir: C:/hls_projects/compress
cmd: vitis_hls -nolog -run csynth -work_dir C:/hls_projects/compress/compress -config C:/hls_projects/compress/hls_config.cfg -cmdlineconfig C:/hls_projects/compress/compress/hls/config.cmdline
V++ internal step status: success

------------------------------------------
VITIS-RUN command line :
------------------------------------------
C:/Xilinx/Vitis/2023.2/bin/unwrapped/win64.o/vitis-run.exe --mode hls --cosim --config C:\hls_projects\compress\hls_config.cfg --work_dir compress 
  Options from -O    : 
  Options from *.ini : 
  Options from Hw Platform : 

==========================================
new:  steps log generated by v++ for new launch 
timestamp: 09 Mar 2024 10:40:29
------------------------------------------
VITIS-RUN internal step: writing a config file for vitis_hls: C:/hls_projects/compress/compress/hls/config.cmdline
timestamp: 09 Mar 2024 10:40:29
VITIS-RUN internal step status: success
------------------------------------------
VITIS-RUN internal step: running vitis_hls
timestamp: 09 Mar 2024 10:40:29
working dir: C:/hls_projects/compress
cmd: vitis_hls -nolog -run cosim -work_dir C:/hls_projects/compress/compress -config C:/hls_projects/compress/hls_config.cfg -cmdlineconfig C:/hls_projects/compress/compress/hls/config.cmdline
VITIS-RUN internal step status: success

------------------------------------------
VITIS-RUN command line :
------------------------------------------
C:/Xilinx/Vitis/2023.2/bin/unwrapped/win64.o/vitis-run.exe --mode hls --cosim --config C:\hls_projects\compress\hls_config.cfg --work_dir compress 
  Options from -O    : 
  Options from *.ini : 
  Options from Hw Platform : 

==========================================
new:  steps log generated by v++ for new launch 
timestamp: 09 Mar 2024 10:41:27
------------------------------------------
VITIS-RUN internal step: writing a config file for vitis_hls: C:/hls_projects/compress/compress/hls/config.cmdline
timestamp: 09 Mar 2024 10:41:27
VITIS-RUN internal step status: success
------------------------------------------
VITIS-RUN internal step: running vitis_hls
timestamp: 09 Mar 2024 10:41:27
working dir: C:/hls_projects/compress
cmd: vitis_hls -nolog -run cosim -work_dir C:/hls_projects/compress/compress -config C:/hls_projects/compress/hls_config.cfg -cmdlineconfig C:/hls_projects/compress/compress/hls/config.cmdline
VITIS-RUN internal step status: success

------------------------------------------
VITIS-RUN command line :
------------------------------------------
C:/Xilinx/Vitis/2023.2/bin/unwrapped/win64.o/vitis-run.exe --mode hls --package --config C:\hls_projects\compress\hls_config.cfg --work_dir compress 
  Options from -O    : 
  Options from *.ini : 
  Options from Hw Platform : 

==========================================
new:  steps log generated by v++ for new launch 
timestamp: 09 Mar 2024 10:41:56
------------------------------------------
VITIS-RUN internal step: writing a config file for vitis_hls: C:/hls_projects/compress/compress/hls/config.cmdline
timestamp: 09 Mar 2024 10:41:56
VITIS-RUN internal step status: success
------------------------------------------
VITIS-RUN internal step: running vitis_hls
timestamp: 09 Mar 2024 10:41:56
working dir: C:/hls_projects/compress
cmd: vitis_hls -nolog -run package -work_dir C:/hls_projects/compress/compress -config C:/hls_projects/compress/hls_config.cfg -cmdlineconfig C:/hls_projects/compress/compress/hls/config.cmdline
VITIS-RUN internal step status: success

------------------------------------------
V++ command line :
------------------------------------------
C:/Xilinx/Vitis/2023.2/bin/unwrapped/win64.o/v++.exe -c --mode hls --config C:\hls_projects\compress\hls_config.cfg --work_dir compress 
  Options from -O    : 
  Options from *.ini : 
  Options from Hw Platform : 

==========================================
new:  steps log generated by v++ for new launch 
timestamp: 09 Mar 2024 12:25:22
------------------------------------------
V++ internal step: writing a config file for vitis_hls: C:/hls_projects/compress/compress/hls/config.cmdline
timestamp: 09 Mar 2024 12:25:22
V++ internal step status: success
------------------------------------------
V++ internal step: running vitis_hls
timestamp: 09 Mar 2024 12:25:22
working dir: C:/hls_projects/compress
cmd: vitis_hls -nolog -run csynth -work_dir C:/hls_projects/compress/compress -config C:/hls_projects/compress/hls_config.cfg -cmdlineconfig C:/hls_projects/compress/compress/hls/config.cmdline
V++ internal step status: success

------------------------------------------
VITIS-RUN command line :
------------------------------------------
C:/Xilinx/Vitis/2023.2/bin/unwrapped/win64.o/vitis-run.exe --mode hls --cosim --config C:\hls_projects\compress\hls_config.cfg --work_dir compress 
  Options from -O    : 
  Options from *.ini : 
  Options from Hw Platform : 

==========================================
new:  steps log generated by v++ for new launch 
timestamp: 09 Mar 2024 12:33:48
------------------------------------------
VITIS-RUN internal step: writing a config file for vitis_hls: C:/hls_projects/compress/compress/hls/config.cmdline
timestamp: 09 Mar 2024 12:33:48
VITIS-RUN internal step status: success
------------------------------------------
VITIS-RUN internal step: running vitis_hls
timestamp: 09 Mar 2024 12:33:48
working dir: C:/hls_projects/compress
cmd: vitis_hls -nolog -run cosim -work_dir C:/hls_projects/compress/compress -config C:/hls_projects/compress/hls_config.cfg -cmdlineconfig C:/hls_projects/compress/compress/hls/config.cmdline
VITIS-RUN internal step status: success

------------------------------------------
VITIS-RUN command line :
------------------------------------------
C:/Xilinx/Vitis/2023.2/bin/unwrapped/win64.o/vitis-run.exe --mode hls --package --config C:\hls_projects\compress\hls_config.cfg --work_dir compress 
  Options from -O    : 
  Options from *.ini : 
  Options from Hw Platform : 

==========================================
new:  steps log generated by v++ for new launch 
timestamp: 09 Mar 2024 12:34:59
------------------------------------------
VITIS-RUN internal step: writing a config file for vitis_hls: C:/hls_projects/compress/compress/hls/config.cmdline
timestamp: 09 Mar 2024 12:34:59
VITIS-RUN internal step status: success
------------------------------------------
VITIS-RUN internal step: running vitis_hls
timestamp: 09 Mar 2024 12:34:59
working dir: C:/hls_projects/compress
cmd: vitis_hls -nolog -run package -work_dir C:/hls_projects/compress/compress -config C:/hls_projects/compress/hls_config.cfg -cmdlineconfig C:/hls_projects/compress/compress/hls/config.cmdline
VITIS-RUN internal step status: success

------------------------------------------
V++ command line :
------------------------------------------
C:/Xilinx/Vitis/2023.2/bin/unwrapped/win64.o/v++.exe -c --mode hls --config C:\hls_projects\compress\hls_config.cfg --work_dir compress 
  Options from -O    : 
  Options from *.ini : 
  Options from Hw Platform : 

==========================================
new:  steps log generated by v++ for new launch 
timestamp: 11 Mar 2024 17:38:34
------------------------------------------
V++ internal step: writing a config file for vitis_hls: C:/hls_projects/compress/compress/hls/config.cmdline
timestamp: 11 Mar 2024 17:38:34
V++ internal step status: success
------------------------------------------
V++ internal step: running vitis_hls
timestamp: 11 Mar 2024 17:38:34
working dir: C:/hls_projects/compress
cmd: vitis_hls -nolog -run csynth -work_dir C:/hls_projects/compress/compress -config C:/hls_projects/compress/hls_config.cfg -cmdlineconfig C:/hls_projects/compress/compress/hls/config.cmdline
V++ internal step status: success

------------------------------------------
V++ command line :
------------------------------------------
C:/Xilinx/Vitis/2023.2/bin/unwrapped/win64.o/v++.exe -c --mode hls --config C:\hls_projects\compress\hls_config.cfg --work_dir compress 
  Options from -O    : 
  Options from *.ini : 
  Options from Hw Platform : 

==========================================
new:  steps log generated by v++ for new launch 
timestamp: 17 Mar 2024 18:42:29
------------------------------------------
V++ internal step: writing a config file for vitis_hls: C:/hls_projects/compress/compress/hls/config.cmdline
timestamp: 17 Mar 2024 18:42:29
V++ internal step status: success
------------------------------------------
V++ internal step: running vitis_hls
timestamp: 17 Mar 2024 18:42:29
working dir: C:/hls_projects/compress
cmd: vitis_hls -nolog -run csynth -work_dir C:/hls_projects/compress/compress -config C:/hls_projects/compress/hls_config.cfg -cmdlineconfig C:/hls_projects/compress/compress/hls/config.cmdline
V++ internal step status: success

------------------------------------------
VITIS-RUN command line :
------------------------------------------
C:/Xilinx/Vitis/2023.2/bin/unwrapped/win64.o/vitis-run.exe --mode hls --csim --config C:\hls_projects\compress\hls_config.cfg --work_dir compress 
  Options from -O    : 
  Options from *.ini : 
  Options from Hw Platform : 

==========================================
new:  steps log generated by v++ for new launch 
timestamp: 17 Mar 2024 18:43:48
------------------------------------------
VITIS-RUN internal step: writing a config file for vitis_hls: C:/hls_projects/compress/compress/hls/config.cmdline
timestamp: 17 Mar 2024 18:43:48
VITIS-RUN internal step status: success
------------------------------------------
VITIS-RUN internal step: running vitis_hls
timestamp: 17 Mar 2024 18:43:48
working dir: C:/hls_projects/compress
cmd: vitis_hls -nolog -run csim -work_dir C:/hls_projects/compress/compress -config C:/hls_projects/compress/hls_config.cfg -cmdlineconfig C:/hls_projects/compress/compress/hls/config.cmdline
VITIS-RUN internal step status: success

------------------------------------------
VITIS-RUN command line :
------------------------------------------
C:/Xilinx/Vitis/2023.2/bin/unwrapped/win64.o/vitis-run.exe --mode hls --csim --config C:\hls_projects\compress\hls_config.cfg --work_dir compress 
  Options from -O    : 
  Options from *.ini : 
  Options from Hw Platform : 

==========================================
new:  steps log generated by v++ for new launch 
timestamp: 17 Mar 2024 18:51:50
------------------------------------------
VITIS-RUN internal step: writing a config file for vitis_hls: C:/hls_projects/compress/compress/hls/config.cmdline
timestamp: 17 Mar 2024 18:51:50
VITIS-RUN internal step status: success
------------------------------------------
VITIS-RUN internal step: running vitis_hls
timestamp: 17 Mar 2024 18:51:50
working dir: C:/hls_projects/compress
cmd: vitis_hls -nolog -run csim -work_dir C:/hls_projects/compress/compress -config C:/hls_projects/compress/hls_config.cfg -cmdlineconfig C:/hls_projects/compress/compress/hls/config.cmdline
VITIS-RUN internal step status: success
