INFO: [v++ 60-1548] Creating build summary session with primary output C:/hls_projects/compress/compress\compress.hlscompile_summary, at 03/17/24 18:42:28
INFO: [v++ 82-31] Launching vitis_hls: vitis_hls -nolog -run csynth -work_dir C:/hls_projects/compress/compress -config C:/hls_projects/compress/hls_config.cfg -cmdlineconfig C:/hls_projects/compress/compress/hls/config.cmdline

****** Vitis HLS - High-Level Synthesis from C, C++ and OpenCL v2023.2 (64-bit)
  **** SW Build 4023990 on Oct 11 2023
  **** IP Build 4028589 on Sat Oct 14 00:45:43 MDT 2023
  **** SharedData Build 4025554 on Tue Oct 10 17:18:54 MDT 2023
    ** Copyright 1986-2022 Xilinx, Inc. All Rights Reserved.
    ** Copyright 2022-2023 Advanced Micro Devices, Inc. All Rights Reserved.

source C:/Xilinx/Vitis_HLS/2023.2/scripts/vitis_hls/hls.tcl -notrace
INFO: [HLS 200-10] Running 'C:/Xilinx/Vitis_HLS/2023.2/bin/unwrapped/win64.o/vitis_hls.exe'
INFO: [HLS 200-10] For user 'shrey' on host 'magnus' (Windows NT_amd64 version 6.2) on Sun Mar 17 18:42:40 -0700 2024
INFO: [HLS 200-10] In directory 'C:/hls_projects/compress'
INFO: [HLS 200-1909] Reading HLS ini file C:/hls_projects/compress/hls_config.cfg
INFO: [HLS 200-1909] Reading HLS ini file C:/hls_projects/compress/compress/hls/config.cmdline
INFO: [HLS 200-2005] Using work_dir C:/hls_projects/compress/compress 
INFO: [HLS 200-1510] Running: open_project C:/hls_projects/compress/compress -diskless 
INFO: [HLS 200-1510] Running: open_solution hls 
INFO: [HLS 200-1505] Using default flow_target 'vivado'
Resolution: For help on HLS 200-1505 see docs.xilinx.com/access/sources/dita/topic?Doc_Version=2023.2%20English&url=ug1448-hls-guidance&resourceid=200-1505.html
INFO: [HLS 200-1510] Running: apply_ini C:/hls_projects/compress/hls_config.cfg 
INFO: [HLS 200-1909] Reading HLS ini file C:/hls_projects/compress/hls_config.cfg
INFO: [HLS 200-1465] Applying ini 'syn.file=C:\hls_projects\compress\compress.cpp' at C:/hls_projects/compress/hls_config.cfg(7)
INFO: [HLS 200-10] Adding design file 'C:/hls_projects/compress/compress.cpp' to the project
INFO: [HLS 200-1465] Applying ini 'syn.file=C:\hls_projects\compress\compress.h' at C:/hls_projects/compress/hls_config.cfg(8)
INFO: [HLS 200-10] Adding design file 'C:/hls_projects/compress/compress.h' to the project
INFO: [HLS 200-1465] Applying ini 'tb.file=C:\hls_projects\compress\compress_test.cpp' at C:/hls_projects/compress/hls_config.cfg(9)
INFO: [HLS 200-10] Adding test bench file 'C:/hls_projects/compress/compress_test.cpp' to the project
INFO: [HLS 200-1465] Applying ini 'syn.top=compress' at C:/hls_projects/compress/hls_config.cfg(10)
INFO: [HLS 200-1465] Applying ini 'flow_target=vivado' at C:/hls_projects/compress/hls_config.cfg(4)
INFO: [HLS 200-1505] Using flow_target 'vivado'
Resolution: For help on HLS 200-1505 see docs.xilinx.com/access/sources/dita/topic?Doc_Version=2023.2%20English&url=ug1448-hls-guidance&resourceid=200-1505.html
INFO: [HLS 200-1465] Applying ini 'part=xck26-sfvc784-2LV-c' at C:/hls_projects/compress/hls_config.cfg(1)
INFO: [HLS 200-1611] Setting target device to 'xck26-sfvc784-2LV-c'
INFO: [HLS 200-1465] Applying ini 'clock=333MHz' at C:/hls_projects/compress/hls_config.cfg(14)
INFO: [SYN 201-201] Setting up clock 'default' with a period of 3.003ns.
INFO: [HLS 200-1465] Applying ini 'package.ip.version=3.0.0' at C:/hls_projects/compress/hls_config.cfg(11)
INFO: [HLS 200-1465] Applying ini 'package.output.format=ip_catalog' at C:/hls_projects/compress/hls_config.cfg(5)
INFO: [HLS 200-1465] Applying ini 'syn.interface.m_axi_alignment_byte_size=8' at C:/hls_projects/compress/hls_config.cfg(13)
INFO: [HLS 200-1465] Applying ini 'syn.interface.m_axi_max_widen_bitwidth=512' at C:/hls_projects/compress/hls_config.cfg(12)
INFO: [HLS 200-1510] Running: apply_ini C:/hls_projects/compress/compress/hls/config.cmdline 
INFO: [HLS 200-1909] Reading HLS ini file C:/hls_projects/compress/compress/hls/config.cmdline
INFO: [HLS 200-1510] Running: csynth_design 
INFO: [HLS 200-111] Finished File checks and directory preparation: CPU user time: 1 seconds. CPU system time: 0 seconds. Elapsed time: 0.803 seconds; current allocated memory: 171.258 MB.
INFO: [HLS 200-10] Analyzing design file 'C:/hls_projects/compress/compress.cpp' ... 
INFO: [HLS 200-111] Finished Source Code Analysis and Preprocessing: CPU user time: 0 seconds. CPU system time: 1 seconds. Elapsed time: 3.74 seconds; current allocated memory: 174.070 MB.
INFO: [HLS 200-777] Using interface defaults for 'Vivado' flow target.
INFO: [HLS 200-1995] There were 5,199 instructions in the design after the 'Compile/Link' phase of compilation. See the Design Size Report for more details: C:/hls_projects/compress/compress/hls/syn/report/csynth_design_size.rpt
INFO: [HLS 200-1995] There were 4,413 instructions in the design after the 'Unroll/Inline (step 1)' phase of compilation. See the Design Size Report for more details: C:/hls_projects/compress/compress/hls/syn/report/csynth_design_size.rpt
INFO: [HLS 200-1995] There were 2,977 instructions in the design after the 'Unroll/Inline (step 2)' phase of compilation. See the Design Size Report for more details: C:/hls_projects/compress/compress/hls/syn/report/csynth_design_size.rpt
INFO: [HLS 200-1995] There were 2,975 instructions in the design after the 'Unroll/Inline (step 3)' phase of compilation. See the Design Size Report for more details: C:/hls_projects/compress/compress/hls/syn/report/csynth_design_size.rpt
INFO: [HLS 200-1995] There were 2,975 instructions in the design after the 'Unroll/Inline (step 4)' phase of compilation. See the Design Size Report for more details: C:/hls_projects/compress/compress/hls/syn/report/csynth_design_size.rpt
INFO: [HLS 200-1995] There were 2,662 instructions in the design after the 'Array/Struct (step 1)' phase of compilation. See the Design Size Report for more details: C:/hls_projects/compress/compress/hls/syn/report/csynth_design_size.rpt
INFO: [HLS 200-1995] There were 2,648 instructions in the design after the 'Array/Struct (step 2)' phase of compilation. See the Design Size Report for more details: C:/hls_projects/compress/compress/hls/syn/report/csynth_design_size.rpt
INFO: [HLS 200-1995] There were 2,648 instructions in the design after the 'Array/Struct (step 3)' phase of compilation. See the Design Size Report for more details: C:/hls_projects/compress/compress/hls/syn/report/csynth_design_size.rpt
INFO: [HLS 200-1995] There were 2,648 instructions in the design after the 'Array/Struct (step 4)' phase of compilation. See the Design Size Report for more details: C:/hls_projects/compress/compress/hls/syn/report/csynth_design_size.rpt
INFO: [HLS 200-1995] There were 2,687 instructions in the design after the 'Array/Struct (step 5)' phase of compilation. See the Design Size Report for more details: C:/hls_projects/compress/compress/hls/syn/report/csynth_design_size.rpt
INFO: [HLS 200-1995] There were 2,668 instructions in the design after the 'Performance (step 1)' phase of compilation. See the Design Size Report for more details: C:/hls_projects/compress/compress/hls/syn/report/csynth_design_size.rpt
INFO: [HLS 200-1995] There were 2,652 instructions in the design after the 'Performance (step 2)' phase of compilation. See the Design Size Report for more details: C:/hls_projects/compress/compress/hls/syn/report/csynth_design_size.rpt
INFO: [HLS 200-1995] There were 2,652 instructions in the design after the 'Performance (step 3)' phase of compilation. See the Design Size Report for more details: C:/hls_projects/compress/compress/hls/syn/report/csynth_design_size.rpt
INFO: [HLS 200-1995] There were 2,652 instructions in the design after the 'Performance (step 4)' phase of compilation. See the Design Size Report for more details: C:/hls_projects/compress/compress/hls/syn/report/csynth_design_size.rpt
INFO: [HLS 200-1995] There were 2,664 instructions in the design after the 'HW Transforms (step 1)' phase of compilation. See the Design Size Report for more details: C:/hls_projects/compress/compress/hls/syn/report/csynth_design_size.rpt
INFO: [HLS 200-1995] There were 2,663 instructions in the design after the 'HW Transforms (step 2)' phase of compilation. See the Design Size Report for more details: C:/hls_projects/compress/compress/hls/syn/report/csynth_design_size.rpt
INFO: [HLS 214-359] Unrolling loop 'compress_label3' (C:/hls_projects/compress/compress.cpp:122:19) in function 'compress': changing partial unrolling into complete unrolling since the unrolling factor (=16) is no less than the loop trip count (=16). (C:/hls_projects/compress/compress.cpp:59:0)
INFO: [HLS 214-186] Unrolling loop 'compress_label3' (C:/hls_projects/compress/compress.cpp:122:19) in function 'compress' completely with a factor of 16 (C:/hls_projects/compress/compress.cpp:59:0)
INFO: [HLS 214-186] Unrolling loop 'compress_label4' (C:/hls_projects/compress/compress.cpp:115:19) in function 'compress' completely with a factor of 8 (C:/hls_projects/compress/compress.cpp:59:0)
INFO: [HLS 214-359] Unrolling loop 'compress_label2' (C:/hls_projects/compress/compress.cpp:96:19) in function 'compress': changing partial unrolling into complete unrolling since the unrolling factor (=16) is no less than the loop trip count (=16). (C:/hls_projects/compress/compress.cpp:59:0)
INFO: [HLS 214-186] Unrolling loop 'compress_label2' (C:/hls_projects/compress/compress.cpp:96:19) in function 'compress' completely with a factor of 16 (C:/hls_projects/compress/compress.cpp:59:0)
INFO: [HLS 214-359] Unrolling loop 'permute_label1' (C:/hls_projects/compress/compress.cpp:48:18) in function 'permute': changing partial unrolling into complete unrolling since the unrolling factor (=16) is no less than the loop trip count (=16). (C:/hls_projects/compress/compress.cpp:42:0)
INFO: [HLS 214-186] Unrolling loop 'permute_label1' (C:/hls_projects/compress/compress.cpp:48:18) in function 'permute' completely with a factor of 16 (C:/hls_projects/compress/compress.cpp:42:0)
INFO: [HLS 214-359] Unrolling loop 'permute_label0' (C:/hls_projects/compress/compress.cpp:44:18) in function 'permute': changing partial unrolling into complete unrolling since the unrolling factor (=16) is no less than the loop trip count (=16). (C:/hls_projects/compress/compress.cpp:42:0)
INFO: [HLS 214-186] Unrolling loop 'permute_label0' (C:/hls_projects/compress/compress.cpp:44:18) in function 'permute' completely with a factor of 16 (C:/hls_projects/compress/compress.cpp:42:0)
INFO: [HLS 214-248] Applying array_partition to 'state': Complete partitioning on dimension 1. (C:/hls_projects/compress/compress.cpp:76:11)
INFO: [HLS 214-248] Applying array_partition to 'block': Complete partitioning on dimension 1. (C:/hls_projects/compress/compress.cpp:95:12)
INFO: [HLS 214-115] Multiple burst reads of length 4 and bit width 64 has been inferred on bundle 'data0'. These burst requests might be further partitioned into multiple requests during RTL generation, based on max_read_burst_length or max_write_burst_length settings. (C:/hls_projects/compress/compress.cpp:77:7)
INFO: [HLS 214-115] Multiple burst reads of length 8 and bit width 64 has been inferred on bundle 'data1'. These burst requests might be further partitioned into multiple requests during RTL generation, based on max_read_burst_length or max_write_burst_length settings. (C:/hls_projects/compress/compress.cpp:98:13)
INFO: [HLS 214-115] Multiple burst writes of length 8 and bit width 64 has been inferred on bundle 'data2'. These burst requests might be further partitioned into multiple requests during RTL generation, based on max_read_burst_length or max_write_burst_length settings. (C:/hls_projects/compress/compress.cpp:126:1)
INFO: [HLS 200-111] Finished Compiling Optimization and Transform: CPU user time: 0 seconds. CPU system time: 0 seconds. Elapsed time: 13.466 seconds; current allocated memory: 176.820 MB.
INFO: [HLS 200-111] Finished Checking Pragmas: CPU user time: 0 seconds. CPU system time: 0 seconds. Elapsed time: 0.001 seconds; current allocated memory: 176.859 MB.
INFO: [HLS 200-10] Starting code transformations ...
INFO: [HLS 200-111] Finished Standard Transforms: CPU user time: 0 seconds. CPU system time: 0 seconds. Elapsed time: 0.309 seconds; current allocated memory: 183.016 MB.
INFO: [HLS 200-10] Checking synthesizability ...
INFO: [HLS 200-111] Finished Checking Synthesizability: CPU user time: 0 seconds. CPU system time: 0 seconds. Elapsed time: 0.117 seconds; current allocated memory: 184.898 MB.
INFO: [XFORM 203-602] Inlining function 'permute' into 'compress' (C:/hls_projects/compress/compress.cpp:102) automatically.
INFO: [HLS 200-111] Finished Loop, function and other optimizations: CPU user time: 0 seconds. CPU system time: 0 seconds. Elapsed time: 0.248 seconds; current allocated memory: 207.129 MB.
INFO: [HLS 200-111] Finished Architecture Synthesis: CPU user time: 0 seconds. CPU system time: 0 seconds. Elapsed time: 0.198 seconds; current allocated memory: 218.969 MB.
INFO: [HLS 200-10] Starting hardware synthesis ...
INFO: [HLS 200-10] Synthesizing 'compress' ...
INFO: [HLS 200-10] ----------------------------------------------------------------
INFO: [HLS 200-42] -- Implementing module 'rotate_right' 
INFO: [HLS 200-10] ----------------------------------------------------------------
INFO: [SCHED 204-11] Starting scheduling ...
INFO: [SCHED 204-11] Finished scheduling.
INFO: [HLS 200-111] Finished Scheduling: CPU user time: 0 seconds. CPU system time: 0 seconds. Elapsed time: 0.75 seconds; current allocated memory: 222.426 MB.
INFO: [BIND 205-100] Starting micro-architecture generation ...
INFO: [BIND 205-101] Performing variable lifetime analysis.
INFO: [BIND 205-101] Exploring resource sharing.
INFO: [BIND 205-101] Binding ...
INFO: [BIND 205-100] Finished micro-architecture generation.
INFO: [HLS 200-111] Finished Binding: CPU user time: 0 seconds. CPU system time: 0 seconds. Elapsed time: 0.282 seconds; current allocated memory: 223.578 MB.
INFO: [HLS 200-10] ----------------------------------------------------------------
INFO: [HLS 200-42] -- Implementing module 'round_function' 
INFO: [HLS 200-10] ----------------------------------------------------------------
INFO: [SCHED 204-11] Starting scheduling ...
INFO: [SCHED 204-11] Finished scheduling.
INFO: [HLS 200-111] Finished Scheduling: CPU user time: 0 seconds. CPU system time: 0 seconds. Elapsed time: 0.405 seconds; current allocated memory: 225.844 MB.
INFO: [BIND 205-100] Starting micro-architecture generation ...
INFO: [BIND 205-101] Performing variable lifetime analysis.
INFO: [BIND 205-101] Exploring resource sharing.
INFO: [BIND 205-101] Binding ...
INFO: [BIND 205-100] Finished micro-architecture generation.
INFO: [HLS 200-111] Finished Binding: CPU user time: 0 seconds. CPU system time: 0 seconds. Elapsed time: 0.278 seconds; current allocated memory: 226.137 MB.
INFO: [HLS 200-10] ----------------------------------------------------------------
INFO: [HLS 200-42] -- Implementing module 'compress' 
INFO: [HLS 200-10] ----------------------------------------------------------------
INFO: [SCHED 204-11] Starting scheduling ...
INFO: [SCHED 204-11] Finished scheduling.
INFO: [HLS 200-111] Finished Scheduling: CPU user time: 0 seconds. CPU system time: 0 seconds. Elapsed time: 0.412 seconds; current allocated memory: 227.941 MB.
INFO: [BIND 205-100] Starting micro-architecture generation ...
INFO: [BIND 205-101] Performing variable lifetime analysis.
INFO: [BIND 205-101] Exploring resource sharing.
INFO: [BIND 205-101] Binding ...
INFO: [BIND 205-100] Finished micro-architecture generation.
INFO: [HLS 200-111] Finished Binding: CPU user time: 0 seconds. CPU system time: 0 seconds. Elapsed time: 0.195 seconds; current allocated memory: 228.230 MB.
INFO: [HLS 200-10] ----------------------------------------------------------------
INFO: [HLS 200-10] -- Generating RTL for module 'rotate_right' 
INFO: [HLS 200-10] ----------------------------------------------------------------
INFO: [RTGEN 206-100] Finished creating RTL model for 'rotate_right'.
INFO: [HLS 200-111] Finished Creating RTL model: CPU user time: 1 seconds. CPU system time: 0 seconds. Elapsed time: 0.422 seconds; current allocated memory: 229.527 MB.
INFO: [HLS 200-10] ----------------------------------------------------------------
INFO: [HLS 200-10] -- Generating RTL for module 'round_function' 
INFO: [HLS 200-10] ----------------------------------------------------------------
INFO: [RTGEN 206-100] Finished creating RTL model for 'round_function'.
INFO: [HLS 200-111] Finished Creating RTL model: CPU user time: 0 seconds. CPU system time: 0 seconds. Elapsed time: 0.843 seconds; current allocated memory: 232.723 MB.
INFO: [HLS 200-10] ----------------------------------------------------------------
INFO: [HLS 200-10] -- Generating RTL for module 'compress' 
INFO: [HLS 200-10] ----------------------------------------------------------------
WARNING: [RTGEN 206-101] Design contains AXI ports. Reset is fixed to synchronous and active low.
INFO: [RTGEN 206-500] Setting interface mode on port 'compress/data0' to 'm_axi'.
INFO: [RTGEN 206-500] Setting interface mode on port 'compress/data1' to 'm_axi'.
INFO: [RTGEN 206-500] Setting interface mode on port 'compress/data2' to 'm_axi'.
INFO: [RTGEN 206-500] Setting interface mode on port 'compress/chaining_value' to 's_axilite & ap_none' (register).
INFO: [RTGEN 206-500] Setting interface mode on port 'compress/block_words' to 's_axilite & ap_none' (register).
INFO: [RTGEN 206-500] Setting interface mode on port 'compress/counter' to 's_axilite & ap_none' (register).
INFO: [RTGEN 206-500] Setting interface mode on port 'compress/block_len' to 's_axilite & ap_none' (register).
INFO: [RTGEN 206-500] Setting interface mode on port 'compress/flags' to 's_axilite & ap_none' (register).
INFO: [RTGEN 206-500] Setting interface mode on port 'compress/out_r' to 's_axilite & ap_none' (register).
INFO: [RTGEN 206-500] Setting interface mode on function 'compress' to 's_axilite & ap_ctrl_hs'.
INFO: [RTGEN 206-100] Bundling port 'chaining_value', 'block_words', 'counter', 'block_len', 'flags', 'out_r' and 'return' to AXI-Lite port ctrl.
INFO: [RTGEN 206-100] Finished creating RTL model for 'compress'.
INFO: [HLS 200-111] Finished Creating RTL model: CPU user time: 0 seconds. CPU system time: 2 seconds. Elapsed time: 6.75 seconds; current allocated memory: 239.703 MB.
INFO: [HLS 200-111] Finished Generating all RTL models: CPU user time: 0 seconds. CPU system time: 2 seconds. Elapsed time: 7.899 seconds; current allocated memory: 245.348 MB.
INFO: [HLS 200-1603] Design has inferred MAXI bursts and missed bursts, see Vitis HLS GUI synthesis summary report for detailed information.
INFO: [HLS 200-111] Finished Updating report files: CPU user time: 1 seconds. CPU system time: 2 seconds. Elapsed time: 7.688 seconds; current allocated memory: 251.914 MB.
INFO: [VHDL 208-304] Generating VHDL RTL for compress.
INFO: [VLOG 209-307] Generating Verilog RTL for compress.
INFO: [HLS 200-789] **** Estimated Fmax: 401.14 MHz
INFO: [HLS 200-111] Finished Command csynth_design CPU user time: 2 seconds. CPU system time: 7 seconds. Elapsed time: 45.997 seconds; current allocated memory: 81.164 MB.
INFO: [HLS 200-1510] Running: close_project 
INFO: [HLS 200-112] Total CPU user time: 4 seconds. Total CPU system time: 9 seconds. Total elapsed time: 65.437 seconds; peak allocated memory: 252.020 MB.
INFO: [Common 17-206] Exiting vitis_hls at Sun Mar 17 18:43:38 2024...
INFO: [v++ 60-791] Total elapsed time: 0h 1m 13s
