

================================================================
== Vitis HLS Report for 'round_function'
================================================================
* Date:           Sun Mar 17 18:43:16 2024

* Version:        2023.2 (Build 4023990 on Oct 11 2023)
* Project:        compress
* Solution:       hls (Vivado IP Flow Target)
* Product family: zynquplus
* Target device:  xck26-sfvc784-2LV-c


================================================================
== Performance Estimates
================================================================
+ Timing: 
    * Summary: 
    +--------+---------+----------+------------+
    |  Clock |  Target | Estimated| Uncertainty|
    +--------+---------+----------+------------+
    |ap_clk  |  3.00 ns|  2.090 ns|     0.81 ns|
    +--------+---------+----------+------------+

+ Latency: 
    * Summary: 
    +---------+---------+-----------+-----------+-----+-----+---------+
    |  Latency (cycles) |   Latency (absolute)  |  Interval | Pipeline|
    |   min   |   max   |    min    |    max    | min | max |   Type  |
    +---------+---------+-----------+-----------+-----+-----+---------+
    |       31|       31|  93.093 ns|  93.093 ns|   31|   31|       no|
    +---------+---------+-----------+-----------+-----+-----+---------+

    + Detail: 
        * Instance: 
        +-------------------------+--------------+---------+---------+----------+----------+-----+-----+---------+
        |                         |              |  Latency (cycles) |  Latency (absolute) |  Interval | Pipeline|
        |         Instance        |    Module    |   min   |   max   |    min   |    max   | min | max |   Type  |
        +-------------------------+--------------+---------+---------+----------+----------+-----+-----+---------+
        |grp_rotate_right_fu_270  |rotate_right  |        1|        1|  3.003 ns|  3.003 ns|    1|    1|       no|
        |grp_rotate_right_fu_277  |rotate_right  |        1|        1|  3.003 ns|  3.003 ns|    1|    1|       no|
        |grp_rotate_right_fu_284  |rotate_right  |        1|        1|  3.003 ns|  3.003 ns|    1|    1|       no|
        |grp_rotate_right_fu_291  |rotate_right  |        1|        1|  3.003 ns|  3.003 ns|    1|    1|       no|
        +-------------------------+--------------+---------+---------+----------+----------+-----+-----+---------+

        * Loop: 
        N/A



================================================================
== Utilization Estimates
================================================================
* Summary: 
+-----------------+---------+------+--------+--------+-----+
|       Name      | BRAM_18K|  DSP |   FF   |   LUT  | URAM|
+-----------------+---------+------+--------+--------+-----+
|DSP              |        -|     -|       -|       -|    -|
|Expression       |        -|     -|       0|    2674|    -|
|FIFO             |        -|     -|       -|       -|    -|
|Instance         |        -|     -|     160|    1044|    -|
|Memory           |        -|     -|       -|       -|    -|
|Multiplexer      |        -|     -|       -|     569|    -|
|Register         |        -|     -|    2844|       -|    -|
+-----------------+---------+------+--------+--------+-----+
|Total            |        0|     0|    3004|    4287|    0|
+-----------------+---------+------+--------+--------+-----+
|Available        |      288|  1248|  234240|  117120|   64|
+-----------------+---------+------+--------+--------+-----+
|Utilization (%)  |        0|     0|       1|       3|    0|
+-----------------+---------+------+--------+--------+-----+

+ Detail: 
    * Instance: 
    +-------------------------+--------------+---------+----+----+-----+-----+
    |         Instance        |    Module    | BRAM_18K| DSP| FF | LUT | URAM|
    +-------------------------+--------------+---------+----+----+-----+-----+
    |grp_rotate_right_fu_270  |rotate_right  |        0|   0|  40|  261|    0|
    |grp_rotate_right_fu_277  |rotate_right  |        0|   0|  40|  261|    0|
    |grp_rotate_right_fu_284  |rotate_right  |        0|   0|  40|  261|    0|
    |grp_rotate_right_fu_291  |rotate_right  |        0|   0|  40|  261|    0|
    +-------------------------+--------------+---------+----+----+-----+-----+
    |Total                    |              |        0|   0| 160| 1044|    0|
    +-------------------------+--------------+---------+----+----+-----+-----+

    * DSP: 
    N/A

    * Memory: 
    N/A

    * FIFO: 
    N/A

    * Expression: 
    +----------------------------------+----------+----+---+----+------------+------------+
    |           Variable Name          | Operation| DSP| FF| LUT| Bitwidth P0| Bitwidth P1|
    +----------------------------------+----------+----+---+----+------------+------------+
    |add_ln30_1_fu_348_p2              |         +|   0|  0|  32|          32|          32|
    |add_ln30_2_fu_414_p2              |         +|   0|  0|  39|          32|          32|
    |add_ln30_3_fu_458_p2              |         +|   0|  0|  32|          32|          32|
    |add_ln30_4_fu_464_p2              |         +|   0|  0|  32|          32|          32|
    |add_ln30_5_fu_526_p2              |         +|   0|  0|  39|          32|          32|
    |add_ln30_fu_342_p2                |         +|   0|  0|  32|          32|          32|
    |add_ln31_1_fu_360_p2              |         +|   0|  0|  32|          32|          32|
    |add_ln31_2_fu_420_p2              |         +|   0|  0|  39|          32|          32|
    |add_ln31_3_fu_469_p2              |         +|   0|  0|  32|          32|          32|
    |add_ln31_4_fu_475_p2              |         +|   0|  0|  32|          32|          32|
    |add_ln31_5_fu_531_p2              |         +|   0|  0|  39|          32|          32|
    |add_ln31_fu_354_p2                |         +|   0|  0|  32|          32|          32|
    |add_ln32_1_fu_372_p2              |         +|   0|  0|  32|          32|          32|
    |add_ln32_2_fu_426_p2              |         +|   0|  0|  39|          32|          32|
    |add_ln32_3_fu_480_p2              |         +|   0|  0|  32|          32|          32|
    |add_ln32_4_fu_486_p2              |         +|   0|  0|  32|          32|          32|
    |add_ln32_5_fu_536_p2              |         +|   0|  0|  39|          32|          32|
    |add_ln32_fu_366_p2                |         +|   0|  0|  32|          32|          32|
    |add_ln33_1_fu_384_p2              |         +|   0|  0|  32|          32|          32|
    |add_ln33_2_fu_432_p2              |         +|   0|  0|  39|          32|          32|
    |add_ln33_3_fu_491_p2              |         +|   0|  0|  32|          32|          32|
    |add_ln33_4_fu_497_p2              |         +|   0|  0|  32|          32|          32|
    |add_ln33_5_fu_541_p2              |         +|   0|  0|  39|          32|          32|
    |add_ln33_fu_378_p2                |         +|   0|  0|  32|          32|          32|
    |add_ln36_1_fu_576_p2              |         +|   0|  0|  32|          32|          32|
    |add_ln36_2_fu_638_p2              |         +|   0|  0|  39|          32|          32|
    |add_ln36_3_fu_682_p2              |         +|   0|  0|  32|          32|          32|
    |add_ln36_4_fu_688_p2              |         +|   0|  0|  32|          32|          32|
    |add_ln36_5_fu_750_p2              |         +|   0|  0|  39|          32|          32|
    |add_ln36_fu_570_p2                |         +|   0|  0|  32|          32|          32|
    |add_ln37_1_fu_587_p2              |         +|   0|  0|  32|          32|          32|
    |add_ln37_2_fu_643_p2              |         +|   0|  0|  39|          32|          32|
    |add_ln37_3_fu_693_p2              |         +|   0|  0|  32|          32|          32|
    |add_ln37_4_fu_699_p2              |         +|   0|  0|  32|          32|          32|
    |add_ln37_5_fu_755_p2              |         +|   0|  0|  39|          32|          32|
    |add_ln37_fu_581_p2                |         +|   0|  0|  32|          32|          32|
    |add_ln38_1_fu_598_p2              |         +|   0|  0|  32|          32|          32|
    |add_ln38_2_fu_648_p2              |         +|   0|  0|  39|          32|          32|
    |add_ln38_3_fu_704_p2              |         +|   0|  0|  32|          32|          32|
    |add_ln38_4_fu_710_p2              |         +|   0|  0|  32|          32|          32|
    |add_ln38_5_fu_760_p2              |         +|   0|  0|  39|          32|          32|
    |add_ln38_fu_592_p2                |         +|   0|  0|  32|          32|          32|
    |add_ln39_1_fu_608_p2              |         +|   0|  0|  32|          32|          32|
    |add_ln39_2_fu_653_p2              |         +|   0|  0|  39|          32|          32|
    |add_ln39_3_fu_715_p2              |         +|   0|  0|  32|          32|          32|
    |add_ln39_4_fu_721_p2              |         +|   0|  0|  32|          32|          32|
    |add_ln39_5_fu_765_p2              |         +|   0|  0|  39|          32|          32|
    |add_ln39_fu_603_p2                |         +|   0|  0|  32|          32|          32|
    |ap_block_state12_on_subcall_done  |        or|   0|  0|   2|           1|           1|
    |xor_ln30_1_fu_438_p2              |       xor|   0|  0|  32|          32|          32|
    |xor_ln30_2_fu_502_p2              |       xor|   0|  0|  32|          32|          32|
    |xor_ln30_3_fu_546_p2              |       xor|   0|  0|  32|          32|          32|
    |xor_ln30_fu_390_p2                |       xor|   0|  0|  32|          32|          32|
    |xor_ln31_1_fu_443_p2              |       xor|   0|  0|  32|          32|          32|
    |xor_ln31_2_fu_508_p2              |       xor|   0|  0|  32|          32|          32|
    |xor_ln31_3_fu_552_p2              |       xor|   0|  0|  32|          32|          32|
    |xor_ln31_fu_396_p2                |       xor|   0|  0|  32|          32|          32|
    |xor_ln32_1_fu_448_p2              |       xor|   0|  0|  32|          32|          32|
    |xor_ln32_2_fu_514_p2              |       xor|   0|  0|  32|          32|          32|
    |xor_ln32_3_fu_558_p2              |       xor|   0|  0|  32|          32|          32|
    |xor_ln32_fu_402_p2                |       xor|   0|  0|  32|          32|          32|
    |xor_ln33_1_fu_453_p2              |       xor|   0|  0|  32|          32|          32|
    |xor_ln33_2_fu_520_p2              |       xor|   0|  0|  32|          32|          32|
    |xor_ln33_3_fu_564_p2              |       xor|   0|  0|  32|          32|          32|
    |xor_ln33_fu_408_p2                |       xor|   0|  0|  32|          32|          32|
    |xor_ln36_1_fu_658_p2              |       xor|   0|  0|  32|          32|          32|
    |xor_ln36_2_fu_726_p2              |       xor|   0|  0|  32|          32|          32|
    |xor_ln36_3_fu_770_p2              |       xor|   0|  0|  32|          32|          32|
    |xor_ln36_fu_614_p2                |       xor|   0|  0|  32|          32|          32|
    |xor_ln37_1_fu_664_p2              |       xor|   0|  0|  32|          32|          32|
    |xor_ln37_2_fu_732_p2              |       xor|   0|  0|  32|          32|          32|
    |xor_ln37_3_fu_776_p2              |       xor|   0|  0|  32|          32|          32|
    |xor_ln37_fu_620_p2                |       xor|   0|  0|  32|          32|          32|
    |xor_ln38_1_fu_670_p2              |       xor|   0|  0|  32|          32|          32|
    |xor_ln38_2_fu_738_p2              |       xor|   0|  0|  32|          32|          32|
    |xor_ln38_3_fu_782_p2              |       xor|   0|  0|  32|          32|          32|
    |xor_ln38_fu_626_p2                |       xor|   0|  0|  32|          32|          32|
    |xor_ln39_1_fu_676_p2              |       xor|   0|  0|  32|          32|          32|
    |xor_ln39_2_fu_744_p2              |       xor|   0|  0|  32|          32|          32|
    |xor_ln39_3_fu_788_p2              |       xor|   0|  0|  32|          32|          32|
    |xor_ln39_fu_632_p2                |       xor|   0|  0|  32|          32|          32|
    +----------------------------------+----------+----+---+----+------------+------------+
    |Total                             |          |   0|  0|2674|        2561|        2561|
    +----------------------------------+----------+----+---+----+------------+------------+

    * Multiplexer: 
    +---------------------------+-----+-----------+-----+-----------+
    |            Name           | LUT | Input Size| Bits| Total Bits|
    +---------------------------+-----+-----------+-----+-----------+
    |ap_NS_fsm                  |  125|         25|    1|         25|
    |ap_return_0                |    9|          2|   32|         64|
    |ap_return_1                |    9|          2|   32|         64|
    |ap_return_10               |    9|          2|   32|         64|
    |ap_return_11               |    9|          2|   32|         64|
    |ap_return_12               |    9|          2|   32|         64|
    |ap_return_13               |    9|          2|   32|         64|
    |ap_return_14               |    9|          2|   32|         64|
    |ap_return_15               |    9|          2|   32|         64|
    |ap_return_2                |    9|          2|   32|         64|
    |ap_return_3                |    9|          2|   32|         64|
    |ap_return_4                |    9|          2|   32|         64|
    |ap_return_5                |    9|          2|   32|         64|
    |ap_return_6                |    9|          2|   32|         64|
    |ap_return_7                |    9|          2|   32|         64|
    |ap_return_8                |    9|          2|   32|         64|
    |ap_return_9                |    9|          2|   32|         64|
    |grp_rotate_right_fu_270_n  |   26|          5|    5|         25|
    |grp_rotate_right_fu_270_x  |   49|          9|   32|        288|
    |grp_rotate_right_fu_277_n  |   26|          5|    5|         25|
    |grp_rotate_right_fu_277_x  |   49|          9|   32|        288|
    |grp_rotate_right_fu_284_n  |   26|          5|    5|         25|
    |grp_rotate_right_fu_284_x  |   49|          9|   32|        288|
    |grp_rotate_right_fu_291_n  |   26|          5|    5|         25|
    |grp_rotate_right_fu_291_x  |   49|          9|   32|        288|
    +---------------------------+-----+-----------+-----+-----------+
    |Total                      |  569|        113|  661|       2301|
    +---------------------------+-----+-----------+-----+-----------+

    * Register: 
    +--------------------------------------+----+----+-----+-----------+
    |                 Name                 | FF | LUT| Bits| Const Bits|
    +--------------------------------------+----+----+-----+-----------+
    |add_ln30_1_reg_902                    |  32|   0|   32|          0|
    |add_ln30_2_reg_946                    |  32|   0|   32|          0|
    |add_ln30_4_reg_990                    |  32|   0|   32|          0|
    |add_ln30_5_reg_1034                   |  32|   0|   32|          0|
    |add_ln31_1_reg_908                    |  32|   0|   32|          0|
    |add_ln31_2_reg_952                    |  32|   0|   32|          0|
    |add_ln31_4_reg_996                    |  32|   0|   32|          0|
    |add_ln31_5_reg_1040                   |  32|   0|   32|          0|
    |add_ln32_1_reg_914                    |  32|   0|   32|          0|
    |add_ln32_2_reg_958                    |  32|   0|   32|          0|
    |add_ln32_4_reg_1002                   |  32|   0|   32|          0|
    |add_ln32_5_reg_1046                   |  32|   0|   32|          0|
    |add_ln33_1_reg_920                    |  32|   0|   32|          0|
    |add_ln33_2_reg_964                    |  32|   0|   32|          0|
    |add_ln33_4_reg_1008                   |  32|   0|   32|          0|
    |add_ln33_5_reg_1052                   |  32|   0|   32|          0|
    |add_ln36_1_reg_1078                   |  32|   0|   32|          0|
    |add_ln36_2_reg_1122                   |  32|   0|   32|          0|
    |add_ln36_4_reg_1166                   |  32|   0|   32|          0|
    |add_ln36_5_reg_1210                   |  32|   0|   32|          0|
    |add_ln37_1_reg_1084                   |  32|   0|   32|          0|
    |add_ln37_2_reg_1128                   |  32|   0|   32|          0|
    |add_ln37_4_reg_1172                   |  32|   0|   32|          0|
    |add_ln37_5_reg_1216                   |  32|   0|   32|          0|
    |add_ln38_1_reg_1090                   |  32|   0|   32|          0|
    |add_ln38_2_reg_1134                   |  32|   0|   32|          0|
    |add_ln38_4_reg_1178                   |  32|   0|   32|          0|
    |add_ln38_5_reg_1222                   |  32|   0|   32|          0|
    |add_ln39_1_reg_1096                   |  32|   0|   32|          0|
    |add_ln39_2_reg_1140                   |  32|   0|   32|          0|
    |add_ln39_4_reg_1184                   |  32|   0|   32|          0|
    |add_ln39_5_reg_1228                   |  32|   0|   32|          0|
    |ap_CS_fsm                             |  24|   0|   24|          0|
    |ap_return_0_preg                      |  32|   0|   32|          0|
    |ap_return_10_preg                     |  32|   0|   32|          0|
    |ap_return_11_preg                     |  32|   0|   32|          0|
    |ap_return_12_preg                     |  32|   0|   32|          0|
    |ap_return_13_preg                     |  32|   0|   32|          0|
    |ap_return_14_preg                     |  32|   0|   32|          0|
    |ap_return_15_preg                     |  32|   0|   32|          0|
    |ap_return_1_preg                      |  32|   0|   32|          0|
    |ap_return_2_preg                      |  32|   0|   32|          0|
    |ap_return_3_preg                      |  32|   0|   32|          0|
    |ap_return_4_preg                      |  32|   0|   32|          0|
    |ap_return_5_preg                      |  32|   0|   32|          0|
    |ap_return_6_preg                      |  32|   0|   32|          0|
    |ap_return_7_preg                      |  32|   0|   32|          0|
    |ap_return_8_preg                      |  32|   0|   32|          0|
    |ap_return_9_preg                      |  32|   0|   32|          0|
    |grp_rotate_right_fu_270_ap_start_reg  |   1|   0|    1|          0|
    |grp_rotate_right_fu_277_ap_start_reg  |   1|   0|    1|          0|
    |grp_rotate_right_fu_284_ap_start_reg  |   1|   0|    1|          0|
    |grp_rotate_right_fu_291_ap_start_reg  |   1|   0|    1|          0|
    |reg_310                               |  32|   0|   32|          0|
    |reg_314                               |  32|   0|   32|          0|
    |reg_318                               |  32|   0|   32|          0|
    |reg_322                               |  32|   0|   32|          0|
    |reg_326                               |  32|   0|   32|          0|
    |reg_330                               |  32|   0|   32|          0|
    |reg_334                               |  32|   0|   32|          0|
    |reg_338                               |  32|   0|   32|          0|
    |xor_ln30_1_reg_970                    |  32|   0|   32|          0|
    |xor_ln30_2_reg_1014                   |  32|   0|   32|          0|
    |xor_ln30_3_reg_1058                   |  32|   0|   32|          0|
    |xor_ln30_reg_926                      |  32|   0|   32|          0|
    |xor_ln31_1_reg_975                    |  32|   0|   32|          0|
    |xor_ln31_2_reg_1019                   |  32|   0|   32|          0|
    |xor_ln31_3_reg_1063                   |  32|   0|   32|          0|
    |xor_ln31_reg_931                      |  32|   0|   32|          0|
    |xor_ln32_1_reg_980                    |  32|   0|   32|          0|
    |xor_ln32_2_reg_1024                   |  32|   0|   32|          0|
    |xor_ln32_3_reg_1068                   |  32|   0|   32|          0|
    |xor_ln32_reg_936                      |  32|   0|   32|          0|
    |xor_ln33_1_reg_985                    |  32|   0|   32|          0|
    |xor_ln33_2_reg_1029                   |  32|   0|   32|          0|
    |xor_ln33_3_reg_1073                   |  32|   0|   32|          0|
    |xor_ln33_reg_941                      |  32|   0|   32|          0|
    |xor_ln36_1_reg_1146                   |  32|   0|   32|          0|
    |xor_ln36_2_reg_1190                   |  32|   0|   32|          0|
    |xor_ln36_3_reg_1234                   |  32|   0|   32|          0|
    |xor_ln36_reg_1102                     |  32|   0|   32|          0|
    |xor_ln37_1_reg_1151                   |  32|   0|   32|          0|
    |xor_ln37_2_reg_1195                   |  32|   0|   32|          0|
    |xor_ln37_3_reg_1239                   |  32|   0|   32|          0|
    |xor_ln37_reg_1107                     |  32|   0|   32|          0|
    |xor_ln38_1_reg_1156                   |  32|   0|   32|          0|
    |xor_ln38_2_reg_1200                   |  32|   0|   32|          0|
    |xor_ln38_3_reg_1244                   |  32|   0|   32|          0|
    |xor_ln38_reg_1112                     |  32|   0|   32|          0|
    |xor_ln39_1_reg_1161                   |  32|   0|   32|          0|
    |xor_ln39_2_reg_1205                   |  32|   0|   32|          0|
    |xor_ln39_3_reg_1249                   |  32|   0|   32|          0|
    |xor_ln39_reg_1117                     |  32|   0|   32|          0|
    +--------------------------------------+----+----+-----+-----------+
    |Total                                 |2844|   0| 2844|          0|
    +--------------------------------------+----+----+-----+-----------+



================================================================
== Interface
================================================================
* Summary: 
+-----------------+-----+-----+------------+-----------------+--------------+
|    RTL Ports    | Dir | Bits|  Protocol  |  Source Object  |    C Type    |
+-----------------+-----+-----+------------+-----------------+--------------+
|ap_clk           |   in|    1|  ap_ctrl_hs|   round_function|  return value|
|ap_rst           |   in|    1|  ap_ctrl_hs|   round_function|  return value|
|ap_start         |   in|    1|  ap_ctrl_hs|   round_function|  return value|
|ap_done          |  out|    1|  ap_ctrl_hs|   round_function|  return value|
|ap_idle          |  out|    1|  ap_ctrl_hs|   round_function|  return value|
|ap_ready         |  out|    1|  ap_ctrl_hs|   round_function|  return value|
|ap_return_0      |  out|   32|  ap_ctrl_hs|   round_function|  return value|
|ap_return_1      |  out|   32|  ap_ctrl_hs|   round_function|  return value|
|ap_return_2      |  out|   32|  ap_ctrl_hs|   round_function|  return value|
|ap_return_3      |  out|   32|  ap_ctrl_hs|   round_function|  return value|
|ap_return_4      |  out|   32|  ap_ctrl_hs|   round_function|  return value|
|ap_return_5      |  out|   32|  ap_ctrl_hs|   round_function|  return value|
|ap_return_6      |  out|   32|  ap_ctrl_hs|   round_function|  return value|
|ap_return_7      |  out|   32|  ap_ctrl_hs|   round_function|  return value|
|ap_return_8      |  out|   32|  ap_ctrl_hs|   round_function|  return value|
|ap_return_9      |  out|   32|  ap_ctrl_hs|   round_function|  return value|
|ap_return_10     |  out|   32|  ap_ctrl_hs|   round_function|  return value|
|ap_return_11     |  out|   32|  ap_ctrl_hs|   round_function|  return value|
|ap_return_12     |  out|   32|  ap_ctrl_hs|   round_function|  return value|
|ap_return_13     |  out|   32|  ap_ctrl_hs|   round_function|  return value|
|ap_return_14     |  out|   32|  ap_ctrl_hs|   round_function|  return value|
|ap_return_15     |  out|   32|  ap_ctrl_hs|   round_function|  return value|
|state_0_read     |   in|   32|     ap_none|     state_0_read|        scalar|
|state_1_read     |   in|   32|     ap_none|     state_1_read|        scalar|
|state_2_read     |   in|   32|     ap_none|     state_2_read|        scalar|
|state_3_read     |   in|   32|     ap_none|     state_3_read|        scalar|
|state_4_read     |   in|   32|     ap_none|     state_4_read|        scalar|
|state_5_read     |   in|   32|     ap_none|     state_5_read|        scalar|
|state_6_read     |   in|   32|     ap_none|     state_6_read|        scalar|
|state_7_read     |   in|   32|     ap_none|     state_7_read|        scalar|
|state_8_read     |   in|   32|     ap_none|     state_8_read|        scalar|
|state_9_read     |   in|   32|     ap_none|     state_9_read|        scalar|
|state_10_read    |   in|   32|     ap_none|    state_10_read|        scalar|
|state_11_read    |   in|   32|     ap_none|    state_11_read|        scalar|
|state_1213_read  |   in|   32|     ap_none|  state_1213_read|        scalar|
|state_13_read    |   in|   32|     ap_none|    state_13_read|        scalar|
|state_14_read    |   in|   32|     ap_none|    state_14_read|        scalar|
|state_15_read    |   in|   32|     ap_none|    state_15_read|        scalar|
|m_0_val          |   in|   32|     ap_none|          m_0_val|        scalar|
|m_1_val          |   in|   32|     ap_none|          m_1_val|        scalar|
|m_2_val          |   in|   32|     ap_none|          m_2_val|        scalar|
|m_3_val          |   in|   32|     ap_none|          m_3_val|        scalar|
|m_4_val          |   in|   32|     ap_none|          m_4_val|        scalar|
|m_5_val          |   in|   32|     ap_none|          m_5_val|        scalar|
|m_6_val          |   in|   32|     ap_none|          m_6_val|        scalar|
|m_7_val          |   in|   32|     ap_none|          m_7_val|        scalar|
|m_8_val          |   in|   32|     ap_none|          m_8_val|        scalar|
|m_9_val          |   in|   32|     ap_none|          m_9_val|        scalar|
|m_10_val         |   in|   32|     ap_none|         m_10_val|        scalar|
|m_11_val         |   in|   32|     ap_none|         m_11_val|        scalar|
|m_12_val         |   in|   32|     ap_none|         m_12_val|        scalar|
|m_13_val         |   in|   32|     ap_none|         m_13_val|        scalar|
|m_14_val         |   in|   32|     ap_none|         m_14_val|        scalar|
|m_15_val         |   in|   32|     ap_none|         m_15_val|        scalar|
+-----------------+-----+-----+------------+-----------------+--------------+

