INFO-FLOW: Workspace C:/hls_projects/compress/compress/hls opened at Sun Mar 17 18:42:42 -0700 2024
Execute     send_msg_by_id INFO @200-1505@%s%s default  vivado 
INFO: [HLS 200-1505] Using default flow_target 'vivado'
Command   open_solution done; 0.277 sec.
Execute   apply_ini C:/hls_projects/compress/hls_config.cfg 
INFO: [HLS 200-1510] Running: apply_ini C:/hls_projects/compress/hls_config.cfg 
Execute     send_msg_by_id INFO @200-1909@%s C:/hls_projects/compress/hls_config.cfg 
INFO: [HLS 200-1909] Reading HLS ini file C:/hls_projects/compress/hls_config.cfg
Execute     send_msg_by_id INFO @200-1465@%s 'syn.file=C:\hls_projects\compress\compress.cpp' at C:/hls_projects/compress/hls_config.cfg(7) 
INFO: [HLS 200-1465] Applying ini 'syn.file=C:\hls_projects\compress\compress.cpp' at C:/hls_projects/compress/hls_config.cfg(7)
Execute     add_files C:\hls_projects\compress\compress.cpp 
INFO: [HLS 200-10] Adding design file 'C:/hls_projects/compress/compress.cpp' to the project
Execute     send_msg_by_id INFO @200-1465@%s 'syn.file=C:\hls_projects\compress\compress.h' at C:/hls_projects/compress/hls_config.cfg(8) 
INFO: [HLS 200-1465] Applying ini 'syn.file=C:\hls_projects\compress\compress.h' at C:/hls_projects/compress/hls_config.cfg(8)
Execute     add_files C:\hls_projects\compress\compress.h 
INFO: [HLS 200-10] Adding design file 'C:/hls_projects/compress/compress.h' to the project
Execute     send_msg_by_id INFO @200-1465@%s 'tb.file=C:\hls_projects\compress\compress_test.cpp' at C:/hls_projects/compress/hls_config.cfg(9) 
INFO: [HLS 200-1465] Applying ini 'tb.file=C:\hls_projects\compress\compress_test.cpp' at C:/hls_projects/compress/hls_config.cfg(9)
Execute     add_files -tb C:\hls_projects\compress\compress_test.cpp 
INFO: [HLS 200-10] Adding test bench file 'C:/hls_projects/compress/compress_test.cpp' to the project
Execute     send_msg_by_id INFO @200-1465@%s 'syn.top=compress' at C:/hls_projects/compress/hls_config.cfg(10) 
INFO: [HLS 200-1465] Applying ini 'syn.top=compress' at C:/hls_projects/compress/hls_config.cfg(10)
Execute     set_top compress 
Execute     send_msg_by_id INFO @200-1465@%s 'flow_target=vivado' at C:/hls_projects/compress/hls_config.cfg(4) 
INFO: [HLS 200-1465] Applying ini 'flow_target=vivado' at C:/hls_projects/compress/hls_config.cfg(4)
Execute     send_msg_by_id INFO @200-1505@%s%s  vivado 
INFO: [HLS 200-1505] Using flow_target 'vivado'
Execute     send_msg_by_id INFO @200-1465@%s 'part=xck26-sfvc784-2LV-c' at C:/hls_projects/compress/hls_config.cfg(1) 
INFO: [HLS 200-1465] Applying ini 'part=xck26-sfvc784-2LV-c' at C:/hls_projects/compress/hls_config.cfg(1)
Execute     set_part xck26-sfvc784-2LV-c 
Execute       create_platform xck26-sfvc784-2LV-c -board  
DBG:HLSDevice: Trying to load device library: C:/Xilinx\Vitis_HLS\2023.2\lib\win64.o\xv_hlsvwrap.dll
DBG:HLSDevice: first parts/arch.xml in RDI_DATADIR: C:/Xilinx/Vivado/2023.2/data/parts/arch.xml
DBG:HLSDevice: init success
INFO: [HLS 200-1611] Setting target device to 'xck26-sfvc784-2LV-c'
Command       create_platform done; 8.856 sec.
Execute       source C:/Xilinx/Vitis_HLS/2023.2/common/technology/xilinx/common/xilinx.gen 
Execute         source C:/Xilinx/Vitis_HLS/2023.2/common/technology/xilinx/interface/plb46.gen 
Execute         source C:/Xilinx/Vitis_HLS/2023.2/common/technology/xilinx/interface/axi4.gen 
Execute         source C:/Xilinx/Vitis_HLS/2023.2/common/technology/xilinx/interface/nativeAXI4.gen 
Execute           source C:/Xilinx/Vitis_HLS/2023.2/common/technology/xilinx/interface/saxilite.gen 
Execute         source C:/Xilinx/Vitis_HLS/2023.2/common/technology/xilinx/scripts/xilinxcoregen.gen 
Execute         source C:/Xilinx/Vitis_HLS/2023.2/common/technology/xilinx/interface/XilEDKCoreGen.gen 
Execute         source C:/Xilinx/Vitis_HLS/2023.2/common/technology/xilinx/ip/dds_compiler.gen 
Execute         source C:/Xilinx/Vitis_HLS/2023.2/common/technology/xilinx/ip/util.gen 
Execute         source C:/Xilinx/Vitis_HLS/2023.2/common/technology/xilinx/ip/xfft.gen 
Command         ap_source done; 0.163 sec.
Execute         source C:/Xilinx/Vitis_HLS/2023.2/common/technology/xilinx/ip/xfir.gen 
Execute         source C:/Xilinx/Vitis_HLS/2023.2/common/technology/xilinx/DSP48/dsp48.gen 
Command       ap_source done; 0.561 sec.
Execute       ap_part_info -name xck26-sfvc784-2LV-c -data info 
Command       ap_part_info done; 0.125 sec.
Execute       config_compile -quiet -complex-mul-dsp=0 
Command     set_part done; 9.597 sec.
Execute     send_msg_by_id INFO @200-1465@%s 'clock=333MHz' at C:/hls_projects/compress/hls_config.cfg(14) 
INFO: [HLS 200-1465] Applying ini 'clock=333MHz' at C:/hls_projects/compress/hls_config.cfg(14)
Execute     create_clock -period 333MHz 
Execute       ap_set_clock -name default -period 3.003 -unit ns -default=false 
INFO: [SYN 201-201] Setting up clock 'default' with a period of 3.003ns.
Execute     send_msg_by_id INFO @200-1465@%s 'package.ip.version=3.0.0' at C:/hls_projects/compress/hls_config.cfg(11) 
INFO: [HLS 200-1465] Applying ini 'package.ip.version=3.0.0' at C:/hls_projects/compress/hls_config.cfg(11)
Execute     config_export -version=3.0.0 
Execute     send_msg_by_id INFO @200-1465@%s 'package.output.format=ip_catalog' at C:/hls_projects/compress/hls_config.cfg(5) 
INFO: [HLS 200-1465] Applying ini 'package.output.format=ip_catalog' at C:/hls_projects/compress/hls_config.cfg(5)
Execute     config_export -format=ip_catalog 
Execute     send_msg_by_id INFO @200-1465@%s 'syn.interface.m_axi_alignment_byte_size=8' at C:/hls_projects/compress/hls_config.cfg(13) 
INFO: [HLS 200-1465] Applying ini 'syn.interface.m_axi_alignment_byte_size=8' at C:/hls_projects/compress/hls_config.cfg(13)
Execute     config_interface -m_axi_alignment_byte_size=8 
Execute     send_msg_by_id INFO @200-1465@%s 'syn.interface.m_axi_max_widen_bitwidth=512' at C:/hls_projects/compress/hls_config.cfg(12) 
INFO: [HLS 200-1465] Applying ini 'syn.interface.m_axi_max_widen_bitwidth=512' at C:/hls_projects/compress/hls_config.cfg(12)
Execute     config_interface -m_axi_max_widen_bitwidth=512 
Command   apply_ini done; 9.927 sec.
Execute   apply_ini C:/hls_projects/compress/compress/hls/config.cmdline 
INFO: [HLS 200-1510] Running: apply_ini C:/hls_projects/compress/compress/hls/config.cmdline 
Execute     send_msg_by_id INFO @200-1909@%s C:/hls_projects/compress/compress/hls/config.cmdline 
INFO: [HLS 200-1909] Reading HLS ini file C:/hls_projects/compress/compress/hls/config.cmdline
Execute   csynth_design 
INFO: [HLS 200-1510] Running: csynth_design 
INFO-FLOW: Running SLX 'csynth' proc: ::SLX::run_csynth
Execute     elaborate -effort=medium -skip_syncheck=0 -keep_printf=0 -skip_cdt=0 -skip_transform=0 -ng=0 -g=0 -opt_fp=0 -from_csynth_design=1 
INFO: [HLS 200-111] Finished File checks and directory preparation: CPU user time: 1 seconds. CPU system time: 0 seconds. Elapsed time: 0.803 seconds; current allocated memory: 171.258 MB.
Execute       set_directive_top compress -name=compress 
Execute       source C:/Xilinx/Vitis_HLS/2023.2/tps/tcl/tcllib1.11.1/yaml/huddle.tcl 
Execute       source C:/Xilinx/Vitis_HLS/2023.2/tps/tcl/tcllib1.11.1/yaml/json2huddle.tcl 
INFO: [HLS 200-10] Analyzing design file 'C:/hls_projects/compress/compress.cpp' ... 
INFO-FLOW: Compiling one TU...
INFO-FLOW: Handling C:/hls_projects/compress/compress.cpp as C++
Execute       ap_part_info -name xck26-sfvc784-2LV-c -data info 
Command       ap_part_info done; 0.106 sec.
INFO-FLOW: Running: GCC PP 39
INFO-FLOW: Source preprocessing
INFO-FLOW: run_clang exec: C:/Xilinx/Vitis_HLS/2023.2/win64/tools/clang-3.9-csynth/bin/clang C:/hls_projects/compress/compress.cpp -foptimization-record-file=C:/hls_projects/compress/compress/hls/.autopilot/db/compress.cpp.clang.diag.yml -mllvm -pass-remarks-missed=reflow|pasta|unroll -mllvm -pass-remarks=reflow|pasta|unroll|inline -fno-limit-debug-info --sysroot C:/Xilinx/Vitis_HLS/2023.2/tps/mingw/8.3.0/win64.o/nt -fhls -fno-exceptions -insert-hls-directive=C:/hls_projects/compress/compress/hls/.autopilot/db/all.directive.json -E -fno-math-errno -c -emit-llvm -mllvm -disable-llvm-optzns -Werror=implicit-function-declaration -Werror=implicit-hls-streams -Werror=return-type -Wpragmas -Wunused-parameter -Wdump-hls-pragmas -Wno-error=dump-hls-pragmas -hls-clock-period=3.003 -fno-threadsafe-statics -fno-use-cxa-atexit -std=gnu++14 -target fpga64-xilinx-mingw32 -fno-threadsafe-statics -fno-use-cxa-atexit -D__VITIS_HLS__ -DAESL_SYN -D__SYNTHESIS__ -D__HLS_SYN__ -I C:/Xilinx/Vitis_HLS/2023.2/common/technology/autopilot -I C:/Xilinx/Vitis_HLS/2023.2/common/technology/autopilot/ap_sysc -include etc/autopilot_ssdm_op.h -D__DSP48E2__ -I /usr/include/x86_64-linux-gnu -o C:/hls_projects/compress/compress/hls/.autopilot/db/compress.pp.0.cpp {-hls-platform-db-name=C:/Xilinx\Vitis_HLS\2023.2\common/technology\xilinx/common/platform.db} -hls-platform-name=zynquplus_medium -device-resource-info=BRAM_288.000000_DSP_1248.000000_FF_234240.000000_LUT_117120.000000_SLICE_14640.000000_URAM_64.000000 -device-name-info=xck26-sfvc784-2LV-c > C:/hls_projects/compress/compress/hls/.autopilot/db/compress.cpp.clang.out.log 2> C:/hls_projects/compress/compress/hls/.autopilot/db/compress.cpp.clang.err.log
INFO-FLOW: Done: GCC PP 39 time: 0.9 seconds per iteration
INFO-FLOW: Source syntax check for synthesis
INFO-FLOW: run_clang exec: C:/Xilinx/Vitis_HLS/2023.2/win64/tools/clang-3.9-csynth/bin/clang -foptimization-record-file=C:/hls_projects/compress/compress/hls/.autopilot/db/clang.diag.yml -mllvm -pass-remarks-missed=reflow|pasta|unroll -mllvm -pass-remarks=reflow|pasta|unroll|inline -fsyntax-only -fhls -target fpga64-xilinx-linux-gnu C:/hls_projects/compress/compress/hls/.autopilot/db/compress.pp.0.cpp {-hls-platform-db-name=C:/Xilinx\Vitis_HLS\2023.2\common/technology\xilinx/common/platform.db} -hls-platform-name=zynquplus_medium -device-resource-info=BRAM_288.000000_DSP_1248.000000_FF_234240.000000_LUT_117120.000000_SLICE_14640.000000_URAM_64.000000 -device-name-info=xck26-sfvc784-2LV-c > C:/hls_projects/compress/compress/hls/.autopilot/db/clang.out.log 2> C:/hls_projects/compress/compress/hls/.autopilot/db/clang.err.log
Execute       clang_tidy xilinx-systemc-detector -desc systemc-detector C:/hls_projects/compress/compress/hls/.autopilot/db/compress.pp.0.cpp std=gnu++14 -target fpga  -directive=C:/hls_projects/compress/compress/hls/.autopilot/db/.systemc_flag 
INFO-FLOW: exec C:/Xilinx/Vitis_HLS/2023.2/win64/tools/clang-3.9-csynth/bin/clang-tidy -header-filter=.* --checks=-*,xilinx-systemc-detector -import-directive=C:/hls_projects/compress/compress/hls/.autopilot/db/.systemc_flag -fix-errors C:/hls_projects/compress/compress/hls/.autopilot/db/compress.pp.0.cpp -- -std=gnu++14 -target fpga -fhls -ferror-limit=0
Command       clang_tidy done; 0.475 sec.
INFO-FLOW: Running: clang-tidy CDT preprocess 39
Execute       clang_tidy xilinx-directive2pragma -desc directive2pragma C:/hls_projects/compress/compress/hls/.autopilot/db/compress.pp.0.cpp std=gnu++14 -target fpga  -directive=C:/hls_projects/compress/compress/hls/.autopilot/db/all.directive.json 
INFO-FLOW: exec C:/Xilinx/Vitis_HLS/2023.2/win64/tools/clang-3.9-csynth/bin/clang-tidy -header-filter=.* --checks=-*,xilinx-directive2pragma -import-directive=C:/hls_projects/compress/compress/hls/.autopilot/db/all.directive.json -fix-errors C:/hls_projects/compress/compress/hls/.autopilot/db/compress.pp.0.cpp -- -std=gnu++14 -target fpga -fhls -ferror-limit=0
Command       clang_tidy done; 0.237 sec.
INFO-FLOW: Done: clang-tidy CDT preprocess 39 time: 0.2 seconds per iteration
INFO-FLOW: Calling xilinx-label-all-loops ... 
INFO-FLOW: Calling xilinx-aggregate-on-hls-vector ... 
Execute       clang_tidy -errorcheck -desc loop-label xilinx-label-all-loops,xilinx-aggregate-on-hls-vector,,xilinx-warn-mayneed-no-ctor-attribute C:/hls_projects/compress/compress/hls/.autopilot/db/compress.pp.0.cpp std=gnu++14 -target fpga  
INFO-FLOW: run_clang exec: C:/Xilinx/Vitis_HLS/2023.2/win64/tools/clang-3.9-csynth/bin/clang-tidy -export-fixes=C:/hls_projects/compress/compress/hls/.autopilot/db/compress.pp.0.cpp.clang-tidy.loop-label.diag.yml -header-filter=.* --checks=-*,xilinx-label-all-loops,xilinx-aggregate-on-hls-vector,,xilinx-warn-mayneed-no-ctor-attribute -fix-errors C:/hls_projects/compress/compress/hls/.autopilot/db/compress.pp.0.cpp -- -std=gnu++14 -target fpga -fhls -ferror-limit=0 > C:/hls_projects/compress/compress/hls/.autopilot/db/compress.pp.0.cpp.clang-tidy.loop-label.out.log 2> C:/hls_projects/compress/compress/hls/.autopilot/db/compress.pp.0.cpp.clang-tidy.loop-label.err.log
Command       clang_tidy done; 0.128 sec.
INFO-FLOW: run_clang exec: C:/Xilinx/Vitis_HLS/2023.2/win64/tools/clang-3.9-csynth/bin/xilinx-dataflow-lawyer -export-fixes=C:/hls_projects/compress/compress/hls/.autopilot/db/compress.pp.0.cpp.xilinx-dataflow-lawyer.diag.yml C:/hls_projects/compress/compress/hls/.autopilot/db/compress.pp.0.cpp -- -std=gnu++14 -target fpga -fhls -ferror-limit=0 -fstrict-dataflow > C:/hls_projects/compress/compress/hls/.autopilot/db/compress.pp.0.cpp.xilinx-dataflow-lawyer.out.log 2> C:/hls_projects/compress/compress/hls/.autopilot/db/compress.pp.0.cpp.xilinx-dataflow-lawyer.err.log
Execute       ap_part_info -name xck26-sfvc784-2LV-c -data info 
Command       ap_part_info done; 0.128 sec.
INFO-FLOW: compiling source code to llvm bc
INFO-FLOW: run_clang exec: C:/Xilinx/Vitis_HLS/2023.2/win64/tools/clang-3.9-csynth/bin/clang -foptimization-record-file=C:/hls_projects/compress/compress/hls/.autopilot/db/compress.pp.0.cpp.clang.diag.yml -mllvm -pass-remarks-missed=reflow|pasta|unroll -mllvm -pass-remarks=reflow|pasta|unroll|inline -fno-limit-debug-info -fhls -flto -fno-exceptions -Wno-error=c++11-narrowing -hls-emit-hint-scope C:/hls_projects/compress/compress/hls/.autopilot/db/compress.pp.0.cpp -fno-math-errno -c -emit-llvm -mllvm -disable-llvm-optzns -Werror=implicit-function-declaration -Werror=implicit-hls-streams -Werror=return-type -Wpragmas -Wunused-parameter -Wdump-hls-pragmas -Wno-error=dump-hls-pragmas -hls-clock-period=3.003 -fno-threadsafe-statics -fno-use-cxa-atexit -std=gnu++14 -target fpga64-xilinx-linux-gnu -D__VITIS_HLS__ -DAESL_SYN -D__SYNTHESIS__ -D__HLS_SYN__ -I C:/Xilinx/Vitis_HLS/2023.2/common/technology/autopilot -I C:/Xilinx/Vitis_HLS/2023.2/common/technology/autopilot/ap_sysc -include etc/autopilot_ssdm_op.h -D__DSP48E2__ -g -o C:/hls_projects/compress/compress/hls/.autopilot/db/compress.bc {-hls-platform-db-name=C:/Xilinx\Vitis_HLS\2023.2\common/technology\xilinx/common/platform.db} -hls-platform-name=zynquplus_medium -device-resource-info=BRAM_288.000000_DSP_1248.000000_FF_234240.000000_LUT_117120.000000_SLICE_14640.000000_URAM_64.000000 -device-name-info=xck26-sfvc784-2LV-c > C:/hls_projects/compress/compress/hls/.autopilot/db/compress.pp.0.cpp.clang.out.log 2> C:/hls_projects/compress/compress/hls/.autopilot/db/compress.pp.0.cpp.clang.err.log
INFO: [HLS 200-111] Finished Source Code Analysis and Preprocessing: CPU user time: 0 seconds. CPU system time: 1 seconds. Elapsed time: 3.74 seconds; current allocated memory: 174.070 MB.
INFO-FLOW: Linking Debug ...
INFO-FLOW: Linking dut bc code.
Execute       run_link_or_opt -out C:/hls_projects/compress/compress/hls/.autopilot/db/a.g.ld.0.bc -args  "C:/hls_projects/compress/compress/hls/.autopilot/db/compress.g.bc"  
INFO-FLOW: run_clang exec: C:/Xilinx/Vitis_HLS/2023.2/win64/tools/clang-3.9-csynth/bin/llvm-link C:/hls_projects/compress/compress/hls/.autopilot/db/compress.g.bc -o C:/hls_projects/compress/compress/hls/.autopilot/db/a.g.ld.0.bc > C:/hls_projects/compress/compress/hls/.autopilot/db/a.g.ld.0.bc.llvm-link.out.log 2> C:/hls_projects/compress/compress/hls/.autopilot/db/a.g.ld.0.bc.llvm-link.err.log
INFO-FLOW: 
Command       run_link_or_opt done; 0.251 sec.
Execute       run_link_or_opt -opt -out C:/hls_projects/compress/compress/hls/.autopilot/db/a.g.ld.1.lower.bc -args C:/hls_projects/compress/compress/hls/.autopilot/db/a.g.ld.0.bc -reflow-lower-math-intrinsics 
INFO-FLOW: run_clang exec: C:/Xilinx/Vitis_HLS/2023.2/win64/tools/clang-3.9-csynth/bin/opt -pass-remarks-missed=reflow|pasta|unroll -pass-remarks=reflow|pasta|unroll|inline -pass-remarks-output=C:/hls_projects/compress/compress/hls/.autopilot/db/a.g.ld.1.lower.bc.opt.diag.yml C:/hls_projects/compress/compress/hls/.autopilot/db/a.g.ld.0.bc -reflow-lower-math-intrinsics -o C:/hls_projects/compress/compress/hls/.autopilot/db/a.g.ld.1.lower.bc > C:/hls_projects/compress/compress/hls/.autopilot/db/a.g.ld.1.lower.bc.opt.out.log 2> C:/hls_projects/compress/compress/hls/.autopilot/db/a.g.ld.1.lower.bc.opt.err.log
INFO-FLOW: 
INFO-FLOW: Running: gen_design_size_report post-opt
INFO-FLOW: Done: gen_design_size_report post-opt time: 0 seconds per iteration
Command       run_link_or_opt done; 0.653 sec.
INFO-FLOW: Linking math bc lib
Execute       run_link_or_opt -out C:/hls_projects/compress/compress/hls/.autopilot/db/a.g.ld.2.m1.bc -args C:/hls_projects/compress/compress/hls/.autopilot/db/a.g.ld.1.lower.bc -only-needed C:/Xilinx/Vitis_HLS/2023.2/win64/lib/libhlsm_39.bc C:/Xilinx/Vitis_HLS/2023.2/win64/lib/libhlsmc++_39.bc 
INFO-FLOW: run_clang exec: C:/Xilinx/Vitis_HLS/2023.2/win64/tools/clang-3.9-csynth/bin/llvm-link C:/hls_projects/compress/compress/hls/.autopilot/db/a.g.ld.1.lower.bc -only-needed C:/Xilinx/Vitis_HLS/2023.2/win64/lib/libhlsm_39.bc C:/Xilinx/Vitis_HLS/2023.2/win64/lib/libhlsmc++_39.bc -o C:/hls_projects/compress/compress/hls/.autopilot/db/a.g.ld.2.m1.bc > C:/hls_projects/compress/compress/hls/.autopilot/db/a.g.ld.2.m1.bc.llvm-link.out.log 2> C:/hls_projects/compress/compress/hls/.autopilot/db/a.g.ld.2.m1.bc.llvm-link.err.log
INFO-FLOW: 
Command       run_link_or_opt done; 3.663 sec.
Execute       run_link_or_opt -opt -out C:/hls_projects/compress/compress/hls/.autopilot/db/a.g.ld.3.fpc.bc -args C:/hls_projects/compress/compress/hls/.autopilot/db/a.g.ld.2.m1.bc -reflow-globaldce -hls-top-function-name=compress -reflow-float-conversion 
INFO-FLOW: run_clang exec: C:/Xilinx/Vitis_HLS/2023.2/win64/tools/clang-3.9-csynth/bin/opt -pass-remarks-missed=reflow|pasta|unroll -pass-remarks=reflow|pasta|unroll|inline -pass-remarks-output=C:/hls_projects/compress/compress/hls/.autopilot/db/a.g.ld.3.fpc.bc.opt.diag.yml C:/hls_projects/compress/compress/hls/.autopilot/db/a.g.ld.2.m1.bc -reflow-globaldce -hls-top-function-name=compress -reflow-float-conversion -o C:/hls_projects/compress/compress/hls/.autopilot/db/a.g.ld.3.fpc.bc > C:/hls_projects/compress/compress/hls/.autopilot/db/a.g.ld.3.fpc.bc.opt.out.log 2> C:/hls_projects/compress/compress/hls/.autopilot/db/a.g.ld.3.fpc.bc.opt.err.log
INFO-FLOW: 
INFO-FLOW: Running: gen_design_size_report post-opt
INFO-FLOW: Done: gen_design_size_report post-opt time: 0 seconds per iteration
Command       run_link_or_opt done; 1.42 sec.
Execute       run_link_or_opt -out C:/hls_projects/compress/compress/hls/.autopilot/db/a.g.ld.4.m2.bc -args C:/hls_projects/compress/compress/hls/.autopilot/db/a.g.ld.3.fpc.bc -only-needed C:/Xilinx/Vitis_HLS/2023.2/win64/lib/libfloatconversion_39.bc 
INFO-FLOW: run_clang exec: C:/Xilinx/Vitis_HLS/2023.2/win64/tools/clang-3.9-csynth/bin/llvm-link C:/hls_projects/compress/compress/hls/.autopilot/db/a.g.ld.3.fpc.bc -only-needed C:/Xilinx/Vitis_HLS/2023.2/win64/lib/libfloatconversion_39.bc -o C:/hls_projects/compress/compress/hls/.autopilot/db/a.g.ld.4.m2.bc > C:/hls_projects/compress/compress/hls/.autopilot/db/a.g.ld.4.m2.bc.llvm-link.out.log 2> C:/hls_projects/compress/compress/hls/.autopilot/db/a.g.ld.4.m2.bc.llvm-link.err.log
INFO-FLOW: 
Command       run_link_or_opt done; 0.104 sec.
Execute       run_link_or_opt -opt -out C:/hls_projects/compress/compress/hls/.autopilot/db/a.g.ld.5.gdce.bc -args C:/hls_projects/compress/compress/hls/.autopilot/db/a.g.ld.4.m2.bc -reflow-globaldce -hls-top-function-name=compress 
INFO-FLOW: run_clang exec: C:/Xilinx/Vitis_HLS/2023.2/win64/tools/clang-3.9-csynth/bin/opt -pass-remarks-missed=reflow|pasta|unroll -pass-remarks=reflow|pasta|unroll|inline -pass-remarks-output=C:/hls_projects/compress/compress/hls/.autopilot/db/a.g.ld.5.gdce.bc.opt.diag.yml C:/hls_projects/compress/compress/hls/.autopilot/db/a.g.ld.4.m2.bc -reflow-globaldce -hls-top-function-name=compress -o C:/hls_projects/compress/compress/hls/.autopilot/db/a.g.ld.5.gdce.bc > C:/hls_projects/compress/compress/hls/.autopilot/db/a.g.ld.5.gdce.bc.opt.out.log 2> C:/hls_projects/compress/compress/hls/.autopilot/db/a.g.ld.5.gdce.bc.opt.err.log
INFO-FLOW: 
INFO-FLOW: Running: gen_design_size_report post-opt
INFO-FLOW: Done: gen_design_size_report post-opt time: 0 seconds per iteration
Execute       send_msg_by_id INFO @200-777@%s Vivado 
INFO: [HLS 200-777] Using interface defaults for 'Vivado' flow target.
Execute       is_m_axi_addr64 
INFO-FLOW: Doing LTO.
INFO-FLOW: run_clang (background poll_ms 5000) exec: C:/Xilinx/Vitis_HLS/2023.2/win64/tools/clang-3.9-csynth/bin/clang -foptimization-record-file=C:/hls_projects/compress/compress/hls/.autopilot/db/a.g.ld.0.bc.clang.reflow.diag.yml -mllvm -pass-remarks-missed=reflow|pasta|unroll -mllvm -pass-remarks=reflow|pasta|unroll|inline -fhls -mllvm -hls-top-function-name=compress -mllvm -hls-db-dir -mllvm C:/hls_projects/compress/compress/hls/.autopilot/db -emit-llvm -c -target fpga64-xilinx-none -mllvm -xcl-xmlinfo=C:/hls_projects/compress/compress/hls/.autopilot/db/kernel.internal.xml -mllvm -top-io-mapping-info=C:/hls_projects/compress/compress/hls/.autopilot/db/top-io-fe.xml -mllvm -hls-bitcode-version=3.1 -mllvm -reflow-enable-slave-interface-default-setting=true -mllvm -gen-kernel-xml=false -mllvm -default-maxi-offset=slave -mllvm -maxi-latency=0 -mllvm -hls-maxi-data-size-in-bits=8 -mllvm -hls-maxi-max-data-size-in-bits=1024 -mllvm -hls-max-widen-size-in-bits=512 -mllvm -xcl-kernel-max-mem-ports=0 -mllvm -maxi-read-trans=16 -mllvm -maxi-write-trans=16 -mllvm -maxi-read-burst-len=16 -mllvm -maxi-write-burst-len=16 -mllvm -reflow-enable-saxi-64bits=0 -mllvm -reflow-basic-block-instr-threshold=200000 -mllvm -reflow-auto-pipeline-threshold=64 -mllvm -reflow-enable-maxi-auto-id-channel=0 -mllvm -enable-fp-thr=0 -mllvm -reflow-bdd-simplify-threshold=1048576 -mllvm -reflow-fanout-threshold=16 -mllvm -assume-maxi-align=8 -mllvm -reflow-pipeline-style-llvm-setting=2 -mllvm -reflow-enable-dataflow-strict-mode-checking=1 -ftime-report -mllvm -time-passes -mllvm -reflow-auto-array-partition-mode=default -mllvm -reflow-enable-auto-array-partition=true -mllvm -reflow-enable-auto-parallel-performance-driven=true -mllvm -reflow-enable-partition-for-automation=true -mllvm -reflow-aggregate-bitwidth-threshold=4096 -mllvm -reflow-reserved-saxilite-registers=0 -mllvm -enable-reflow-auto-loop-pipeline -mllvm -reflow-max-unroll-threshold=409600 -mllvm -reflow-assume-no-address-wrap=true -mllvm -reflow-enable-occurrence-inference=true -mllvm -reflow-emit-hint-scope=true -mllvm -hls -mllvm -disable-inlined-alloca-merging=true -mllvm -default-clock-period=3.003 -x ir C:/hls_projects/compress/compress/hls/.autopilot/db/a.g.ld.5.gdce.bc -o C:/hls_projects/compress/compress/hls/.autopilot/db/a.g.lto.bc {-hls-platform-db-name=C:/Xilinx\Vitis_HLS\2023.2\common/technology\xilinx/common/platform.db} -hls-platform-name=zynquplus_medium -device-resource-info=BRAM_288.000000_DSP_1248.000000_FF_234240.000000_LUT_117120.000000_SLICE_14640.000000_URAM_64.000000 -device-name-info=xck26-sfvc784-2LV-c 2> C:/hls_projects/compress/compress/hls/.autopilot/db/a.g.ld.0.bc.clang.reflow.err.log bg_poll_cmd: ::AP::poll_clang_39_closed_source
Execute       send_msg_by_id INFO @200-1995@%s%s%s 5,199 Compile/Link C:/hls_projects/compress/compress/hls/syn/report/csynth_design_size.rpt 
INFO: [HLS 200-1995] There were 5,199 instructions in the design after the 'Compile/Link' phase of compilation. See the Design Size Report for more details: C:/hls_projects/compress/compress/hls/syn/report/csynth_design_size.rpt
Execute       send_msg_by_id INFO @200-1995@%s%s%s 4,413 Unroll/Inline (step 1) C:/hls_projects/compress/compress/hls/syn/report/csynth_design_size.rpt 
INFO: [HLS 200-1995] There were 4,413 instructions in the design after the 'Unroll/Inline (step 1)' phase of compilation. See the Design Size Report for more details: C:/hls_projects/compress/compress/hls/syn/report/csynth_design_size.rpt
Execute       send_msg_by_id INFO @200-1995@%s%s%s 2,977 Unroll/Inline (step 2) C:/hls_projects/compress/compress/hls/syn/report/csynth_design_size.rpt 
INFO: [HLS 200-1995] There were 2,977 instructions in the design after the 'Unroll/Inline (step 2)' phase of compilation. See the Design Size Report for more details: C:/hls_projects/compress/compress/hls/syn/report/csynth_design_size.rpt
Execute       send_msg_by_id INFO @200-1995@%s%s%s 2,975 Unroll/Inline (step 3) C:/hls_projects/compress/compress/hls/syn/report/csynth_design_size.rpt 
INFO: [HLS 200-1995] There were 2,975 instructions in the design after the 'Unroll/Inline (step 3)' phase of compilation. See the Design Size Report for more details: C:/hls_projects/compress/compress/hls/syn/report/csynth_design_size.rpt
Execute       send_msg_by_id INFO @200-1995@%s%s%s 2,975 Unroll/Inline (step 4) C:/hls_projects/compress/compress/hls/syn/report/csynth_design_size.rpt 
INFO: [HLS 200-1995] There were 2,975 instructions in the design after the 'Unroll/Inline (step 4)' phase of compilation. See the Design Size Report for more details: C:/hls_projects/compress/compress/hls/syn/report/csynth_design_size.rpt
Execute       send_msg_by_id INFO @200-1995@%s%s%s 2,662 Array/Struct (step 1) C:/hls_projects/compress/compress/hls/syn/report/csynth_design_size.rpt 
INFO: [HLS 200-1995] There were 2,662 instructions in the design after the 'Array/Struct (step 1)' phase of compilation. See the Design Size Report for more details: C:/hls_projects/compress/compress/hls/syn/report/csynth_design_size.rpt
Execute       send_msg_by_id INFO @200-1995@%s%s%s 2,648 Array/Struct (step 2) C:/hls_projects/compress/compress/hls/syn/report/csynth_design_size.rpt 
INFO: [HLS 200-1995] There were 2,648 instructions in the design after the 'Array/Struct (step 2)' phase of compilation. See the Design Size Report for more details: C:/hls_projects/compress/compress/hls/syn/report/csynth_design_size.rpt
Execute       send_msg_by_id INFO @200-1995@%s%s%s 2,648 Array/Struct (step 3) C:/hls_projects/compress/compress/hls/syn/report/csynth_design_size.rpt 
INFO: [HLS 200-1995] There were 2,648 instructions in the design after the 'Array/Struct (step 3)' phase of compilation. See the Design Size Report for more details: C:/hls_projects/compress/compress/hls/syn/report/csynth_design_size.rpt
Execute       send_msg_by_id INFO @200-1995@%s%s%s 2,648 Array/Struct (step 4) C:/hls_projects/compress/compress/hls/syn/report/csynth_design_size.rpt 
INFO: [HLS 200-1995] There were 2,648 instructions in the design after the 'Array/Struct (step 4)' phase of compilation. See the Design Size Report for more details: C:/hls_projects/compress/compress/hls/syn/report/csynth_design_size.rpt
Execute       send_msg_by_id INFO @200-1995@%s%s%s 2,687 Array/Struct (step 5) C:/hls_projects/compress/compress/hls/syn/report/csynth_design_size.rpt 
INFO: [HLS 200-1995] There were 2,687 instructions in the design after the 'Array/Struct (step 5)' phase of compilation. See the Design Size Report for more details: C:/hls_projects/compress/compress/hls/syn/report/csynth_design_size.rpt
Execute       send_msg_by_id INFO @200-1995@%s%s%s 2,668 Performance (step 1) C:/hls_projects/compress/compress/hls/syn/report/csynth_design_size.rpt 
INFO: [HLS 200-1995] There were 2,668 instructions in the design after the 'Performance (step 1)' phase of compilation. See the Design Size Report for more details: C:/hls_projects/compress/compress/hls/syn/report/csynth_design_size.rpt
Execute       send_msg_by_id INFO @200-1995@%s%s%s 2,652 Performance (step 2) C:/hls_projects/compress/compress/hls/syn/report/csynth_design_size.rpt 
INFO: [HLS 200-1995] There were 2,652 instructions in the design after the 'Performance (step 2)' phase of compilation. See the Design Size Report for more details: C:/hls_projects/compress/compress/hls/syn/report/csynth_design_size.rpt
Execute       send_msg_by_id INFO @200-1995@%s%s%s 2,652 Performance (step 3) C:/hls_projects/compress/compress/hls/syn/report/csynth_design_size.rpt 
INFO: [HLS 200-1995] There were 2,652 instructions in the design after the 'Performance (step 3)' phase of compilation. See the Design Size Report for more details: C:/hls_projects/compress/compress/hls/syn/report/csynth_design_size.rpt
Execute       send_msg_by_id INFO @200-1995@%s%s%s 2,652 Performance (step 4) C:/hls_projects/compress/compress/hls/syn/report/csynth_design_size.rpt 
INFO: [HLS 200-1995] There were 2,652 instructions in the design after the 'Performance (step 4)' phase of compilation. See the Design Size Report for more details: C:/hls_projects/compress/compress/hls/syn/report/csynth_design_size.rpt
Execute       send_msg_by_id INFO @200-1995@%s%s%s 2,664 HW Transforms (step 1) C:/hls_projects/compress/compress/hls/syn/report/csynth_design_size.rpt 
INFO: [HLS 200-1995] There were 2,664 instructions in the design after the 'HW Transforms (step 1)' phase of compilation. See the Design Size Report for more details: C:/hls_projects/compress/compress/hls/syn/report/csynth_design_size.rpt
Execute       send_msg_by_id INFO @200-1995@%s%s%s 2,663 HW Transforms (step 2) C:/hls_projects/compress/compress/hls/syn/report/csynth_design_size.rpt 
INFO: [HLS 200-1995] There were 2,663 instructions in the design after the 'HW Transforms (step 2)' phase of compilation. See the Design Size Report for more details: C:/hls_projects/compress/compress/hls/syn/report/csynth_design_size.rpt
Execute       source C:/Xilinx/Vitis_HLS/2023.2/tps/tcl/tcllib1.11.1/yaml/yaml.tcl 
INFO: [HLS 214-359] Unrolling loop 'compress_label3' (C:/hls_projects/compress/compress.cpp:122:19) in function 'compress': changing partial unrolling into complete unrolling since the unrolling factor (=16) is no less than the loop trip count (=16). (C:/hls_projects/compress/compress.cpp:59:0)
INFO: [HLS 214-186] Unrolling loop 'compress_label3' (C:/hls_projects/compress/compress.cpp:122:19) in function 'compress' completely with a factor of 16 (C:/hls_projects/compress/compress.cpp:59:0)
INFO: [HLS 214-186] Unrolling loop 'compress_label4' (C:/hls_projects/compress/compress.cpp:115:19) in function 'compress' completely with a factor of 8 (C:/hls_projects/compress/compress.cpp:59:0)
INFO: [HLS 214-359] Unrolling loop 'compress_label2' (C:/hls_projects/compress/compress.cpp:96:19) in function 'compress': changing partial unrolling into complete unrolling since the unrolling factor (=16) is no less than the loop trip count (=16). (C:/hls_projects/compress/compress.cpp:59:0)
INFO: [HLS 214-186] Unrolling loop 'compress_label2' (C:/hls_projects/compress/compress.cpp:96:19) in function 'compress' completely with a factor of 16 (C:/hls_projects/compress/compress.cpp:59:0)
INFO: [HLS 214-359] Unrolling loop 'permute_label1' (C:/hls_projects/compress/compress.cpp:48:18) in function 'permute': changing partial unrolling into complete unrolling since the unrolling factor (=16) is no less than the loop trip count (=16). (C:/hls_projects/compress/compress.cpp:42:0)
INFO: [HLS 214-186] Unrolling loop 'permute_label1' (C:/hls_projects/compress/compress.cpp:48:18) in function 'permute' completely with a factor of 16 (C:/hls_projects/compress/compress.cpp:42:0)
INFO: [HLS 214-359] Unrolling loop 'permute_label0' (C:/hls_projects/compress/compress.cpp:44:18) in function 'permute': changing partial unrolling into complete unrolling since the unrolling factor (=16) is no less than the loop trip count (=16). (C:/hls_projects/compress/compress.cpp:42:0)
INFO: [HLS 214-186] Unrolling loop 'permute_label0' (C:/hls_projects/compress/compress.cpp:44:18) in function 'permute' completely with a factor of 16 (C:/hls_projects/compress/compress.cpp:42:0)
INFO: [HLS 214-248] Applying array_partition to 'state': Complete partitioning on dimension 1. (C:/hls_projects/compress/compress.cpp:76:11)
INFO: [HLS 214-248] Applying array_partition to 'block': Complete partitioning on dimension 1. (C:/hls_projects/compress/compress.cpp:95:12)
INFO: [HLS 214-115] Multiple burst reads of length 4 and bit width 64 has been inferred on bundle 'data0'. These burst requests might be further partitioned into multiple requests during RTL generation, based on max_read_burst_length or max_write_burst_length settings. (C:/hls_projects/compress/compress.cpp:77:7)
INFO: [HLS 214-115] Multiple burst reads of length 8 and bit width 64 has been inferred on bundle 'data1'. These burst requests might be further partitioned into multiple requests during RTL generation, based on max_read_burst_length or max_write_burst_length settings. (C:/hls_projects/compress/compress.cpp:98:13)
INFO: [HLS 214-115] Multiple burst writes of length 8 and bit width 64 has been inferred on bundle 'data2'. These burst requests might be further partitioned into multiple requests during RTL generation, based on max_read_burst_length or max_write_burst_length settings. (C:/hls_projects/compress/compress.cpp:126:1)
INFO-FLOW: DBG:PUTS: copy_raw_kernel_xml ap_link_39: kernel.xml not generated: C:/hls_projects/compress/compress/hls/.autopilot/db/kernel.internal.xml
INFO: [HLS 200-111] Finished Compiling Optimization and Transform: CPU user time: 0 seconds. CPU system time: 0 seconds. Elapsed time: 13.466 seconds; current allocated memory: 176.820 MB.
INFO: [HLS 200-111] Finished Checking Pragmas: CPU user time: 0 seconds. CPU system time: 0 seconds. Elapsed time: 0.001 seconds; current allocated memory: 176.859 MB.
Execute       opt_and_import_c a -opt_level=2 -skip_syncheck=0 -ng=0 -keep_printf=0 
Execute         cleanup_all_models 
INFO: [HLS 200-10] Starting code transformations ...
INFO-FLOW: Running Standard Transforms...
Execute         transform -hls -share-std-xform -demangle-name -inline-byval-memcpy -always-inline -promote-dbg-pointer -interface-preproc -mem2reg -scalarrepl -mem2reg -keep-read-access -instcombine -dce -promote-dbg-pointer -bitop-raise -loop-simplify -indvarspre -indvars -loop-simplify -xunroll -constprop -instcombine -simplifycfg -indvars -simplifycfg -dce -globaldce -basicaa -simplifycfg -mem2reg -globalopt -global-constprop -deadargelim -instcombine -simplifycfg -scalarrepl -instcombine -reassociate -licm -simplifycfg -loop-simplify -indvars -instcombine -simplifycfg -mem2reg -loop-simplify -indvars -instcombine -gvn -gvn -instcombine -adce -break-crit-edges -simplifycfg -loop-delete -global-array-opt -dce -dse -adce -find-syn-modules -top compress -deadargelim -mem2reg -instcombine -dce -presyn-prepare -interface-preproc -syn-check -check-rec-only -find-region -simplifycfg -func-extr -function-inline -globaldce -mem2reg -instcombine -dce -gvn -globaldce -adce -adse -constprop -instcombine -bit-constprop -instcombine -dce -simplifycfg -bitop-raise -simplifycfg -dce -loop-delete -reassociate -globalopt -global-privatize -mem2reg -dce -global-constprop -pointer-simplify -constprop -dce -auto-shift-reg-idiom -promote-dbg-pointer -norm-name C:/hls_projects/compress/compress/hls/.autopilot/db/a.g.0.bc -o C:/hls_projects/compress/compress/hls/.autopilot/db/a.g.1.bc -f -phase std-opt 
Command         transform done; 0.192 sec.
INFO: [HLS 200-111] Finished Standard Transforms: CPU user time: 0 seconds. CPU system time: 0 seconds. Elapsed time: 0.309 seconds; current allocated memory: 183.016 MB.
INFO: [HLS 200-10] Checking synthesizability ...
INFO-FLOW: Checking Synthesizability 1/2..
Execute         transform -hls -syn-check -check-rec-only -scalarrepl -norm-name -dce -mem2reg -instcombine -directive-preproc -mem2reg -dse -dce -dce -pag -array-normalize -instcombine -dce -array-seg-normalize -instcombine -dce -data-pack -instcombine -dce -inst-simplify -array-flatten -instcombine -dce -array-burst -dce -deadargelim -promote-global-argument -simplifycfg -mem2reg -globaldce -dce -deadargelim -dce -instcombine -function-inline -globaldce -dce -doublePtrSimplify -doublePtrElim -dce -doublePtrSimplify -promote-dbg-pointer -dce -scalarrepl -dse -adse -instcombine -ptrLegalization -simplifycfg -dce -instcombine -pointer-simplify -ptrArgReplace -dce -instcombine -resolve-double-ptr -scalarrepl -norm-name -dce -mem2reg -instcombine -ptrLegalization -simplifycfg -deadargelim -instcombine -dce -inst-simplify -directive-preproc -mem2reg -dse -dce -globaldce C:/hls_projects/compress/compress/hls/.autopilot/db/a.g.1.bc -o C:/hls_projects/compress/compress/hls/.autopilot/db/a.g.2.prechk.bc -f 
INFO-FLOW: Checking Synthesizability 2/2..
Execute         transform -syn-check C:/hls_projects/compress/compress/hls/.autopilot/db/a.g.2.prechk.bc -o C:/hls_projects/compress/compress/hls/.autopilot/db/a.g.2.bc -f -phase syn-check 
INFO: [HLS 200-111] Finished Checking Synthesizability: CPU user time: 0 seconds. CPU system time: 0 seconds. Elapsed time: 0.117 seconds; current allocated memory: 184.898 MB.
INFO-FLOW: Compiler optimizing ...
INFO-FLOW: Share syncheck's 1.bc for syn flow: copy C:/hls_projects/compress/compress/hls/.autopilot/db/a.g.1.bc to C:/hls_projects/compress/compress/hls/.autopilot/db/a.o.1.bc
INFO-FLOW: Presyn 1...
Execute         transform -hls -tmp C:/hls_projects/compress/compress/hls/.autopilot/db -interface-port-rename -directive-preproc -mem2reg -dse -dce -scalarrepl -norm-name -deadargelim -mem2reg -instcombine -dce -simplifycfg -dce -resource-proc -clib-intrinsic-prepare -dce -func-buffer -dce -pag -array-normalize -func-legal -instcombine -gvn -constprop -dce -simplifycfg -mem2reg -globaldce -resolve-double-ptr -dce -deadargelim -dce -instcombine -ptrArgReplace -mem2reg -dce -array-seg-normalize -deadargelim -instcombine -dce -directive-preproc -mem2reg -dse -dce -pointer-simplify -dce -port-alignment -dce -interface-preproc -data-pack -instcombine -dce -basicaa -aggr-aa -aggrmodref-aa -aggr-aa -gvn -gvn -basicaa -aggr-aa -aggrmodref-aa -aggr-aa -dse -adse -adce -loop-simplify -indvars -instcombine -gvn -loop-simplify -mem2reg -dce -find-region -instcombine -inst-simplify -interface-preproc -cfgopt -instcombine -indvars -auto-loop-unroll -loop-simplify -loop-bound -xunroll -constprop -instcombine -simplifycfg -indvars -simplifycfg -dce -globaldce -clean-region -attach-range -gvn -inst-simplify -constprop -simplifycfg -dce -pointer-simplify -dce -globalopt -constprop -dce -array-promote -scalar-auto-dep-elim -constprop -dce -ptrArgReplace -mem2reg -simplifycfg -dce -instcombine -dce -array-transform-check -array-reshape -instcombine -simplifycfg -dce -ptrArgReplace -deadargelim -mem2reg -instcombine -simplifycfg -dce -indvars -loop-simplify -loop-bound -xunroll -constprop -instcombine -simplifycfg -indvars -simplifycfg -dce -globaldce -basicaa -aggr-aa -aggrmodref-aa -aggr-aa -dse -duplicate-dataflow-processes -globaldce -instcombine -array-partition -prepare-dynamic-array-partition -instcombine -simplifycfg -dce -ptrArgReplace -global-constprop -deadargelim -mem2reg -func-legal -dce -global-constprop -deadargelim -mem2reg -simplifycfg -dce -merge-param -deadargelim -globalopt -constprop -dce -array-promote -scalar-auto-dep-elim -constprop -dce -ptrArgReplace -mem2reg -simplifycfg -dce -mem-intrinsic-preproc -dce -global-internalize -global-privatize -mem2reg -globaldce -promote-global-argument -ptrArgReplace -mem2reg -dce -globalopt -mergereturn -simplify-global-access -mem2reg -dce -pointer-simplify -dce -functionattrs -basicaa -aggr-aa -aggrmodref-aa -aggr-aa -gvn -gvn -basicaa -aggr-aa -aggrmodref-aa -aggr-aa -dse -adse -adce -dce -norm-name -basicaa -aggr-aa -aggrmodref-aa -aggr-aa -accesses-merge -function-inline -complex-op-raise -inst-simplify -globaldce -func-legal -dce -loop-bound -arraycheck -bitwidthmin2 -bitwidthmin2 -on-by-dataflow -loop-delete -instcombine -simplifycfg -globaldce -dce -gvn -deadargelim -dce -loop-simplify -clean-region -simplifycfg -propagate-stable-arguments -loop-stream -instcombine -simplifycfg -dce -globaldce -duplicate-dataflow-processes -stream-intrinsic-preproc -dce -check-ap-stream -loop-simplify -eliminate-keepreads -extract-dataflow-in-loop -loop-simplify -dce -gvn -deadargelim -dse -duplicate-dataflow-processes -check-dataflow-syntax -legalize-stream-variable -globaldce -legalize-global -extract-subproc -dce -dead-channel-elimination -canonicalize-gep -globaldce -dce -gvn -hls-dead-arg-elim -deadargelim -directive-preproc -canonicalize-dataflow -dce -globaldce -scalar-preprocessing -scalar-propagation2 -scalar-stream -deadargelim -globaldce -mem2reg -check-dataflow-channels -function-stream -dce -globaldce -prop-fifo-spec -internal-stream-gen -canonicalize-gep -globaldce -dce -gvn -deadargelim -mergereturn -indvars -loop-simplify -instcombine -array-stream -array-seg-normalize -array-partition -clean-array-spec -func-legal -instcombine -simplifycfg -dce -bundle-memfifo-ops -deadargelim -directive-preproc -mem2reg -dse -dce -group-axi-access -licm -simplifycfg -dce -loop-delete -hls-display -norm-name C:/hls_projects/compress/compress/hls/.autopilot/db/a.o.1.bc -o C:/hls_projects/compress/compress/hls/.autopilot/db/a.o.1.tmp.bc -f 
INFO: [XFORM 203-602] Inlining function 'permute' into 'compress' (C:/hls_projects/compress/compress.cpp:102) automatically.
Command         transform done; 0.15 sec.
INFO-FLOW: Presyn 2...
Execute         transform -hls -keep-callgraph -scalarrepl -mem2reg -port-alignment -attach-range -dce -pipe-mux-gen -indvars -loop-bound -inst-simplify -instcombine -dce -merge-array-access -mem2reg -dce -clean-region -mergereturn -if-conv -instcombine -dce -constprop -basicaa -aggr-aa -aggrmodref-aa -aggr-aa -gvn -gvn -basicaa -aggr-aa -aggrmodref-aa -aggr-aa -dse -adse -adce -scalarrepl -mem2reg -global-constprop -deadargelim -deadargelim -instcombine -dce -simplifycfg -ptrArgReplace -mem2reg -function-inline -globaldce -mem2reg -instcombine -dce -expr-balance -instcombine -dce -bitwidthmin2 -bitwidthmin2 -interface-preproc -directive-preproc -inst-rectify -instcombine -dce -functionattrs -constprop -instcombine -bit-constprop -simplify-global-access -globalopt -globaldce -inst-simplify -instcombine -elimdeaddata -dce -loop-delete -simplifycfg -loop-simplify -barrier -norm-name C:/hls_projects/compress/compress/hls/.autopilot/db/a.o.1.tmp.bc -o C:/hls_projects/compress/compress/hls/.autopilot/db/a.o.2.bc -f -phase presyn 
INFO: [HLS 200-111] Finished Loop, function and other optimizations: CPU user time: 0 seconds. CPU system time: 0 seconds. Elapsed time: 0.248 seconds; current allocated memory: 207.129 MB.
INFO-FLOW: Building ssdm...
Execute         transform -hls -auto-function-inline -globaldce -ptrArgReplace -mem2reg -dce -reset-lda -loop-simplify -indvars -aggr-aa -licm -loop-dep -loop-bound -licm -loop-simplify -loop-sink-hoist -flattenloopnest -array-flatten -gvn -instcombine -dce -array-map -dce -func-legal -gvn -adce -instcombine -cfgopt -simplifycfg-lite -loop-simplify -array-burst -promote-global-argument -dce -array-seg-normalize -basicaa -aggrmodref-aa -globalsmodref-aa -aggr-aa -gvn -gvn -basicaa -aggrmodref-aa -globalsmodref-aa -aggr-aa -dse -adse -adce -licm -inst-simplify -dce -globaldce -instcombine -array-stream -eliminate-keepreads -instcombine -dce -deadargelim -doublePtrSimplify -doublePtrElim -dce -doublePtrSimplify -promote-dbg-pointer -dce -scalarrepl -mem2reg -norm-name -mem2reg -instcombine -dse -adse -adce -ptrLegalization -dce -array-flatten -dce -instcombine -check-doubleptr -loop-rot -constprop -cfgopt -simplifycfg-lite -loop-simplify -indvars -pointer-simplify -dce -loop-bound -loop-simplify -loop-preproc -constprop -global-constprop -gvn -mem2reg -instcombine -dce -loop-bound -loop-merge -dce -deadargelim -dce -canonicalize-dataflow -dce -deadargelim -globaldce -mem2reg -bram-byte-enable -inst-simplify -inst-rectify -instcombine -adce -deadargelim -load-elim -read-loop-dep -loop-simplify -loop-extract-inner -directive-preproc -bitwidthmin2 -bitwidthmin2 -read-loop-dep -interface-preproc -directive-preproc -interface-gen -bram-byte-enable-spec-prop -deadargelim -inst-simplify -dce -mem2reg -instcombine -gvn -dce -adse -loop-bound -instcombine -cfgopt -simplifycfg-lite -loop-simplify -clean-region -io-protocol -find-region -mem2reg -bitop-raise -complex-op-raise -inst-simplify -inst-rectify -instcombine -adce -deadargelim -float-op-raise -loop-simplify -phi-opt -bitop-raise -cfgopt -simplifycfg-lite -strip-dead-prototypes -interface-lower -bitop-lower -intrinsic-lower -auto-function-inline -basicaa -aggrmodref-aa -globalsmodref-aa -aggr-aa -inst-simplify -simplifycfg-lite -loop-simplify -mergereturn -inst-simplify -inst-rectify -globaldce -dce -load-elim -bitop-lower -float-op-raise -fma-raise -loop-rewind -pointer-simplify -dce -cfgopt -dce -loop-bound -loop-dep -read-loop-dep -dce -dyn-mem-reuse -dce -recurrence-min -dce -share-scalar-alloca -deadargelim -dce -check-stream -norm-name -legalize -validate-dataflow -inst-clarity -bitwidth -dce -dump-loop-dep-to-ir -check-all-ssdm -dump-complexity-metric -cdfg-build C:/hls_projects/compress/compress/hls/.autopilot/db/a.o.2.bc -o C:/hls_projects/compress/compress/hls/.autopilot/db/a.o.3.bc -f -phase build-ssdm 
Execute           auto_get_db
Command         transform done; 0.194 sec.
INFO: [HLS 200-111] Finished Architecture Synthesis: CPU user time: 0 seconds. CPU system time: 0 seconds. Elapsed time: 0.198 seconds; current allocated memory: 218.969 MB.
INFO-FLOW: Finish building internal data model.
Command       opt_and_import_c done; 1.85 sec.
Command     elaborate done; 19.122 sec.
Execute     ap_eval exec zip -j C:/hls_projects/compress/compress/hls/.autopilot/db/dut.hcp $dbDir/a.o.3.bc $dbDir/${topname}.rtl_wrap.cfg.tcl $dbDir/apatb_${topname}.cpp $dbDir/apatb_${topname}_util.cpp $dbDir/apatb_${topname}_ir.ll $dbDir/mapper_${topname}.cpp $dbDir/top-io-fe.xml $dbDir/kernel.internal.xml $workdir/../hls.app 
Command     ap_eval done; 0.357 sec.
Execute     autosyn -from_csynth_design=1 
INFO: [HLS 200-10] Starting hardware synthesis ...
INFO-FLOW: Synthesizing C/C++ design ...
INFO: [HLS 200-10] Synthesizing 'compress' ...
Execute       ap_set_top_model compress 
Execute       get_model_list compress -filter all-wo-channel -topdown 
Execute       preproc_iomode -model compress 
Execute       preproc_iomode -model round_function 
Execute       preproc_iomode -model rotate_right 
Execute       get_model_list compress -filter all-wo-channel 
INFO-FLOW: Model list for configure: rotate_right round_function compress
INFO-FLOW: Configuring Module : rotate_right ...
Execute       set_default_model rotate_right 
Execute       apply_spec_resource_limit rotate_right 
INFO-FLOW: Configuring Module : round_function ...
Execute       set_default_model round_function 
Execute       apply_spec_resource_limit round_function 
INFO-FLOW: Configuring Module : compress ...
Execute       set_default_model compress 
Execute       apply_spec_resource_limit compress 
INFO-FLOW: Model list for preprocess: rotate_right round_function compress
INFO-FLOW: Preprocessing Module: rotate_right ...
Execute       set_default_model rotate_right 
Execute       cdfg_preprocess -model rotate_right 
Execute       rtl_gen_preprocess rotate_right 
INFO-FLOW: Preprocessing Module: round_function ...
Execute       set_default_model round_function 
Execute       cdfg_preprocess -model round_function 
Execute       rtl_gen_preprocess round_function 
INFO-FLOW: Preprocessing Module: compress ...
Execute       set_default_model compress 
Execute       cdfg_preprocess -model compress 
Execute       rtl_gen_preprocess compress 
INFO-FLOW: Model list for synthesis: rotate_right round_function compress
INFO: [HLS 200-10] ----------------------------------------------------------------
INFO: [HLS 200-42] -- Implementing module 'rotate_right' 
INFO: [HLS 200-10] ----------------------------------------------------------------
Execute       set_default_model rotate_right 
Execute       schedule -model rotate_right 
INFO: [SCHED 204-11] Starting scheduling ...
INFO: [SCHED 204-11] Finished scheduling.
Command       schedule done; 0.14 sec.
INFO: [HLS 200-111] Finished Scheduling: CPU user time: 0 seconds. CPU system time: 0 seconds. Elapsed time: 0.75 seconds; current allocated memory: 222.426 MB.
Execute       syn_report -verbosereport -o C:/hls_projects/compress/compress/hls/.autopilot/db/rotate_right.verbose.sched.rpt 
Execute         list_part -family xck26-sfvc784-2LV-c 
Execute           ap_family_info -name xck26-sfvc784-2LV-c -data names 
Execute           ap_part_info -quiet -name xck26-sfvc784-2LV-c -data family 
Execute       db_write -o C:/hls_projects/compress/compress/hls/.autopilot/db/rotate_right.sched.adb -f 
INFO-FLOW: Finish scheduling rotate_right.
Execute       set_default_model rotate_right 
Execute       bind -model rotate_right 
INFO: [BIND 205-100] Starting micro-architecture generation ...
INFO: [BIND 205-101] Performing variable lifetime analysis.
INFO: [BIND 205-101] Exploring resource sharing.
INFO: [BIND 205-101] Binding ...
INFO: [BIND 205-100] Finished micro-architecture generation.
Command       bind done; 0.172 sec.
INFO: [HLS 200-111] Finished Binding: CPU user time: 0 seconds. CPU system time: 0 seconds. Elapsed time: 0.282 seconds; current allocated memory: 223.578 MB.
Execute       syn_report -verbosereport -o C:/hls_projects/compress/compress/hls/.autopilot/db/rotate_right.verbose.bind.rpt 
Execute         list_part -family xck26-sfvc784-2LV-c 
Execute           ap_family_info -name xck26-sfvc784-2LV-c -data names 
Execute           ap_part_info -quiet -name xck26-sfvc784-2LV-c -data family 
Execute       db_write -o C:/hls_projects/compress/compress/hls/.autopilot/db/rotate_right.bind.adb -f 
INFO-FLOW: Finish binding rotate_right.
INFO: [HLS 200-10] ----------------------------------------------------------------
INFO: [HLS 200-42] -- Implementing module 'round_function' 
INFO: [HLS 200-10] ----------------------------------------------------------------
Execute       set_default_model round_function 
Execute       schedule -model round_function 
INFO: [SCHED 204-11] Starting scheduling ...
INFO: [SCHED 204-11] Finished scheduling.
Command       schedule done; 0.259 sec.
INFO: [HLS 200-111] Finished Scheduling: CPU user time: 0 seconds. CPU system time: 0 seconds. Elapsed time: 0.405 seconds; current allocated memory: 225.844 MB.
Execute       syn_report -verbosereport -o C:/hls_projects/compress/compress/hls/.autopilot/db/round_function.verbose.sched.rpt 
Execute         list_part -family xck26-sfvc784-2LV-c 
Execute           ap_family_info -name xck26-sfvc784-2LV-c -data names 
Execute           ap_part_info -quiet -name xck26-sfvc784-2LV-c -data family 
Execute       db_write -o C:/hls_projects/compress/compress/hls/.autopilot/db/round_function.sched.adb -f 
INFO-FLOW: Finish scheduling round_function.
Execute       set_default_model round_function 
Execute       bind -model round_function 
INFO: [BIND 205-100] Starting micro-architecture generation ...
INFO: [BIND 205-101] Performing variable lifetime analysis.
INFO: [BIND 205-101] Exploring resource sharing.
INFO: [BIND 205-101] Binding ...
INFO: [BIND 205-100] Finished micro-architecture generation.
Command       bind done; 0.154 sec.
INFO: [HLS 200-111] Finished Binding: CPU user time: 0 seconds. CPU system time: 0 seconds. Elapsed time: 0.278 seconds; current allocated memory: 226.137 MB.
Execute       syn_report -verbosereport -o C:/hls_projects/compress/compress/hls/.autopilot/db/round_function.verbose.bind.rpt 
Execute         list_part -family xck26-sfvc784-2LV-c 
Execute           ap_family_info -name xck26-sfvc784-2LV-c -data names 
Execute           ap_part_info -quiet -name xck26-sfvc784-2LV-c -data family 
Execute       db_write -o C:/hls_projects/compress/compress/hls/.autopilot/db/round_function.bind.adb -f 
INFO-FLOW: Finish binding round_function.
INFO: [HLS 200-10] ----------------------------------------------------------------
INFO: [HLS 200-42] -- Implementing module 'compress' 
INFO: [HLS 200-10] ----------------------------------------------------------------
Execute       set_default_model compress 
Execute       schedule -model compress 
INFO: [SCHED 204-11] Starting scheduling ...
INFO: [SCHED 204-11] Finished scheduling.
Command       schedule done; 0.205 sec.
INFO: [HLS 200-111] Finished Scheduling: CPU user time: 0 seconds. CPU system time: 0 seconds. Elapsed time: 0.412 seconds; current allocated memory: 227.941 MB.
Execute       syn_report -verbosereport -o C:/hls_projects/compress/compress/hls/.autopilot/db/compress.verbose.sched.rpt 
Execute         list_part -family xck26-sfvc784-2LV-c 
Execute           ap_family_info -name xck26-sfvc784-2LV-c -data names 
Execute           ap_part_info -quiet -name xck26-sfvc784-2LV-c -data family 
Execute       db_write -o C:/hls_projects/compress/compress/hls/.autopilot/db/compress.sched.adb -f 
INFO-FLOW: Finish scheduling compress.
Execute       set_default_model compress 
Execute       bind -model compress 
INFO: [BIND 205-100] Starting micro-architecture generation ...
INFO: [BIND 205-101] Performing variable lifetime analysis.
INFO: [BIND 205-101] Exploring resource sharing.
INFO: [BIND 205-101] Binding ...
INFO: [BIND 205-100] Finished micro-architecture generation.
INFO: [HLS 200-111] Finished Binding: CPU user time: 0 seconds. CPU system time: 0 seconds. Elapsed time: 0.195 seconds; current allocated memory: 228.230 MB.
Execute       syn_report -verbosereport -o C:/hls_projects/compress/compress/hls/.autopilot/db/compress.verbose.bind.rpt 
Execute         list_part -family xck26-sfvc784-2LV-c 
Execute           ap_family_info -name xck26-sfvc784-2LV-c -data names 
Execute           ap_part_info -quiet -name xck26-sfvc784-2LV-c -data family 
Command       syn_report done; 0.108 sec.
Execute       db_write -o C:/hls_projects/compress/compress/hls/.autopilot/db/compress.bind.adb -f 
INFO-FLOW: Finish binding compress.
Execute       get_model_list compress -filter all-wo-channel 
INFO-FLOW: Preprocessing for RTLGen ...
Execute       rtl_gen_preprocess rotate_right 
Execute       rtl_gen_preprocess round_function 
Execute       rtl_gen_preprocess compress 
INFO-FLOW: Model list for RTL generation: rotate_right round_function compress
INFO: [HLS 200-10] ----------------------------------------------------------------
INFO: [HLS 200-10] -- Generating RTL for module 'rotate_right' 
INFO: [HLS 200-10] ----------------------------------------------------------------
Execute       create_rtl_model rotate_right -top_prefix compress_ -sub_prefix compress_ -mg_file C:/hls_projects/compress/compress/hls/.autopilot/db/rotate_right.compgen.tcl 
INFO: [RTGEN 206-100] Finished creating RTL model for 'rotate_right'.
INFO: [HLS 200-111] Finished Creating RTL model: CPU user time: 1 seconds. CPU system time: 0 seconds. Elapsed time: 0.422 seconds; current allocated memory: 229.527 MB.
Execute       source C:/hls_projects/compress/compress/hls/.autopilot/db/compress.rtl_wrap.cfg.tcl 
Execute       gen_rtl rotate_right -style xilinx -f -lang vhdl -o C:/hls_projects/compress/compress/hls/syn/vhdl/compress_rotate_right 
Execute       gen_rtl rotate_right -style xilinx -f -lang vlog -o C:/hls_projects/compress/compress/hls/syn/verilog/compress_rotate_right 
Execute       syn_report -csynth -model rotate_right -o C:/hls_projects/compress/compress/hls/syn/report/rotate_right_csynth.rpt 
Execute         list_part -family xck26-sfvc784-2LV-c 
Execute           ap_family_info -name xck26-sfvc784-2LV-c -data names 
Execute           ap_part_info -quiet -name xck26-sfvc784-2LV-c -data family 
Execute       syn_report -rtlxml -model rotate_right -o C:/hls_projects/compress/compress/hls/syn/report/rotate_right_csynth.xml 
Execute         list_part -family xck26-sfvc784-2LV-c 
Execute           ap_family_info -name xck26-sfvc784-2LV-c -data names 
Execute           ap_part_info -quiet -name xck26-sfvc784-2LV-c -data family 
Execute       syn_report -verbosereport -model rotate_right -o C:/hls_projects/compress/compress/hls/.autopilot/db/rotate_right.verbose.rpt 
Execute         list_part -family xck26-sfvc784-2LV-c 
Execute           ap_family_info -name xck26-sfvc784-2LV-c -data names 
Execute           ap_part_info -quiet -name xck26-sfvc784-2LV-c -data family 
Command       syn_report done; 0.122 sec.
Execute       db_write -model rotate_right -f -o C:/hls_projects/compress/compress/hls/.autopilot/db/rotate_right.adb 
Execute       db_write -model rotate_right -bindview -o C:/hls_projects/compress/compress/hls/.autopilot/db/design.bindinfo.xml 
Execute       gen_tb_info rotate_right -p C:/hls_projects/compress/compress/hls/.autopilot/db -o C:/hls_projects/compress/compress/hls/.autopilot/db/rotate_right 
INFO: [HLS 200-10] ----------------------------------------------------------------
INFO: [HLS 200-10] -- Generating RTL for module 'round_function' 
INFO: [HLS 200-10] ----------------------------------------------------------------
Execute       create_rtl_model round_function -top_prefix compress_ -sub_prefix compress_ -mg_file C:/hls_projects/compress/compress/hls/.autopilot/db/round_function.compgen.tcl 
INFO: [RTGEN 206-100] Finished creating RTL model for 'round_function'.
INFO: [HLS 200-111] Finished Creating RTL model: CPU user time: 0 seconds. CPU system time: 0 seconds. Elapsed time: 0.843 seconds; current allocated memory: 232.723 MB.
Execute       source C:/hls_projects/compress/compress/hls/.autopilot/db/compress.rtl_wrap.cfg.tcl 
Execute       gen_rtl round_function -style xilinx -f -lang vhdl -o C:/hls_projects/compress/compress/hls/syn/vhdl/compress_round_function 
Execute       gen_rtl round_function -style xilinx -f -lang vlog -o C:/hls_projects/compress/compress/hls/syn/verilog/compress_round_function 
Execute       syn_report -csynth -model round_function -o C:/hls_projects/compress/compress/hls/syn/report/round_function_csynth.rpt 
Execute         list_part -family xck26-sfvc784-2LV-c 
Execute           ap_family_info -name xck26-sfvc784-2LV-c -data names 
Execute           ap_part_info -quiet -name xck26-sfvc784-2LV-c -data family 
Execute       syn_report -rtlxml -model round_function -o C:/hls_projects/compress/compress/hls/syn/report/round_function_csynth.xml 
Execute         list_part -family xck26-sfvc784-2LV-c 
Execute           ap_family_info -name xck26-sfvc784-2LV-c -data names 
Execute           ap_part_info -quiet -name xck26-sfvc784-2LV-c -data family 
Execute       syn_report -verbosereport -model round_function -o C:/hls_projects/compress/compress/hls/.autopilot/db/round_function.verbose.rpt 
Execute         list_part -family xck26-sfvc784-2LV-c 
Execute           ap_family_info -name xck26-sfvc784-2LV-c -data names 
Execute           ap_part_info -quiet -name xck26-sfvc784-2LV-c -data family 
Execute       db_write -model round_function -f -o C:/hls_projects/compress/compress/hls/.autopilot/db/round_function.adb 
Execute       db_write -model round_function -bindview -o C:/hls_projects/compress/compress/hls/.autopilot/db/design.bindinfo.xml 
Execute       gen_tb_info round_function -p C:/hls_projects/compress/compress/hls/.autopilot/db -o C:/hls_projects/compress/compress/hls/.autopilot/db/round_function 
INFO: [HLS 200-10] ----------------------------------------------------------------
INFO: [HLS 200-10] -- Generating RTL for module 'compress' 
INFO: [HLS 200-10] ----------------------------------------------------------------
Execute       create_rtl_model compress -top_prefix  -sub_prefix compress_ -mg_file C:/hls_projects/compress/compress/hls/.autopilot/db/compress.compgen.tcl 
WARNING: [RTGEN 206-101] Design contains AXI ports. Reset is fixed to synchronous and active low.
INFO: [RTGEN 206-500] Setting interface mode on port 'compress/data0' to 'm_axi'.
INFO: [RTGEN 206-500] Setting interface mode on port 'compress/data1' to 'm_axi'.
INFO: [RTGEN 206-500] Setting interface mode on port 'compress/data2' to 'm_axi'.
INFO: [RTGEN 206-500] Setting interface mode on port 'compress/chaining_value' to 's_axilite & ap_none' (register).
INFO: [RTGEN 206-500] Setting interface mode on port 'compress/block_words' to 's_axilite & ap_none' (register).
INFO: [RTGEN 206-500] Setting interface mode on port 'compress/counter' to 's_axilite & ap_none' (register).
INFO: [RTGEN 206-500] Setting interface mode on port 'compress/block_len' to 's_axilite & ap_none' (register).
INFO: [RTGEN 206-500] Setting interface mode on port 'compress/flags' to 's_axilite & ap_none' (register).
INFO: [RTGEN 206-500] Setting interface mode on port 'compress/out_r' to 's_axilite & ap_none' (register).
INFO: [RTGEN 206-500] Setting interface mode on function 'compress' to 's_axilite & ap_ctrl_hs'.
INFO: [RTGEN 206-100] Bundling port 'chaining_value', 'block_words', 'counter', 'block_len', 'flags', 'out_r' and 'return' to AXI-Lite port ctrl.
INFO: [RTGEN 206-100] Finished creating RTL model for 'compress'.
Command       create_rtl_model done; 0.62 sec.
INFO: [HLS 200-111] Finished Creating RTL model: CPU user time: 0 seconds. CPU system time: 2 seconds. Elapsed time: 6.75 seconds; current allocated memory: 239.703 MB.
Execute       source C:/hls_projects/compress/compress/hls/.autopilot/db/compress.rtl_wrap.cfg.tcl 
Execute       gen_rtl compress -istop -style xilinx -f -lang vhdl -o C:/hls_projects/compress/compress/hls/syn/vhdl/compress 
Execute       gen_rtl compress -istop -style xilinx -f -lang vlog -o C:/hls_projects/compress/compress/hls/syn/verilog/compress 
Execute       syn_report -csynth -model compress -o C:/hls_projects/compress/compress/hls/syn/report/compress_csynth.rpt 
Execute         list_part -family xck26-sfvc784-2LV-c 
Execute           ap_family_info -name xck26-sfvc784-2LV-c -data names 
Execute           ap_part_info -quiet -name xck26-sfvc784-2LV-c -data family 
Execute       syn_report -rtlxml -model compress -o C:/hls_projects/compress/compress/hls/syn/report/compress_csynth.xml 
Execute         list_part -family xck26-sfvc784-2LV-c 
Execute           ap_family_info -name xck26-sfvc784-2LV-c -data names 
Execute           ap_part_info -quiet -name xck26-sfvc784-2LV-c -data family 
Execute       syn_report -verbosereport -model compress -o C:/hls_projects/compress/compress/hls/.autopilot/db/compress.verbose.rpt 
Execute         list_part -family xck26-sfvc784-2LV-c 
Execute           ap_family_info -name xck26-sfvc784-2LV-c -data names 
Execute           ap_part_info -quiet -name xck26-sfvc784-2LV-c -data family 
Command       syn_report done; 0.12 sec.
Execute       db_write -model compress -f -o C:/hls_projects/compress/compress/hls/.autopilot/db/compress.adb 
Execute       db_write -model compress -bindview -o C:/hls_projects/compress/compress/hls/.autopilot/db/design.bindinfo.xml 
Execute       gen_tb_info compress -p C:/hls_projects/compress/compress/hls/.autopilot/db -o C:/hls_projects/compress/compress/hls/.autopilot/db/compress 
Execute       export_constraint_db -f -tool general -o C:/hls_projects/compress/compress/hls/.autopilot/db/compress.constraint.tcl 
Execute       syn_report -designview -model compress -o C:/hls_projects/compress/compress/hls/.autopilot/db/compress.design.xml 
Execute       syn_report -csynthDesign -model compress -o C:/hls_projects/compress/compress/hls/syn/report/csynth.rpt -MHOut C:/hls_projects/compress/compress/hls/.autopilot/db/kernel_module_hierarchy.tcl 
Execute         list_part -family xck26-sfvc784-2LV-c 
Execute           ap_family_info -name xck26-sfvc784-2LV-c -data names 
Execute           ap_part_info -quiet -name xck26-sfvc784-2LV-c -data family 
Execute       syn_report -wcfg -model compress -o C:/hls_projects/compress/compress/hls/.autopilot/db/compress_dataflow_ana.wcfg 
Execute       syn_report -protoinst -model compress -o C:/hls_projects/compress/compress/hls/.autopilot/db/compress.protoinst 
Execute       sc_get_clocks compress 
Execute       sc_get_portdomain compress 
INFO-FLOW: Model list for RTL component generation: rotate_right round_function compress
INFO-FLOW: Handling components in module [rotate_right] ... 
Execute       source C:/hls_projects/compress/compress/hls/.autopilot/db/rotate_right.compgen.tcl 
INFO-FLOW: Handling components in module [round_function] ... 
Execute       source C:/hls_projects/compress/compress/hls/.autopilot/db/round_function.compgen.tcl 
INFO-FLOW: Handling components in module [compress] ... 
Execute       source C:/hls_projects/compress/compress/hls/.autopilot/db/compress.compgen.tcl 
INFO-FLOW: Found component compress_data0_m_axi.
INFO-FLOW: Append model compress_data0_m_axi
INFO-FLOW: Found component compress_data1_m_axi.
INFO-FLOW: Append model compress_data1_m_axi
INFO-FLOW: Found component compress_data2_m_axi.
INFO-FLOW: Append model compress_data2_m_axi
INFO-FLOW: Found component compress_ctrl_s_axi.
INFO-FLOW: Append model compress_ctrl_s_axi
INFO-FLOW: Append model rotate_right
INFO-FLOW: Append model round_function
INFO-FLOW: Append model compress
INFO-FLOW: Generating RTL model list ...
INFO-FLOW: All models in this session: compress_data0_m_axi compress_data1_m_axi compress_data2_m_axi compress_ctrl_s_axi rotate_right round_function compress
INFO-FLOW: Generating C:/hls_projects/compress/compress/hls/.autopilot/db/autopilot.rtl.models.txt file...
INFO-FLOW: To file: write model compress_data0_m_axi
INFO-FLOW: To file: write model compress_data1_m_axi
INFO-FLOW: To file: write model compress_data2_m_axi
INFO-FLOW: To file: write model compress_ctrl_s_axi
INFO-FLOW: To file: write model rotate_right
INFO-FLOW: To file: write model round_function
INFO-FLOW: To file: write model compress
INFO-FLOW: Generating C:/hls_projects/compress/compress/hls/.autopilot/db/autopilot.rtl.models.tcl file...
INFO-FLOW: Finished generating RTL model list.


INFO-FLOW: RTL Generation done.
INFO-FLOW: CAS Generation done.
INFO-FLOW: CBC Generation done.
INFO-FLOW: DBG:PROC: ::AESL_AUTOMG::auto_generate_csynth_design
INFO-FLOW: DBG:PUTS: read_platform_lib C:/hls_projects/compress/compress/hls/.autopilot/db/global.setting.tcl
Execute       source C:/Xilinx/Vitis_HLS/2023.2/common/technology/generic/autopilot/common.gen 
Execute         source C:/Xilinx/Vitis_HLS/2023.2/common/technology/generic/autopilot/APCoreGen.gen 
Execute       source C:/Xilinx/Vitis_HLS/2023.2/common/technology/generic/autopilot/op.gen 
Execute       source C:/Xilinx/Vitis_HLS/2023.2/common/technology/generic/autopilot/op_simcore.gen 
Execute       source C:/Xilinx/Vitis_HLS/2023.2/common/technology/generic/autopilot/interface.gen 
Execute       source C:/hls_projects/compress/compress/hls/.autopilot/db/global.setting.tcl 
Execute       source C:/Xilinx/Vitis_HLS/2023.2/common/technology/xilinx/common/xilinx.gen 
Execute         source C:/Xilinx/Vitis_HLS/2023.2/common/technology/xilinx/interface/plb46.gen 
Execute         source C:/Xilinx/Vitis_HLS/2023.2/common/technology/xilinx/interface/axi4.gen 
Execute         source C:/Xilinx/Vitis_HLS/2023.2/common/technology/xilinx/interface/nativeAXI4.gen 
Execute           source C:/Xilinx/Vitis_HLS/2023.2/common/technology/xilinx/interface/saxilite.gen 
Execute         source C:/Xilinx/Vitis_HLS/2023.2/common/technology/xilinx/scripts/xilinxcoregen.gen 
Execute         source C:/Xilinx/Vitis_HLS/2023.2/common/technology/xilinx/interface/XilEDKCoreGen.gen 
Execute         source C:/Xilinx/Vitis_HLS/2023.2/common/technology/xilinx/ip/dds_compiler.gen 
Execute         source C:/Xilinx/Vitis_HLS/2023.2/common/technology/xilinx/ip/util.gen 
Execute         source C:/Xilinx/Vitis_HLS/2023.2/common/technology/xilinx/ip/xfft.gen 
Execute         source C:/Xilinx/Vitis_HLS/2023.2/common/technology/xilinx/ip/xfir.gen 
Execute         source C:/Xilinx/Vitis_HLS/2023.2/common/technology/xilinx/DSP48/dsp48.gen 
Command       ap_source done; 0.159 sec.
INFO-FLOW: DBG:PUTS:   using AESL_AUTOCG::g_clock_period=3.003 (was NA)
INFO-FLOW: DBG:PROC: ::AESL_AUTOMG::generate_ip_cores gen_sim_model='1' gen_fp_models='0' gen_for_export='0' dstSCDir='' dstVhdlDir='C:/hls_projects/compress/compress/hls/.autopilot/db/vhdl' dstVlogDir='C:/hls_projects/compress/compress/hls/.autopilot/db/vlog' tclDir='C:/hls_projects/compress/compress/hls/.autopilot/db' modelList='compress_data0_m_axi
compress_data1_m_axi
compress_data2_m_axi
compress_ctrl_s_axi
rotate_right
round_function
compress
' expOnly='0'
Execute       source C:/hls_projects/compress/compress/hls/.autopilot/db/global.setting.tcl 
Execute       ap_part_info -name xck26-sfvc784-2LV-c -data names -quiet 
Execute       ap_part_info -name xck26-sfvc784-2LV-c -data info -quiet 
Command       ap_part_info done; 0.104 sec.
Execute       source C:/hls_projects/compress/compress/hls/.autopilot/db/global.setting.tcl 
Execute       source C:/hls_projects/compress/compress/hls/.autopilot/db/global.setting.tcl 
Execute       source C:/hls_projects/compress/compress/hls/.autopilot/db/rotate_right.compgen.tcl 
Execute       source C:/hls_projects/compress/compress/hls/.autopilot/db/round_function.compgen.tcl 
Execute       source C:/hls_projects/compress/compress/hls/.autopilot/db/compress.compgen.tcl 
Execute         source ./ctrl.slave.tcl 
Command       ap_source done; 0.295 sec.
INFO: [HLS 200-111] Finished Generating all RTL models: CPU user time: 0 seconds. CPU system time: 2 seconds. Elapsed time: 7.899 seconds; current allocated memory: 245.348 MB.
INFO-FLOW: DBG:PROC: ::HLSREPORTS::create_csynth_xml bind_info_var='bind_info' RtlSubPrefix='compress_' outfile=''
INFO-FLOW: Running: create_csynth_xml read xml data
INFO-FLOW: Done: create_csynth_xml read xml data time: 0 seconds per iteration
INFO-FLOW: Running: create_csynth_xml bind info
INFO-FLOW: No bind nodes found for module_name compress
INFO-FLOW: Done: create_csynth_xml bind info time: 0 seconds per iteration
INFO-FLOW: Running: create_csynth_xml config info
INFO-FLOW: Done: create_csynth_xml config info time: 4.1 seconds per iteration
INFO-FLOW: Running: create_csynth_xml write xml
INFO-FLOW: Done: create_csynth_xml write xml time: 0 seconds per iteration
INFO-FLOW: DBG:PUTS:      create_csynth_xml wrote csynth_xml=C:/hls_projects/compress/compress/hls/syn/report/csynth.xml
INFO-FLOW: DBG:PROC: ::AP::DESIGN_DATA::generate_json generate_bd_files='0' generate_xo_files='0' modelList='compress_data0_m_axi
compress_data1_m_axi
compress_data2_m_axi
compress_ctrl_s_axi
rotate_right
round_function
compress
' rtl_lang='both' bootstrap_tcl='false' outdir='' outfilename=''
Execute       source C:/hls_projects/compress/compress/hls/.autopilot/db/global.setting.tcl 
Execute       source C:/hls_projects/compress/compress/hls/.autopilot/db/global.setting.tcl 
Execute       source C:/hls_projects/compress/compress/hls/.autopilot/db/top-io-be.tcl 
Execute       source C:/hls_projects/compress/compress/hls/.autopilot/db/compress.tbgen.tcl 
Execute       source C:/hls_projects/compress/compress/hls/.autopilot/db/compress.compgen.dataonly.tcl 
Execute       source C:/hls_projects/compress/compress/hls/.autopilot/db/compress.compgen.dataonly.tcl 
Execute       source C:/hls_projects/compress/compress/hls/.autopilot/db/compress.rtl_wrap.cfg.tcl 
Execute       source C:/hls_projects/compress/compress/hls/.autopilot/db/compress.compgen.dataonly.tcl 
Execute       source C:/hls_projects/compress/compress/hls/.autopilot/db/rotate_right.tbgen.tcl 
Execute       source C:/hls_projects/compress/compress/hls/.autopilot/db/round_function.tbgen.tcl 
Execute       source C:/hls_projects/compress/compress/hls/.autopilot/db/compress.tbgen.tcl 
Execute       source C:/hls_projects/compress/compress/hls/.autopilot/db/global.setting.tcl 
Execute       ap_part_info -name xck26-sfvc784-2LV-c -data names -quiet 
Execute       ap_part_info -name xck26-sfvc784-2LV-c -data info -quiet 
Command       ap_part_info done; 0.141 sec.
Execute       source C:/hls_projects/compress/compress/hls/.autopilot/db/compress.constraint.tcl 
Execute       sc_get_clocks compress 
Execute       source C:/hls_projects/compress/compress/hls/.autopilot/db/global.setting.tcl 
INFO-FLOW: DBG:PROC: ::HLSREPORTS::add_csynth_report_sections bind_info_dict='adapter_nodes {{BINDTYPE adapter ID {} IMPL {} LATENCY {} OPTYPE {} PRAGMA {} RTLNAME ctrl_s_axi_U SOURCE {} VARIABLE {} LOOP {} BUNDLEDNAME ctrl DSP 0 BRAM 0 URAM 0 STORAGESUBTYPE s_axilite STORAGESIZE {} STORAGEUSAGE interface DISPNAME {bind_adapter }} {BINDTYPE adapter ID {} IMPL {} LATENCY {} OPTYPE {} PRAGMA {} RTLNAME data0_m_axi_U SOURCE {} VARIABLE {} LOOP {} BUNDLEDNAME data0 DSP 0 BRAM 8 URAM 0 STORAGESUBTYPE m_axi STORAGESIZE {} STORAGEUSAGE interface DISPNAME {bind_adapter }} {BINDTYPE adapter ID {} IMPL {} LATENCY {} OPTYPE {} PRAGMA {} RTLNAME data1_m_axi_U SOURCE {} VARIABLE {} LOOP {} BUNDLEDNAME data1 DSP 0 BRAM 8 URAM 0 STORAGESUBTYPE m_axi STORAGESIZE {} STORAGEUSAGE interface DISPNAME {bind_adapter }} {BINDTYPE adapter ID {} IMPL {} LATENCY {} OPTYPE {} PRAGMA {} RTLNAME data2_m_axi_U SOURCE {} VARIABLE {} LOOP {} BUNDLEDNAME data2 DSP 0 BRAM 8 URAM 0 STORAGESUBTYPE m_axi STORAGESIZE {} STORAGEUSAGE interface DISPNAME {bind_adapter }}} report_dict {TOPINST compress MODULE2INSTS {compress compress round_function grp_round_function_fu_242 rotate_right {grp_rotate_right_fu_270 grp_rotate_right_fu_277 grp_rotate_right_fu_284 grp_rotate_right_fu_291}} INST2MODULE {compress compress grp_round_function_fu_242 round_function grp_rotate_right_fu_270 rotate_right grp_rotate_right_fu_277 rotate_right grp_rotate_right_fu_284 rotate_right grp_rotate_right_fu_291 rotate_right} INSTDATA {compress {DEPTH 1 CHILDREN grp_round_function_fu_242} grp_round_function_fu_242 {DEPTH 2 CHILDREN {grp_rotate_right_fu_270 grp_rotate_right_fu_277 grp_rotate_right_fu_284 grp_rotate_right_fu_291}} grp_rotate_right_fu_270 {DEPTH 3 CHILDREN {}} grp_rotate_right_fu_277 {DEPTH 3 CHILDREN {}} grp_rotate_right_fu_284 {DEPTH 3 CHILDREN {}} grp_rotate_right_fu_291 {DEPTH 3 CHILDREN {}}} MODULEDATA {rotate_right {BINDINFO {{BINDTYPE op ID {} IMPL fabric LATENCY 0 OPTYPE sub PRAGMA {} RTLNAME sub_ln12_fu_26_p2 SOURCE C:/hls_projects/compress/compress.cpp:12 VARIABLE sub_ln12 LOOP {} BUNDLEDNAME {} DSP 0 BRAM 0 URAM 0 STORAGESUBTYPE {} DISPNAME {bind_op sub}}} AREA {DSP 0 BRAM 0 URAM 0}} round_function {BINDINFO {{BINDTYPE op ID {} IMPL fabric LATENCY 0 OPTYPE add PRAGMA {} RTLNAME add_ln30_2_fu_414_p2 SOURCE C:/hls_projects/compress/compress.cpp:30 VARIABLE add_ln30_2 LOOP {} BUNDLEDNAME {} DSP 0 BRAM 0 URAM 0 STORAGESUBTYPE {} DISPNAME {bind_op add}} {BINDTYPE op ID {} IMPL fabric LATENCY 0 OPTYPE add PRAGMA {} RTLNAME add_ln30_5_fu_526_p2 SOURCE C:/hls_projects/compress/compress.cpp:30 VARIABLE add_ln30_5 LOOP {} BUNDLEDNAME {} DSP 0 BRAM 0 URAM 0 STORAGESUBTYPE {} DISPNAME {bind_op add}} {BINDTYPE op ID {} IMPL fabric LATENCY 0 OPTYPE add PRAGMA {} RTLNAME add_ln31_2_fu_420_p2 SOURCE C:/hls_projects/compress/compress.cpp:31 VARIABLE add_ln31_2 LOOP {} BUNDLEDNAME {} DSP 0 BRAM 0 URAM 0 STORAGESUBTYPE {} DISPNAME {bind_op add}} {BINDTYPE op ID {} IMPL fabric LATENCY 0 OPTYPE add PRAGMA {} RTLNAME add_ln31_5_fu_531_p2 SOURCE C:/hls_projects/compress/compress.cpp:31 VARIABLE add_ln31_5 LOOP {} BUNDLEDNAME {} DSP 0 BRAM 0 URAM 0 STORAGESUBTYPE {} DISPNAME {bind_op add}} {BINDTYPE op ID {} IMPL fabric LATENCY 0 OPTYPE add PRAGMA {} RTLNAME add_ln32_2_fu_426_p2 SOURCE C:/hls_projects/compress/compress.cpp:32 VARIABLE add_ln32_2 LOOP {} BUNDLEDNAME {} DSP 0 BRAM 0 URAM 0 STORAGESUBTYPE {} DISPNAME {bind_op add}} {BINDTYPE op ID {} IMPL fabric LATENCY 0 OPTYPE add PRAGMA {} RTLNAME add_ln32_5_fu_536_p2 SOURCE C:/hls_projects/compress/compress.cpp:32 VARIABLE add_ln32_5 LOOP {} BUNDLEDNAME {} DSP 0 BRAM 0 URAM 0 STORAGESUBTYPE {} DISPNAME {bind_op add}} {BINDTYPE op ID {} IMPL fabric LATENCY 0 OPTYPE add PRAGMA {} RTLNAME add_ln33_2_fu_432_p2 SOURCE C:/hls_projects/compress/compress.cpp:33 VARIABLE add_ln33_2 LOOP {} BUNDLEDNAME {} DSP 0 BRAM 0 URAM 0 STORAGESUBTYPE {} DISPNAME {bind_op add}} {BINDTYPE op ID {} IMPL fabric LATENCY 0 OPTYPE add PRAGMA {} RTLNAME add_ln33_5_fu_541_p2 SOURCE C:/hls_projects/compress/compress.cpp:33 VARIABLE add_ln33_5 LOOP {} BUNDLEDNAME {} DSP 0 BRAM 0 URAM 0 STORAGESUBTYPE {} DISPNAME {bind_op add}} {BINDTYPE op ID {} IMPL fabric LATENCY 0 OPTYPE add PRAGMA {} RTLNAME add_ln36_2_fu_638_p2 SOURCE C:/hls_projects/compress/compress.cpp:36 VARIABLE add_ln36_2 LOOP {} BUNDLEDNAME {} DSP 0 BRAM 0 URAM 0 STORAGESUBTYPE {} DISPNAME {bind_op add}} {BINDTYPE op ID {} IMPL fabric LATENCY 0 OPTYPE add PRAGMA {} RTLNAME add_ln36_5_fu_750_p2 SOURCE C:/hls_projects/compress/compress.cpp:36 VARIABLE add_ln36_5 LOOP {} BUNDLEDNAME {} DSP 0 BRAM 0 URAM 0 STORAGESUBTYPE {} DISPNAME {bind_op add}} {BINDTYPE op ID {} IMPL fabric LATENCY 0 OPTYPE add PRAGMA {} RTLNAME add_ln37_2_fu_643_p2 SOURCE C:/hls_projects/compress/compress.cpp:37 VARIABLE add_ln37_2 LOOP {} BUNDLEDNAME {} DSP 0 BRAM 0 URAM 0 STORAGESUBTYPE {} DISPNAME {bind_op add}} {BINDTYPE op ID {} IMPL fabric LATENCY 0 OPTYPE add PRAGMA {} RTLNAME add_ln37_5_fu_755_p2 SOURCE C:/hls_projects/compress/compress.cpp:37 VARIABLE add_ln37_5 LOOP {} BUNDLEDNAME {} DSP 0 BRAM 0 URAM 0 STORAGESUBTYPE {} DISPNAME {bind_op add}} {BINDTYPE op ID {} IMPL fabric LATENCY 0 OPTYPE add PRAGMA {} RTLNAME add_ln38_2_fu_648_p2 SOURCE C:/hls_projects/compress/compress.cpp:38 VARIABLE add_ln38_2 LOOP {} BUNDLEDNAME {} DSP 0 BRAM 0 URAM 0 STORAGESUBTYPE {} DISPNAME {bind_op add}} {BINDTYPE op ID {} IMPL fabric LATENCY 0 OPTYPE add PRAGMA {} RTLNAME add_ln38_5_fu_760_p2 SOURCE C:/hls_projects/compress/compress.cpp:38 VARIABLE add_ln38_5 LOOP {} BUNDLEDNAME {} DSP 0 BRAM 0 URAM 0 STORAGESUBTYPE {} DISPNAME {bind_op add}} {BINDTYPE op ID {} IMPL fabric LATENCY 0 OPTYPE add PRAGMA {} RTLNAME add_ln39_2_fu_653_p2 SOURCE C:/hls_projects/compress/compress.cpp:39 VARIABLE add_ln39_2 LOOP {} BUNDLEDNAME {} DSP 0 BRAM 0 URAM 0 STORAGESUBTYPE {} DISPNAME {bind_op add}} {BINDTYPE op ID {} IMPL fabric LATENCY 0 OPTYPE add PRAGMA {} RTLNAME add_ln39_5_fu_765_p2 SOURCE C:/hls_projects/compress/compress.cpp:39 VARIABLE add_ln39_5 LOOP {} BUNDLEDNAME {} DSP 0 BRAM 0 URAM 0 STORAGESUBTYPE {} DISPNAME {bind_op add}}} AREA {DSP 0 BRAM 0 URAM 0}} compress {AREA {DSP 0 BRAM 24 URAM 0}}}}'
INFO-FLOW: DBG:PUTS:      update_csynth_reports json2rpt_hw_sw_interfaces
Execute       send_msg_by_id INFO @200-1603@%s  and missed bursts 
INFO: [HLS 200-1603] Design has inferred MAXI bursts and missed bursts, see Vitis HLS GUI synthesis summary report for detailed information.
INFO-FLOW: Running: gen_csynth_sec_pragma
INFO-FLOW: Done: gen_csynth_sec_pragma time: 0.2 seconds per iteration
INFO-FLOW: DBG:PUTS:      update_csynth_reports wrote xml
INFO-FLOW: DBG:PUTS:      update_csynth_reports appended to csynth rpt file
INFO: [HLS 200-111] Finished Updating report files: CPU user time: 1 seconds. CPU system time: 2 seconds. Elapsed time: 7.688 seconds; current allocated memory: 251.914 MB.
INFO: [VHDL 208-304] Generating VHDL RTL for compress.
INFO: [VLOG 209-307] Generating Verilog RTL for compress.
Execute       syn_report -model compress -printsummary 
INFO: [HLS 200-789] **** Estimated Fmax: 401.14 MHz
Command     autosyn done; 25.838 sec.
Command   csynth_design done; 45.997 sec.
INFO: [HLS 200-111] Finished Command csynth_design CPU user time: 2 seconds. CPU system time: 7 seconds. Elapsed time: 45.997 seconds; current allocated memory: 81.164 MB.
Execute   close_project 
INFO: [HLS 200-1510] Running: close_project 
Execute     close_solution 
Execute       cleanup_all 
Execute       cleanup_all 
INFO-FLOW: Workspace C:/hls_projects/compress/compress/hls opened at Sun Mar 17 18:43:53 -0700 2024
Execute     send_msg_by_id INFO @200-1505@%s%s default  vivado 
INFO: [HLS 200-1505] Using default flow_target 'vivado'
Command   open_solution done; 0.15 sec.
Execute   apply_ini C:/hls_projects/compress/hls_config.cfg 
INFO: [HLS 200-1510] Running: apply_ini C:/hls_projects/compress/hls_config.cfg 
Execute     send_msg_by_id INFO @200-1909@%s C:/hls_projects/compress/hls_config.cfg 
INFO: [HLS 200-1909] Reading HLS ini file C:/hls_projects/compress/hls_config.cfg
Execute     send_msg_by_id INFO @200-1465@%s 'syn.file=C:\hls_projects\compress\compress.cpp' at C:/hls_projects/compress/hls_config.cfg(7) 
INFO: [HLS 200-1465] Applying ini 'syn.file=C:\hls_projects\compress\compress.cpp' at C:/hls_projects/compress/hls_config.cfg(7)
Execute     add_files C:\hls_projects\compress\compress.cpp 
INFO: [HLS 200-10] Adding design file 'C:/hls_projects/compress/compress.cpp' to the project
Execute     send_msg_by_id INFO @200-1465@%s 'syn.file=C:\hls_projects\compress\compress.h' at C:/hls_projects/compress/hls_config.cfg(8) 
INFO: [HLS 200-1465] Applying ini 'syn.file=C:\hls_projects\compress\compress.h' at C:/hls_projects/compress/hls_config.cfg(8)
Execute     add_files C:\hls_projects\compress\compress.h 
INFO: [HLS 200-10] Adding design file 'C:/hls_projects/compress/compress.h' to the project
Execute     send_msg_by_id INFO @200-1465@%s 'tb.file=C:\hls_projects\compress\compress_test.cpp' at C:/hls_projects/compress/hls_config.cfg(9) 
INFO: [HLS 200-1465] Applying ini 'tb.file=C:\hls_projects\compress\compress_test.cpp' at C:/hls_projects/compress/hls_config.cfg(9)
Execute     add_files -tb C:\hls_projects\compress\compress_test.cpp 
INFO: [HLS 200-10] Adding test bench file 'C:/hls_projects/compress/compress_test.cpp' to the project
Execute     send_msg_by_id INFO @200-1465@%s 'syn.top=compress' at C:/hls_projects/compress/hls_config.cfg(10) 
INFO: [HLS 200-1465] Applying ini 'syn.top=compress' at C:/hls_projects/compress/hls_config.cfg(10)
Execute     set_top compress 
Execute     send_msg_by_id INFO @200-1465@%s 'flow_target=vivado' at C:/hls_projects/compress/hls_config.cfg(4) 
INFO: [HLS 200-1465] Applying ini 'flow_target=vivado' at C:/hls_projects/compress/hls_config.cfg(4)
Execute     send_msg_by_id INFO @200-1505@%s%s  vivado 
INFO: [HLS 200-1505] Using flow_target 'vivado'
Execute     send_msg_by_id INFO @200-1465@%s 'part=xck26-sfvc784-2LV-c' at C:/hls_projects/compress/hls_config.cfg(1) 
INFO: [HLS 200-1465] Applying ini 'part=xck26-sfvc784-2LV-c' at C:/hls_projects/compress/hls_config.cfg(1)
Execute     set_part xck26-sfvc784-2LV-c 
Execute       create_platform xck26-sfvc784-2LV-c -board  
DBG:HLSDevice: Trying to load device library: C:/Xilinx\Vitis_HLS\2023.2\lib\win64.o\xv_hlsvwrap.dll
DBG:HLSDevice: first parts/arch.xml in RDI_DATADIR: C:/Xilinx/Vivado/2023.2/data/parts/arch.xml
DBG:HLSDevice: init success
INFO: [HLS 200-1611] Setting target device to 'xck26-sfvc784-2LV-c'
Command       create_platform done; 1.923 sec.
Execute       source C:/Xilinx/Vitis_HLS/2023.2/common/technology/xilinx/common/xilinx.gen 
Execute         source C:/Xilinx/Vitis_HLS/2023.2/common/technology/xilinx/interface/plb46.gen 
Execute         source C:/Xilinx/Vitis_HLS/2023.2/common/technology/xilinx/interface/axi4.gen 
Execute         source C:/Xilinx/Vitis_HLS/2023.2/common/technology/xilinx/interface/nativeAXI4.gen 
Execute           source C:/Xilinx/Vitis_HLS/2023.2/common/technology/xilinx/interface/saxilite.gen 
Execute         source C:/Xilinx/Vitis_HLS/2023.2/common/technology/xilinx/scripts/xilinxcoregen.gen 
Execute         source C:/Xilinx/Vitis_HLS/2023.2/common/technology/xilinx/interface/XilEDKCoreGen.gen 
Execute         source C:/Xilinx/Vitis_HLS/2023.2/common/technology/xilinx/ip/dds_compiler.gen 
Execute         source C:/Xilinx/Vitis_HLS/2023.2/common/technology/xilinx/ip/util.gen 
Execute         source C:/Xilinx/Vitis_HLS/2023.2/common/technology/xilinx/ip/xfft.gen 
Command         ap_source done; 0.116 sec.
Execute         source C:/Xilinx/Vitis_HLS/2023.2/common/technology/xilinx/ip/xfir.gen 
Execute         source C:/Xilinx/Vitis_HLS/2023.2/common/technology/xilinx/DSP48/dsp48.gen 
Command       ap_source done; 0.164 sec.
Execute       ap_part_info -name xck26-sfvc784-2LV-c -data info 
Execute       config_compile -quiet -complex-mul-dsp=0 
Command     set_part done; 2.173 sec.
Execute     send_msg_by_id INFO @200-1465@%s 'clock=333MHz' at C:/hls_projects/compress/hls_config.cfg(14) 
INFO: [HLS 200-1465] Applying ini 'clock=333MHz' at C:/hls_projects/compress/hls_config.cfg(14)
Execute     create_clock -period 333MHz 
Execute       ap_set_clock -name default -period 3.003 -unit ns -default=false 
INFO: [SYN 201-201] Setting up clock 'default' with a period of 3.003ns.
Execute     send_msg_by_id INFO @200-1465@%s 'package.ip.version=3.0.0' at C:/hls_projects/compress/hls_config.cfg(11) 
INFO: [HLS 200-1465] Applying ini 'package.ip.version=3.0.0' at C:/hls_projects/compress/hls_config.cfg(11)
Execute     config_export -version=3.0.0 
Execute     send_msg_by_id INFO @200-1465@%s 'package.output.format=ip_catalog' at C:/hls_projects/compress/hls_config.cfg(5) 
INFO: [HLS 200-1465] Applying ini 'package.output.format=ip_catalog' at C:/hls_projects/compress/hls_config.cfg(5)
Execute     config_export -format=ip_catalog 
Execute     send_msg_by_id INFO @200-1465@%s 'syn.interface.m_axi_alignment_byte_size=8' at C:/hls_projects/compress/hls_config.cfg(13) 
INFO: [HLS 200-1465] Applying ini 'syn.interface.m_axi_alignment_byte_size=8' at C:/hls_projects/compress/hls_config.cfg(13)
Execute     config_interface -m_axi_alignment_byte_size=8 
Execute     send_msg_by_id INFO @200-1465@%s 'syn.interface.m_axi_max_widen_bitwidth=512' at C:/hls_projects/compress/hls_config.cfg(12) 
INFO: [HLS 200-1465] Applying ini 'syn.interface.m_axi_max_widen_bitwidth=512' at C:/hls_projects/compress/hls_config.cfg(12)
Execute     config_interface -m_axi_max_widen_bitwidth=512 
Command   apply_ini done; 2.329 sec.
Execute   apply_ini C:/hls_projects/compress/compress/hls/config.cmdline 
INFO: [HLS 200-1510] Running: apply_ini C:/hls_projects/compress/compress/hls/config.cmdline 
Execute     send_msg_by_id INFO @200-1909@%s C:/hls_projects/compress/compress/hls/config.cmdline 
INFO: [HLS 200-1909] Reading HLS ini file C:/hls_projects/compress/compress/hls/config.cmdline
Execute   csim_design 
INFO: [HLS 200-1510] Running: csim_design 
INFO-FLOW: Running SLX 'csim' proc: ::SLX::run_csim
Execute     source C:/hls_projects/compress/compress/hls/.autopilot/db/global.setting.tcl 
INFO: [SIM 211-2] *************** CSIM start ***************
INFO: [SIM 211-4] CSIM will launch GCC as the compiler.
Execute     source csim/.lst_opt.tcl 
Execute     send_msg_by_id INFO @200-2036@%s debug 
INFO: [HLS 200-2036] Building debug C Simulation binaries
Execute     ap_part_info -name xck26-sfvc784-2LV-c -data info 
Execute     source run_sim.tcl 
Command     ap_source done; 0.396 sec.
INFO: [SIM 211-1] CSim done with 0 errors.
INFO: [SIM 211-3] *************** CSIM finish ***************
Command   csim_design done; 7.526 sec.
INFO: [HLS 200-111] Finished Command csim_design CPU user time: 0 seconds. CPU system time: 0 seconds. Elapsed time: 7.526 seconds; current allocated memory: 1.176 MB.
Execute   close_project 
INFO: [HLS 200-1510] Running: close_project 
Execute     close_solution 
Execute       cleanup_all 
Execute       cleanup_all 
INFO-FLOW: Workspace C:/hls_projects/compress/compress/hls opened at Sun Mar 17 18:51:55 -0700 2024
Execute     send_msg_by_id INFO @200-1505@%s%s default  vivado 
INFO: [HLS 200-1505] Using default flow_target 'vivado'
Command   open_solution done; 0.325 sec.
Execute   apply_ini C:/hls_projects/compress/hls_config.cfg 
INFO: [HLS 200-1510] Running: apply_ini C:/hls_projects/compress/hls_config.cfg 
Execute     send_msg_by_id INFO @200-1909@%s C:/hls_projects/compress/hls_config.cfg 
INFO: [HLS 200-1909] Reading HLS ini file C:/hls_projects/compress/hls_config.cfg
Execute     send_msg_by_id INFO @200-1465@%s 'syn.file=C:\hls_projects\compress\compress.cpp' at C:/hls_projects/compress/hls_config.cfg(7) 
INFO: [HLS 200-1465] Applying ini 'syn.file=C:\hls_projects\compress\compress.cpp' at C:/hls_projects/compress/hls_config.cfg(7)
Execute     add_files C:\hls_projects\compress\compress.cpp 
INFO: [HLS 200-10] Adding design file 'C:/hls_projects/compress/compress.cpp' to the project
Execute     send_msg_by_id INFO @200-1465@%s 'syn.file=C:\hls_projects\compress\compress.h' at C:/hls_projects/compress/hls_config.cfg(8) 
INFO: [HLS 200-1465] Applying ini 'syn.file=C:\hls_projects\compress\compress.h' at C:/hls_projects/compress/hls_config.cfg(8)
Execute     add_files C:\hls_projects\compress\compress.h 
INFO: [HLS 200-10] Adding design file 'C:/hls_projects/compress/compress.h' to the project
Execute     send_msg_by_id INFO @200-1465@%s 'tb.file=C:\hls_projects\compress\compress_test.cpp' at C:/hls_projects/compress/hls_config.cfg(9) 
INFO: [HLS 200-1465] Applying ini 'tb.file=C:\hls_projects\compress\compress_test.cpp' at C:/hls_projects/compress/hls_config.cfg(9)
Execute     add_files -tb C:\hls_projects\compress\compress_test.cpp 
INFO: [HLS 200-10] Adding test bench file 'C:/hls_projects/compress/compress_test.cpp' to the project
Execute     send_msg_by_id INFO @200-1465@%s 'syn.top=compress' at C:/hls_projects/compress/hls_config.cfg(10) 
INFO: [HLS 200-1465] Applying ini 'syn.top=compress' at C:/hls_projects/compress/hls_config.cfg(10)
Execute     set_top compress 
Execute     send_msg_by_id INFO @200-1465@%s 'flow_target=vivado' at C:/hls_projects/compress/hls_config.cfg(4) 
INFO: [HLS 200-1465] Applying ini 'flow_target=vivado' at C:/hls_projects/compress/hls_config.cfg(4)
Execute     send_msg_by_id INFO @200-1505@%s%s  vivado 
INFO: [HLS 200-1505] Using flow_target 'vivado'
Execute     send_msg_by_id INFO @200-1465@%s 'part=xck26-sfvc784-2LV-c' at C:/hls_projects/compress/hls_config.cfg(1) 
INFO: [HLS 200-1465] Applying ini 'part=xck26-sfvc784-2LV-c' at C:/hls_projects/compress/hls_config.cfg(1)
Execute     set_part xck26-sfvc784-2LV-c 
Execute       create_platform xck26-sfvc784-2LV-c -board  
DBG:HLSDevice: Trying to load device library: C:/Xilinx\Vitis_HLS\2023.2\lib\win64.o\xv_hlsvwrap.dll
DBG:HLSDevice: first parts/arch.xml in RDI_DATADIR: C:/Xilinx/Vivado/2023.2/data/parts/arch.xml
DBG:HLSDevice: init success
INFO: [HLS 200-1611] Setting target device to 'xck26-sfvc784-2LV-c'
Command       create_platform done; 2.15 sec.
Execute       source C:/Xilinx/Vitis_HLS/2023.2/common/technology/xilinx/common/xilinx.gen 
Execute         source C:/Xilinx/Vitis_HLS/2023.2/common/technology/xilinx/interface/plb46.gen 
Execute         source C:/Xilinx/Vitis_HLS/2023.2/common/technology/xilinx/interface/axi4.gen 
Execute         source C:/Xilinx/Vitis_HLS/2023.2/common/technology/xilinx/interface/nativeAXI4.gen 
Execute           source C:/Xilinx/Vitis_HLS/2023.2/common/technology/xilinx/interface/saxilite.gen 
Execute         source C:/Xilinx/Vitis_HLS/2023.2/common/technology/xilinx/scripts/xilinxcoregen.gen 
Execute         source C:/Xilinx/Vitis_HLS/2023.2/common/technology/xilinx/interface/XilEDKCoreGen.gen 
Execute         source C:/Xilinx/Vitis_HLS/2023.2/common/technology/xilinx/ip/dds_compiler.gen 
Execute         source C:/Xilinx/Vitis_HLS/2023.2/common/technology/xilinx/ip/util.gen 
Execute         source C:/Xilinx/Vitis_HLS/2023.2/common/technology/xilinx/ip/xfft.gen 
Execute         source C:/Xilinx/Vitis_HLS/2023.2/common/technology/xilinx/ip/xfir.gen 
Execute         source C:/Xilinx/Vitis_HLS/2023.2/common/technology/xilinx/DSP48/dsp48.gen 
Command       ap_source done; 0.107 sec.
Execute       ap_part_info -name xck26-sfvc784-2LV-c -data info 
Execute       config_compile -quiet -complex-mul-dsp=0 
Command     set_part done; 2.38 sec.
Execute     send_msg_by_id INFO @200-1465@%s 'clock=333MHz' at C:/hls_projects/compress/hls_config.cfg(14) 
INFO: [HLS 200-1465] Applying ini 'clock=333MHz' at C:/hls_projects/compress/hls_config.cfg(14)
Execute     create_clock -period 333MHz 
Execute       ap_set_clock -name default -period 3.003 -unit ns -default=false 
INFO: [SYN 201-201] Setting up clock 'default' with a period of 3.003ns.
Execute     send_msg_by_id INFO @200-1465@%s 'package.ip.version=3.0.0' at C:/hls_projects/compress/hls_config.cfg(11) 
INFO: [HLS 200-1465] Applying ini 'package.ip.version=3.0.0' at C:/hls_projects/compress/hls_config.cfg(11)
Execute     config_export -version=3.0.0 
Execute     send_msg_by_id INFO @200-1465@%s 'package.output.format=ip_catalog' at C:/hls_projects/compress/hls_config.cfg(5) 
INFO: [HLS 200-1465] Applying ini 'package.output.format=ip_catalog' at C:/hls_projects/compress/hls_config.cfg(5)
Execute     config_export -format=ip_catalog 
Execute     send_msg_by_id INFO @200-1465@%s 'syn.interface.m_axi_alignment_byte_size=8' at C:/hls_projects/compress/hls_config.cfg(13) 
INFO: [HLS 200-1465] Applying ini 'syn.interface.m_axi_alignment_byte_size=8' at C:/hls_projects/compress/hls_config.cfg(13)
Execute     config_interface -m_axi_alignment_byte_size=8 
Execute     send_msg_by_id INFO @200-1465@%s 'syn.interface.m_axi_max_widen_bitwidth=512' at C:/hls_projects/compress/hls_config.cfg(12) 
INFO: [HLS 200-1465] Applying ini 'syn.interface.m_axi_max_widen_bitwidth=512' at C:/hls_projects/compress/hls_config.cfg(12)
Execute     config_interface -m_axi_max_widen_bitwidth=512 
Command   apply_ini done; 2.925 sec.
Execute   apply_ini C:/hls_projects/compress/compress/hls/config.cmdline 
INFO: [HLS 200-1510] Running: apply_ini C:/hls_projects/compress/compress/hls/config.cmdline 
Execute     send_msg_by_id INFO @200-1909@%s C:/hls_projects/compress/compress/hls/config.cmdline 
INFO: [HLS 200-1909] Reading HLS ini file C:/hls_projects/compress/compress/hls/config.cmdline
Execute   csim_design 
INFO: [HLS 200-1510] Running: csim_design 
INFO-FLOW: Running SLX 'csim' proc: ::SLX::run_csim
Execute     source C:/hls_projects/compress/compress/hls/.autopilot/db/global.setting.tcl 
INFO: [SIM 211-2] *************** CSIM start ***************
INFO: [SIM 211-4] CSIM will launch GCC as the compiler.
Execute     source csim/.lst_opt.tcl 
Execute     send_msg_by_id INFO @200-2036@%s debug 
INFO: [HLS 200-2036] Building debug C Simulation binaries
Execute     ap_part_info -name xck26-sfvc784-2LV-c -data info 
Execute     source run_sim.tcl 
INFO: [SIM 211-1] CSim done with 0 errors.
INFO: [SIM 211-3] *************** CSIM finish ***************
Command   csim_design done; 1.034 sec.
INFO: [HLS 200-111] Finished Command csim_design CPU user time: 0 seconds. CPU system time: 0 seconds. Elapsed time: 1.034 seconds; current allocated memory: 0.961 MB.
Execute   close_project 
INFO: [HLS 200-1510] Running: close_project 
Execute     close_solution 
Execute       cleanup_all 
Execute       cleanup_all 
