C:/hls_projects/compress/compress.cpp:27:9: warning: HLS pragma dump _XLX_SEP_ PragmaIsValid=1_XLX_SEP_ PragmaType=array_partition_XLX_SEP_ PragmaContext=_XLX_SEP_ PragmaFunction=round_function_XLX_SEP_ PragmaOptions=dim=1 type=complete variable=m_XLX_SEP_ [-Wdump-hls-pragmas]
#pragma HLS ARRAY_PARTITION dim=1 type=complete variable=m
        ^
C:/hls_projects/compress/compress.cpp:28:9: warning: HLS pragma dump _XLX_SEP_ PragmaIsValid=1_XLX_SEP_ PragmaType=array_partition_XLX_SEP_ PragmaContext=_XLX_SEP_ PragmaFunction=round_function_XLX_SEP_ PragmaOptions=dim=1 type=complete variable=state_XLX_SEP_ [-Wdump-hls-pragmas]
#pragma HLS ARRAY_PARTITION dim=1 type=complete variable=state
        ^
C:/hls_projects/compress/compress.cpp:45:9: warning: HLS pragma dump _XLX_SEP_ PragmaIsValid=1_XLX_SEP_ PragmaType=unroll_XLX_SEP_ PragmaContext=_XLX_SEP_ PragmaFunction=permute_XLX_SEP_ PragmaOptions=factor=16_XLX_SEP_ [-Wdump-hls-pragmas]
#pragma HLS UNROLL factor=16
        ^
C:/hls_projects/compress/compress.cpp:49:9: warning: HLS pragma dump _XLX_SEP_ PragmaIsValid=1_XLX_SEP_ PragmaType=unroll_XLX_SEP_ PragmaContext=_XLX_SEP_ PragmaFunction=permute_XLX_SEP_ PragmaOptions=factor=16_XLX_SEP_ [-Wdump-hls-pragmas]
#pragma HLS UNROLL factor=16
        ^
directive:1:9: warning: HLS pragma dump _XLX_SEP_ PragmaIsValid=1_XLX_SEP_ PragmaType=top_XLX_SEP_ PragmaContext=directive_XLX_SEP_ PragmaFunction=compress_XLX_SEP_ PragmaOptions=name=compress_XLX_SEP_ [-Wdump-hls-pragmas]
#pragma HLSDIRECTIVE TOP name=compress
        ^
C:/hls_projects/compress/compress.cpp:60:9: warning: HLS pragma dump _XLX_SEP_ PragmaIsValid=1_XLX_SEP_ PragmaType=interface_XLX_SEP_ PragmaContext=_XLX_SEP_ PragmaFunction=compress_XLX_SEP_ PragmaOptions=m_axi port=chaining_value offset=slave bundle=data0_XLX_SEP_ [-Wdump-hls-pragmas]
#pragma HLS INTERFACE m_axi port=chaining_value offset=slave bundle=data0
        ^
C:/hls_projects/compress/compress.cpp:61:9: warning: HLS pragma dump _XLX_SEP_ PragmaIsValid=1_XLX_SEP_ PragmaType=interface_XLX_SEP_ PragmaContext=_XLX_SEP_ PragmaFunction=compress_XLX_SEP_ PragmaOptions=s_axilite register port=chaining_value bundle=ctrl_XLX_SEP_ [-Wdump-hls-pragmas]
#pragma HLS INTERFACE s_axilite register port=chaining_value bundle=ctrl
        ^
C:/hls_projects/compress/compress.cpp:63:9: warning: HLS pragma dump _XLX_SEP_ PragmaIsValid=1_XLX_SEP_ PragmaType=interface_XLX_SEP_ PragmaContext=_XLX_SEP_ PragmaFunction=compress_XLX_SEP_ PragmaOptions=m_axi port=block_words offset=slave bundle=data1_XLX_SEP_ [-Wdump-hls-pragmas]
#pragma HLS INTERFACE m_axi port=block_words offset=slave bundle=data1
        ^
C:/hls_projects/compress/compress.cpp:64:9: warning: HLS pragma dump _XLX_SEP_ PragmaIsValid=1_XLX_SEP_ PragmaType=interface_XLX_SEP_ PragmaContext=_XLX_SEP_ PragmaFunction=compress_XLX_SEP_ PragmaOptions=s_axilite register port=block_words bundle=ctrl_XLX_SEP_ [-Wdump-hls-pragmas]
#pragma HLS INTERFACE s_axilite register port=block_words bundle=ctrl
        ^
C:/hls_projects/compress/compress.cpp:66:9: warning: HLS pragma dump _XLX_SEP_ PragmaIsValid=1_XLX_SEP_ PragmaType=interface_XLX_SEP_ PragmaContext=_XLX_SEP_ PragmaFunction=compress_XLX_SEP_ PragmaOptions=s_axilite register port=counter bundle=ctrl_XLX_SEP_ [-Wdump-hls-pragmas]
#pragma HLS INTERFACE s_axilite register port=counter bundle=ctrl
        ^
C:/hls_projects/compress/compress.cpp:68:9: warning: HLS pragma dump _XLX_SEP_ PragmaIsValid=1_XLX_SEP_ PragmaType=interface_XLX_SEP_ PragmaContext=_XLX_SEP_ PragmaFunction=compress_XLX_SEP_ PragmaOptions=s_axilite register port=block_len bundle=ctrl_XLX_SEP_ [-Wdump-hls-pragmas]
#pragma HLS INTERFACE s_axilite register port=block_len bundle=ctrl
        ^
C:/hls_projects/compress/compress.cpp:70:9: warning: HLS pragma dump _XLX_SEP_ PragmaIsValid=1_XLX_SEP_ PragmaType=interface_XLX_SEP_ PragmaContext=_XLX_SEP_ PragmaFunction=compress_XLX_SEP_ PragmaOptions=s_axilite register port=flags bundle=ctrl_XLX_SEP_ [-Wdump-hls-pragmas]
#pragma HLS INTERFACE s_axilite register port=flags bundle=ctrl
        ^
C:/hls_projects/compress/compress.cpp:72:9: warning: HLS pragma dump _XLX_SEP_ PragmaIsValid=1_XLX_SEP_ PragmaType=interface_XLX_SEP_ PragmaContext=_XLX_SEP_ PragmaFunction=compress_XLX_SEP_ PragmaOptions=m_axi port=out offset=slave bundle=data2_XLX_SEP_ [-Wdump-hls-pragmas]
#pragma HLS INTERFACE m_axi port=out offset=slave bundle=data2
        ^
C:/hls_projects/compress/compress.cpp:73:9: warning: HLS pragma dump _XLX_SEP_ PragmaIsValid=1_XLX_SEP_ PragmaType=interface_XLX_SEP_ PragmaContext=_XLX_SEP_ PragmaFunction=compress_XLX_SEP_ PragmaOptions=s_axilite register port=out bundle=ctrl_XLX_SEP_ [-Wdump-hls-pragmas]
#pragma HLS INTERFACE s_axilite register port=out bundle=ctrl
        ^
C:/hls_projects/compress/compress.cpp:75:9: warning: HLS pragma dump _XLX_SEP_ PragmaIsValid=1_XLX_SEP_ PragmaType=interface_XLX_SEP_ PragmaContext=_XLX_SEP_ PragmaFunction=compress_XLX_SEP_ PragmaOptions=s_axilite register port=return bundle=ctrl_XLX_SEP_ [-Wdump-hls-pragmas]
#pragma HLS INTERFACE s_axilite register port=return bundle=ctrl
        ^
C:/hls_projects/compress/compress.cpp:97:9: warning: HLS pragma dump _XLX_SEP_ PragmaIsValid=1_XLX_SEP_ PragmaType=unroll_XLX_SEP_ PragmaContext=_XLX_SEP_ PragmaFunction=compress_XLX_SEP_ PragmaOptions=factor=16_XLX_SEP_ [-Wdump-hls-pragmas]
#pragma HLS UNROLL factor=16
        ^
C:/hls_projects/compress/compress.cpp:116:9: warning: HLS pragma dump _XLX_SEP_ PragmaIsValid=1_XLX_SEP_ PragmaType=unroll_XLX_SEP_ PragmaContext=_XLX_SEP_ PragmaFunction=compress_XLX_SEP_ PragmaOptions=_XLX_SEP_ [-Wdump-hls-pragmas]
#pragma HLS UNROLL
        ^
C:/hls_projects/compress/compress.cpp:123:9: warning: HLS pragma dump _XLX_SEP_ PragmaIsValid=1_XLX_SEP_ PragmaType=unroll_XLX_SEP_ PragmaContext=_XLX_SEP_ PragmaFunction=compress_XLX_SEP_ PragmaOptions=factor=16_XLX_SEP_ [-Wdump-hls-pragmas]
#pragma HLS UNROLL factor=16
        ^
18 warnings generated.
